#
# There is insufficient memory for the Java Runtime Environment to continue.
# Native memory allocation (mmap) failed to map 2122317824 bytes for G1 virtual space
# Possible reasons:
#   The system is out of physical RAM or swap space
#   The process is running with CompressedOops enabled, and the Java Heap may be blocking the growth of the native heap
# Possible solutions:
#   Reduce memory load on the system
#   Increase physical memory or swap space
#   Check if swap backing store is full
#   Decrease Java heap size (-Xmx/-Xms)
#   Decrease number of Java threads
#   Decrease Java thread stack sizes (-Xss)
#   Set larger code cache with -XX:ReservedCodeCacheSize=
#   JVM is running with Zero Based Compressed Oops mode in which the Java heap is
#     placed in the first 32GB address space. The Java Heap base address is the
#     maximum limit for the native heap growth. Please use -XX:HeapBaseMinAddress
#     to set the Java Heap base and to place the Java Heap above 32GB virtual address.
# This output file may be truncated or incomplete.
#
#  Out of Memory Error (os_windows.cpp:3532), pid=10652, tid=1512
#
# JRE version:  (17.0.2+8) (build )
# Java VM: OpenJDK 64-Bit Server VM (17.0.2+8, mixed mode, sharing, tiered, compressed oops, compressed class ptrs, g1 gc, windows-amd64)
# No core dump will be written. Minidumps are not enabled by default on client versions of Windows
#

---------------  S U M M A R Y ------------

Command Line: -Xmx4048M -Xms2024M -Xss2024k -Dgwt.persistentunitcache=false com.google.gwt.dev.Compiler -logLevel INFO -style OBF -war C:\Users\Hp\git\APMIS-Rebuild\sormas-widgetset\target\classes\VAADIN\widgetsets -localWorkers 4 -failOnError -XfragmentCount -1 -sourceLevel auto -optimize 9 -gen C:\Users\Hp\git\APMIS-Rebuild\sormas-widgetset\target\.generated de.symeda.sormas.SormasWidgetset

Host: Intel(R) Core(TM) i5-7300U CPU @ 2.60GHz, 4 cores, 15G,  Windows 10 , 64 bit Build 21996 (10.0.21996.1)
Time: Tue Mar 21 16:58:59 2023 GMT Standard Time elapsed time: 0.014221 seconds (0d 0h 0m 0s)

---------------  T H R E A D  ---------------

Current thread (0x000001ecbc1daf20):  JavaThread "Unknown thread" [_thread_in_vm, id=1512, stack(0x0000007f5bf00000,0x0000007f5c100000)]

Stack: [0x0000007f5bf00000,0x0000007f5c100000]
Native frames: (J=compiled Java code, j=interpreted, Vv=VM code, C=native code)
V  [jvm.dll+0x67564a]
V  [jvm.dll+0x82fc04]
V  [jvm.dll+0x8313ae]
V  [jvm.dll+0x831a13]
V  [jvm.dll+0x245235]
V  [jvm.dll+0x672539]
V  [jvm.dll+0x666e82]
V  [jvm.dll+0x30401b]
V  [jvm.dll+0x30b566]
V  [jvm.dll+0x35b1fe]
V  [jvm.dll+0x35b42f]
V  [jvm.dll+0x2daf58]
V  [jvm.dll+0x2dbec4]
V  [jvm.dll+0x801881]
V  [jvm.dll+0x368f81]
V  [jvm.dll+0x7e0cdc]
V  [jvm.dll+0x3eb8bf]
V  [jvm.dll+0x3ed441]
C  [jli.dll+0x5277]
C  [ucrtbase.dll+0x26c0c]
C  [KERNEL32.DLL+0x154e0]
C  [ntdll.dll+0x485b]


---------------  P R O C E S S  ---------------

Threads class SMR info:
_java_thread_list=0x00007ffee3915e98, length=0, elements={
}

Java Threads: ( => current thread )

Other Threads:
  0x000001ecbc228a70 GCTaskThread "GC Thread#0" [stack: 0x0000007f5c100000,0x0000007f5c200000] [id=11992]
  0x000001ecbc2395c0 ConcurrentGCThread "G1 Main Marker" [stack: 0x0000007f5c200000,0x0000007f5c300000] [id=10896]
  0x000001ecbc23a610 ConcurrentGCThread "G1 Conc#0" [stack: 0x0000007f5c300000,0x0000007f5c400000] [id=2156]

[error occurred during error reporting (printing all threads), id 0xc0000005, EXCEPTION_ACCESS_VIOLATION (0xc0000005) at pc=0x00007ffee30eb9d7]

VM state: not at safepoint (not fully initialized)

VM Mutex/Monitor currently owned by a thread:  ([mutex/lock_event])
[0x000001ecbc1d53f0] Heap_lock - owner thread: 0x000001ecbc1daf20

Heap address: 0x0000000703000000, size: 4048 MB, Compressed Oops mode: Zero based, Oop shift amount: 3

CDS archive(s) mapped at: [0x0000000000000000-0x0000000000000000-0x0000000000000000), size 0, SharedBaseAddress: 0x0000000800000000, ArchiveRelocationMode: 0.
Narrow klass base: 0x0000000000000000, Narrow klass shift: 0, Narrow klass range: 0x0

GC Precious Log:
<Empty>

Heap:
 garbage-first heap   total 0K, used 0K [0x0000000703000000, 0x0000000800000000)
  region size 2048K, 0 young (0K), 0 survivors (0K)

[error occurred during error reporting (printing heap information), id 0xc0000005, EXCEPTION_ACCESS_VIOLATION (0xc0000005) at pc=0x00007ffee34ce899]

GC Heap History (0 events):
No events

Deoptimization events (0 events):
No events

Classes unloaded (0 events):
No events

Classes redefined (0 events):
No events

Internal exceptions (0 events):
No events

VM Operations (0 events):
No events

Events (1 events):
Event: 0.009 Loaded shared library C:\Program Files\eclipse\plugins\org.eclipse.justj.openjdk.hotspot.jre.full.win32.x86_64_17.0.2.v20220201-1208\jre\bin\java.dll


Dynamic libraries:
0x00007ff7fcc90000 - 0x00007ff7fcc9e000 	C:\Program Files\eclipse\plugins\org.eclipse.justj.openjdk.hotspot.jre.full.win32.x86_64_17.0.2.v20220201-1208\jre\bin\java.exe
0x00007fff25200000 - 0x00007fff25407000 	C:\Windows\SYSTEM32\ntdll.dll
0x00007fff23f30000 - 0x00007fff23fed000 	C:\Windows\System32\KERNEL32.DLL
0x00007fff22b10000 - 0x00007fff22e82000 	C:\Windows\System32\KERNELBASE.dll
0x00007fff22e90000 - 0x00007fff22fa1000 	C:\Windows\System32\ucrtbase.dll
0x00007fff00c90000 - 0x00007fff00ca8000 	C:\Program Files\eclipse\plugins\org.eclipse.justj.openjdk.hotspot.jre.full.win32.x86_64_17.0.2.v20220201-1208\jre\bin\jli.dll
0x00007fff033d0000 - 0x00007fff033e9000 	C:\Program Files\eclipse\plugins\org.eclipse.justj.openjdk.hotspot.jre.full.win32.x86_64_17.0.2.v20220201-1208\jre\bin\VCRUNTIME140.dll
0x00007fff23d70000 - 0x00007fff23f1c000 	C:\Windows\System32\USER32.dll
0x00007fff228f0000 - 0x00007fff22916000 	C:\Windows\System32\win32u.dll
0x00007fff0f290000 - 0x00007fff0f535000 	C:\Windows\WinSxS\amd64_microsoft.windows.common-controls_6595b64144ccf1df_6.0.21996.1_none_7d6b053978bcd706\COMCTL32.dll
0x00007fff24920000 - 0x00007fff24949000 	C:\Windows\System32\GDI32.dll
0x00007fff24ed0000 - 0x00007fff24f73000 	C:\Windows\System32\msvcrt.dll
0x00007fff22fb0000 - 0x00007fff230c2000 	C:\Windows\System32\gdi32full.dll
0x00007fff22850000 - 0x00007fff228ed000 	C:\Windows\System32\msvcp_win.dll
0x00007fff25160000 - 0x00007fff25191000 	C:\Windows\System32\IMM32.DLL
0x00007fff1af60000 - 0x00007fff1af6c000 	C:\Program Files\eclipse\plugins\org.eclipse.justj.openjdk.hotspot.jre.full.win32.x86_64_17.0.2.v20220201-1208\jre\bin\vcruntime140_1.dll
0x00007ffefaf30000 - 0x00007ffefafc1000 	C:\Program Files\eclipse\plugins\org.eclipse.justj.openjdk.hotspot.jre.full.win32.x86_64_17.0.2.v20220201-1208\jre\bin\msvcp140.dll
0x00007ffee2e00000 - 0x00007ffee3a47000 	C:\Program Files\eclipse\plugins\org.eclipse.justj.openjdk.hotspot.jre.full.win32.x86_64_17.0.2.v20220201-1208\jre\bin\server\jvm.dll
0x00007fff24f80000 - 0x00007fff2502c000 	C:\Windows\System32\ADVAPI32.dll
0x00007fff24dc0000 - 0x00007fff24e5d000 	C:\Windows\System32\sechost.dll
0x00007fff23850000 - 0x00007fff23971000 	C:\Windows\System32\RPCRT4.dll
0x00007fff23f20000 - 0x00007fff23f28000 	C:\Windows\System32\PSAPI.DLL
0x00007ffefa840000 - 0x00007ffefa849000 	C:\Windows\SYSTEM32\WSOCK32.dll
0x00007fff23c90000 - 0x00007fff23cff000 	C:\Windows\System32\WS2_32.dll
0x00007fff18160000 - 0x00007fff18193000 	C:\Windows\SYSTEM32\WINMM.dll
0x00007fff16890000 - 0x00007fff1689a000 	C:\Windows\SYSTEM32\VERSION.dll
0x00007fff21810000 - 0x00007fff21827000 	C:\Windows\SYSTEM32\kernel.appcore.dll
0x00007fff1af30000 - 0x00007fff1af3a000 	C:\Program Files\eclipse\plugins\org.eclipse.justj.openjdk.hotspot.jre.full.win32.x86_64_17.0.2.v20220201-1208\jre\bin\jimage.dll
0x00007fff1cb20000 - 0x00007fff1cd41000 	C:\Windows\SYSTEM32\DBGHELP.DLL
0x00007fff08820000 - 0x00007fff08851000 	C:\Windows\SYSTEM32\dbgcore.DLL
0x00007fff22920000 - 0x00007fff229a0000 	C:\Windows\System32\bcryptPrimitives.dll
0x00007fff0ef60000 - 0x00007fff0ef85000 	C:\Program Files\eclipse\plugins\org.eclipse.justj.openjdk.hotspot.jre.full.win32.x86_64_17.0.2.v20220201-1208\jre\bin\java.dll

dbghelp: loaded successfully - version: 4.0.5 - missing functions: none
symbol engine: initialized successfully - sym options: 0x614 - pdb path: .;C:\Program Files\eclipse\plugins\org.eclipse.justj.openjdk.hotspot.jre.full.win32.x86_64_17.0.2.v20220201-1208\jre\bin;C:\Windows\SYSTEM32;C:\Windows\WinSxS\amd64_microsoft.windows.common-controls_6595b64144ccf1df_6.0.21996.1_none_7d6b053978bcd706;C:\Program Files\eclipse\plugins\org.eclipse.justj.openjdk.hotspot.jre.full.win32.x86_64_17.0.2.v20220201-1208\jre\bin\server

VM Arguments:
jvm_args: -Xmx4048M -Xms2024M -Xss2024k -Dgwt.persistentunitcache=false 
java_command: com.google.gwt.dev.Compiler -logLevel INFO -style OBF -war C:\Users\Hp\git\APMIS-Rebuild\sormas-widgetset\target\classes\VAADIN\widgetsets -localWorkers 4 -failOnError -XfragmentCount -1 -sourceLevel auto -optimize 9 -gen C:\Users\Hp\git\APMIS-Rebuild\sormas-widgetset\target\.generated de.symeda.sormas.SormasWidgetset
java_class_path (initial): C:\Users\Hp\git\APMIS-Rebuild\sormas-widgetset\target\classes;C:\Users\Hp\git\APMIS-Rebuild\sormas-widgetset\src\main\java;C:\Users\Hp\.m2\repository\com\vaadin\vaadin-compatibility-client\8.13.1\vaadin-compatibility-client-8.13.1.jar;C:\Users\Hp\.m2\repository\com\vaadin\vaadin-client\8.13.1\vaadin-client-8.13.1.jar;C:\Users\Hp\.m2\repository\com\vaadin\vaadin-shared\8.13.1\vaadin-shared-8.13.1.jar;C:\Users\Hp\.m2\repository\com\google\gwt\gwt-elemental\2.8.2\gwt-elemental-2.8.2.jar;C:\Users\Hp\.m2\repository\com\google\gwt\gwt-user\2.8.2\gwt-user-2.8.2.jar;C:\Users\Hp\.m2\repository\com\google\jsinterop\jsinterop-annotations\1.0.2\jsinterop-annotations-1.0.2.jar;C:\Users\Hp\.m2\repository\com\google\jsinterop\jsinterop-annotations\1.0.2\jsinterop-annotations-1.0.2-sources.jar;C:\Users\Hp\.m2\repository\javax\validation\validation-api\2.0.1.Final\validation-api-2.0.1.Final.jar;C:\Users\Hp\.m2\repository\javax\validation\validation-api\1.0.0.GA\validation-api-1.0.0.GA-sources.jar;C:\Users\Hp\.m2\repository\com\vaadin\vaadin-compatibility-server\8.13.1\vaadin-compatibility-server-8.13.1.jar;C:\Users\Hp\.m2\repository\com\vaadin\vaadin-compatibility-shared\8.13.1\vaadin-compatibility-shared-8.13.1.jar;C:\Users\Hp\.m2\repository\com\vaadin\vaadin-client-compiler\8.13.1\vaadin-client-compiler-8.13.1.jar;C:\Users\Hp\.m2\repository\com\google\gwt\gwt-dev\2.8.2\gwt-dev-2.8.2.jar;C:\Users\Hp\.m2\repository\com\google\code\findbugs\jsr305\1.3.9\jsr305-1.3.9.jar;C:\Users\Hp\.m2\repository\com\google\code\gson\gson\2.6.2\gson-2.6.2.jar;C:\Users\Hp\.m2\repository\org\ow2\asm\asm\5.0.3\asm-5.0.3.jar;C:\Users\Hp\.m2\repository\org\ow2\asm\asm-util\5.0.3\asm-util-5.0.3.jar;C:\Users\Hp\.m2\repository\org\ow2\asm\asm-tree\5.0.3\asm-tree-5.0.3.jar;C:\Users\Hp\.m2\repository\org\ow2\asm\asm-commons\5.0.3\asm-commons-5.0.3.jar;C:\Users\Hp\.m2\repository\colt\colt\1.2.0\colt-1.2.0.jar;C:\Users\Hp\.m2\repository\ant\ant\1.6.5\ant-1.6.5.jar;C:\Users\Hp\.m2\rep
Launcher Type: SUN_STANDARD

[Global flags]
     intx CICompilerCount                          = 3                                         {product} {ergonomic}
     uint ConcGCThreads                            = 1                                         {product} {ergonomic}
     uint G1ConcRefinementThreads                  = 4                                         {product} {ergonomic}
   size_t G1HeapRegionSize                         = 2097152                                   {product} {ergonomic}
    uintx GCDrainStackTargetSize                   = 64                                        {product} {ergonomic}
   size_t InitialHeapSize                          = 2122317824                                {product} {command line}
   size_t MarkStackSize                            = 4194304                                   {product} {ergonomic}
   size_t MaxHeapSize                              = 4244635648                                {product} {command line}
   size_t MinHeapDeltaBytes                        = 2097152                                   {product} {ergonomic}
   size_t MinHeapSize                              = 2122317824                                {product} {command line}
    uintx NonNMethodCodeHeapSize                   = 5832780                                {pd product} {ergonomic}
    uintx NonProfiledCodeHeapSize                  = 122912730                              {pd product} {ergonomic}
    uintx ProfiledCodeHeapSize                     = 122912730                              {pd product} {ergonomic}
    uintx ReservedCodeCacheSize                    = 251658240                              {pd product} {ergonomic}
     bool SegmentedCodeCache                       = true                                      {product} {ergonomic}
   size_t SoftMaxHeapSize                          = 4244635648                             {manageable} {ergonomic}
     intx ThreadStackSize                          = 2024                                   {pd product} {command line}
     bool UseCompressedClassPointers               = true                           {product lp64_product} {ergonomic}
     bool UseCompressedOops                        = true                           {product lp64_product} {ergonomic}
     bool UseG1GC                                  = true                                      {product} {ergonomic}
     bool UseLargePagesIndividualAllocation        = false                                  {pd product} {ergonomic}

Logging:
Log output configuration:
 #0: stdout all=warning uptime,level,tags
 #1: stderr all=off uptime,level,tags

Environment Variables:
JAVA_HOME=C:\Program Files\Java\jdk-11.0.15
CLASSPATH=C:\Users\Hp\git\APMIS-Rebuild\sormas-widgetset\target\classes;C:\Users\Hp\git\APMIS-Rebuild\sormas-widgetset\src\main\java;C:\Users\Hp\.m2\repository\com\vaadin\vaadin-compatibility-client\8.13.1\vaadin-compatibility-client-8.13.1.jar;C:\Users\Hp\.m2\repository\com\vaadin\vaadin-client\8.13.1\vaadin-client-8.13.1.jar;C:\Users\Hp\.m2\repository\com\vaadin\vaadin-shared\8.13.1\vaadin-shared-8.13.1.jar;C:\Users\Hp\.m2\repository\com\google\gwt\gwt-elemental\2.8.2\gwt-elemental-2.8.2.jar;C:\Users\Hp\.m2\repository\com\google\gwt\gwt-user\2.8.2\gwt-user-2.8.2.jar;C:\Users\Hp\.m2\repository\com\google\jsinterop\jsinterop-annotations\1.0.2\jsinterop-annotations-1.0.2.jar;C:\Users\Hp\.m2\repository\com\google\jsinterop\jsinterop-annotations\1.0.2\jsinterop-annotations-1.0.2-sources.jar;C:\Users\Hp\.m2\repository\javax\validation\validation-api\2.0.1.Final\validation-api-2.0.1.Final.jar;C:\Users\Hp\.m2\repository\javax\validation\validation-api\1.0.0.GA\validation-api-1.0.0.GA-sources.jar;C:\Users\Hp\.m2\repository\com\vaadin\vaadin-compatibility-server\8.13.1\vaadin-compatibility-server-8.13.1.jar;C:\Users\Hp\.m2\repository\com\vaadin\vaadin-compatibility-shared\8.13.1\vaadin-compatibility-shared-8.13.1.jar;C:\Users\Hp\.m2\repository\com\vaadin\vaadin-client-compiler\8.13.1\vaadin-client-compiler-8.13.1.jar;C:\Users\Hp\.m2\repository\com\google\gwt\gwt-dev\2.8.2\gwt-dev-2.8.2.jar;C:\Users\Hp\.m2\repository\com\google\code\findbugs\jsr305\1.3.9\jsr305-1.3.9.jar;C:\Users\Hp\.m2\repository\com\google\code\gson\gson\2.6.2\gson-2.6.2.jar;C:\Users\Hp\.m2\repository\org\ow2\asm\asm\5.0.3\asm-5.0.3.jar;C:\Users\Hp\.m2\repository\org\ow2\asm\asm-util\5.0.3\asm-util-5.0.3.jar;C:\Users\Hp\.m2\repository\org\ow2\asm\asm-tree\5.0.3\asm-tree-5.0.3.jar;C:\Users\Hp\.m2\repository\org\ow2\asm\asm-commons\5.0.3\asm-commons-5.0.3.jar;C:\Users\Hp\.m2\repository\colt\colt\1.2.0\colt-1.2.0.jar;C:\Users\Hp\.m2\repository\ant\ant\1.6.5\ant-1.6.5.jar;C:\Users\Hp\.m2\repository\commons-collections
PATH=C:/Program Files/eclipse//plugins/org.eclipse.justj.openjdk.hotspot.jre.full.win32.x86_64_17.0.2.v20220201-1208/jre/bin/server;C:/Program Files/eclipse//plugins/org.eclipse.justj.openjdk.hotspot.jre.full.win32.x86_64_17.0.2.v20220201-1208/jre/bin;C:\Python310\Scripts\;C:\Python310\;C:\Program Files\Common Files\Oracle\Java\javapath;C:\Windows\system32;C:\Windows;C:\Windows\System32\Wbem;C:\Windows\System32\WindowsPowerShell\v1.0\;C:\Windows\System32\OpenSSH\;C:\Program Files\Git\cmd;C:\ProgramData\chocolatey\bin;C:\Program Files\nodejs\;C:\Program Files\apache-maven-3.8.5\bin;C:\Program Files\PuTTY\;C:\Program Files\PostgreSQL\10\bin;C:\Program Files\Docker\Docker\resources\bin;C:\ProgramData\DockerDesktop\version-bin;C:\Program Files\Kubernetes\kubectl.exe;C:\Program Files\Kubernetes\Minikube\;C:\c\flutter\bin;C:\Program Files\Amazon\AWSCLIV2\;C:\c\UnxUtils\bin\sh.exe;\home\iyanuu\.local\bin;C:\Users\Hp\AppData\Local\Microsoft\WindowsApps;;C:\Users\Hp\AppData\Local\Programs\Microsoft VS Code\bin;C:\Users\Hp\AppData\Roaming\npm;C:\Program Files\eclipse;
USERNAME=Hp
OS=Windows_NT
PROCESSOR_IDENTIFIER=Intel64 Family 6 Model 142 Stepping 9, GenuineIntel



---------------  S Y S T E M  ---------------

OS:
 Windows 10 , 64 bit Build 21996 (10.0.21996.1)
OS uptime: 2 days 0:35 hours
Hyper-V role detected

CPU: total 4 (initial active 4) (2 cores per cpu, 2 threads per core) family 6 model 142 stepping 9 microcode 0xf0, cx8, cmov, fxsr, ht, mmx, 3dnowpref, sse, sse2, sse3, ssse3, sse4.1, sse4.2, popcnt, lzcnt, tsc, tscinvbit, avx, avx2, aes, erms, clmul, bmi1, bmi2, rtm, adx, fma, vzeroupper, clflush, clflushopt, hv

Memory: 4k page, system-wide physical 16259M (2447M free)
TotalPageFile size 16259M (AvailPageFile size 1777M)
current process WorkingSet (physical memory assigned to process): 10M, peak: 10M
current process commit charge ("private bytes"): 51M, peak: 2075M

vm_info: OpenJDK 64-Bit Server VM (17.0.2+8) for windows-amd64 JRE (17.0.2+8), built on Jan 20 2022 04:52:34 by "" with MS VC++ 16.7 (VS2019)

END.
