#
# There is insufficient memory for the Java Runtime Environment to continue.
# Native memory allocation (malloc) failed to allocate 1278416 bytes for Chunk::new
# Possible reasons:
#   The system is out of physical RAM or swap space
#   The process is running with CompressedOops enabled, and the Java Heap may be blocking the growth of the native heap
# Possible solutions:
#   Reduce memory load on the system
#   Increase physical memory or swap space
#   Check if swap backing store is full
#   Decrease Java heap size (-Xmx/-Xms)
#   Decrease number of Java threads
#   Decrease Java thread stack sizes (-Xss)
#   Set larger code cache with -XX:ReservedCodeCacheSize=
#   JVM is running with Unscaled Compressed Oops mode in which the Java heap is
#     placed in the first 4GB address space. The Java Heap base address is the
#     maximum limit for the native heap growth. Please use -XX:HeapBaseMinAddress
#     to set the Java Heap base and to place the Java Heap above 4GB virtual address.
# This output file may be truncated or incomplete.
#
#  Out of Memory Error (./src/hotspot/share/memory/arena.cpp:197), pid=18332, tid=17784
#
# JRE version: OpenJDK Runtime Environment (11.0.13) (build 11.0.13+0-b1751.21-8125866)
# Java VM: OpenJDK 64-Bit Server VM (11.0.13+0-b1751.21-8125866, mixed mode, tiered, compressed oops, g1 gc, windows-amd64)
# No core dump will be written. Minidumps are not enabled by default on client versions of Windows
#

---------------  S U M M A R Y ------------

Command Line: -XX:MaxPermSize=512m -XX:+HeapDumpOnOutOfMemoryError --add-opens=java.base/java.util=ALL-UNNAMED --add-opens=java.base/java.lang=ALL-UNNAMED --add-opens=java.base/java.lang.invoke=ALL-UNNAMED --add-opens=java.base/java.util=ALL-UNNAMED --add-opens=java.prefs/java.util.prefs=ALL-UNNAMED --add-opens=java.prefs/java.util.prefs=ALL-UNNAMED --add-opens=java.base/java.nio.charset=ALL-UNNAMED --add-opens=java.base/java.net=ALL-UNNAMED --add-opens=java.base/java.util.concurrent.atomic=ALL-UNNAMED -Xmx2048m -Dfile.encoding=UTF-8 -Duser.country=GB -Duser.language=en -Duser.variant org.gradle.launcher.daemon.bootstrap.GradleDaemon 7.2

Host: Intel(R) Core(TM) i7-8650U CPU @ 1.90GHz, 8 cores, 15G,  Windows 10 , 64 bit Build 19041 (10.0.19041.3031)
Time: Thu Sep 28 17:21:48 2023 W. Central Africa Standard Time elapsed time: 55.710619 seconds (0d 0h 0m 55s)

---------------  T H R E A D  ---------------

Current thread (0x00000183f2324800):  JavaThread "C2 CompilerThread2" daemon [_thread_in_native, id=17784, stack(0x00000004f7300000,0x00000004f7400000)]


Current CompileTask:
C2:  55710 12643       4       java.lang.reflect.Constructor::newInstance (76 bytes)

Stack: [0x00000004f7300000,0x00000004f7400000]
Native frames: (J=compiled Java code, j=interpreted, Vv=VM code, C=native code)
V  [jvm.dll+0x6100fa]
V  [jvm.dll+0x747090]
V  [jvm.dll+0x7486ad]
V  [jvm.dll+0x748d83]
V  [jvm.dll+0x24ab48]
V  [jvm.dll+0xc04dc]
V  [jvm.dll+0xc0a0c]
V  [jvm.dll+0x35eb9d]
V  [jvm.dll+0x19d7bc]
V  [jvm.dll+0x2033be]
V  [jvm.dll+0x202437]
V  [jvm.dll+0x188e01]
V  [jvm.dll+0x21106b]
V  [jvm.dll+0x20f8c1]
V  [jvm.dll+0x70de0f]
V  [jvm.dll+0x706a75]
V  [jvm.dll+0x60ed66]
C  [ucrtbase.dll+0x21bb2]
C  [KERNEL32.DLL+0x17614]
C  [ntdll.dll+0x526f1]


---------------  P R O C E S S  ---------------

Threads class SMR info:
_java_thread_list=0x00000183f5449fb0, length=133, elements={
0x00000183d2cf0000, 0x00000183ef992000, 0x00000183ef99f800, 0x00000183ef9f5000,
0x00000183ef9f6000, 0x00000183ef9fa000, 0x00000183ef9fd000, 0x00000183ef9fe800,
0x00000183efa08000, 0x00000183efb6c800, 0x00000183f1c0f800, 0x00000183f348c800,
0x00000183f19fb800, 0x00000183f2b9b800, 0x00000183f1887800, 0x00000183f13b3800,
0x00000183f13b4800, 0x00000183f1916000, 0x00000183efb89800, 0x00000183f1adb000,
0x00000183efe7b800, 0x00000183efe7a000, 0x00000183efe7c800, 0x00000183efe78800,
0x00000183efe7e000, 0x00000183efe79000, 0x00000183efe7f000, 0x00000183efe7b000,
0x00000183efe7d000, 0x00000183f3231000, 0x00000183f3233000, 0x00000183f3235800,
0x00000183f3236800, 0x00000183f323a000, 0x00000183f323b800, 0x00000183f323a800,
0x00000183f323d000, 0x00000183f323e000, 0x00000183f3238000, 0x00000183f323e800,
0x00000183f3239000, 0x00000183f323f800, 0x00000183f31a0800, 0x00000183f319c800,
0x00000183f319d800, 0x00000183f319e000, 0x00000183f31a0000, 0x00000183f319f000,
0x00000183f319b000, 0x00000183f31a1800, 0x00000183f319b800, 0x00000183f31a4000,
0x00000183f31a6800, 0x00000183f31a7000, 0x00000183f31a4800, 0x00000183f31a8000,
0x00000183f31a5800, 0x00000183f31a3000, 0x00000183f31a2000, 0x00000183f31a8800,
0x00000183f31a9800, 0x00000183f6b8c800, 0x00000183f6b91800, 0x00000183f6b93000,
0x00000183f6b8d800, 0x00000183f6b92800, 0x00000183f6b91000, 0x00000183f6b94000,
0x00000183f6b8e800, 0x00000183f6b8f000, 0x00000183f6b95000, 0x00000183f6b90000,
0x00000183f6b97800, 0x00000183f6b96800, 0x00000183f6b9a000, 0x00000183f6b99000,
0x00000183f6b95800, 0x00000183f6b9a800, 0x00000183f6b98000, 0x00000183f6b9b800,
0x00000183f4bf9000, 0x00000183f4bfd000, 0x00000183f4bfc800, 0x00000183f4bfa800,
0x00000183f4bfa000, 0x00000183f4bfe000, 0x00000183f4bf8800, 0x00000183f4c01800,
0x00000183f4bff000, 0x00000183f4bfb800, 0x00000183f4bff800, 0x00000183f4c04800,
0x00000183f4c03000, 0x00000183f4c05800, 0x00000183f4c03800, 0x00000183f4c06000,
0x00000183f4c00800, 0x00000183f4c07000, 0x00000183f4c02000, 0x00000183f4d97000,
0x00000183f4d96000, 0x00000183f4d99800, 0x00000183f4d97800, 0x00000183f4d98800,
0x00000183f4d93800, 0x00000183f4d9a000, 0x00000183f4d94800, 0x00000183f4d95000,
0x00000183f4d9e000, 0x00000183f4d9d800, 0x00000183f4d9f000, 0x00000183f4da0000,
0x00000183f4da0800, 0x00000183f4d9b000, 0x00000183f4da1800, 0x00000183f4d9c800,
0x00000183f4d9b800, 0x00000183f4da2800, 0x00000183f6a82000, 0x00000183f6a7e800,
0x00000183f6a80800, 0x00000183f6a81000, 0x00000183f6a7c800, 0x00000183f6a7d000,
0x00000183f6a85800, 0x00000183f6a7f800, 0x00000183f6a84800, 0x00000183f6a88800,
0x00000183f6a87000, 0x00000183f6a87800, 0x00000183f6a83000, 0x00000183f2322000,
0x00000183f2324800
}

Java Threads: ( => current thread )
  0x00000183d2cf0000 JavaThread "main" [_thread_blocked, id=4472, stack(0x00000004eda00000,0x00000004edb00000)]
  0x00000183ef992000 JavaThread "Reference Handler" daemon [_thread_blocked, id=3672, stack(0x00000004ee100000,0x00000004ee200000)]
  0x00000183ef99f800 JavaThread "Finalizer" daemon [_thread_blocked, id=2472, stack(0x00000004ee200000,0x00000004ee300000)]
  0x00000183ef9f5000 JavaThread "Signal Dispatcher" daemon [_thread_blocked, id=5268, stack(0x00000004ee300000,0x00000004ee400000)]
  0x00000183ef9f6000 JavaThread "Attach Listener" daemon [_thread_blocked, id=18748, stack(0x00000004ee400000,0x00000004ee500000)]
  0x00000183ef9fa000 JavaThread "Service Thread" daemon [_thread_blocked, id=15156, stack(0x00000004ee500000,0x00000004ee600000)]
  0x00000183ef9fd000 JavaThread "C2 CompilerThread0" daemon [_thread_in_native, id=1108, stack(0x00000004ee600000,0x00000004ee700000)]
  0x00000183ef9fe800 JavaThread "C1 CompilerThread0" daemon [_thread_blocked, id=18984, stack(0x00000004ee700000,0x00000004ee800000)]
  0x00000183efa08000 JavaThread "Sweeper thread" daemon [_thread_blocked, id=1792, stack(0x00000004ee800000,0x00000004ee900000)]
  0x00000183efb6c800 JavaThread "Common-Cleaner" daemon [_thread_blocked, id=3628, stack(0x00000004ee900000,0x00000004eea00000)]
  0x00000183f1c0f800 JavaThread "Daemon health stats" [_thread_blocked, id=12220, stack(0x00000004ef200000,0x00000004ef300000)]
  0x00000183f348c800 JavaThread "Incoming local TCP Connector on port 54458" [_thread_in_native, id=5372, stack(0x00000004eeb00000,0x00000004eec00000)]
  0x00000183f19fb800 JavaThread "Daemon periodic checks" [_thread_blocked, id=6580, stack(0x00000004ef100000,0x00000004ef200000)]
  0x00000183f2b9b800 JavaThread "Daemon" [_thread_blocked, id=1456, stack(0x00000004ef300000,0x00000004ef400000)]
  0x00000183f1887800 JavaThread "Handler for socket connection from /127.0.0.1:54458 to /127.0.0.1:54459" [_thread_in_native, id=1140, stack(0x00000004ef400000,0x00000004ef500000)]
  0x00000183f13b3800 JavaThread "Cancel handler" [_thread_blocked, id=11276, stack(0x00000004ef500000,0x00000004ef600000)]
  0x00000183f13b4800 JavaThread "Daemon worker" [_thread_blocked, id=15152, stack(0x00000004ef600000,0x00000004ef700000)]
  0x00000183f1916000 JavaThread "Asynchronous log dispatcher for DefaultDaemonConnection: socket connection from /127.0.0.1:54458 to /127.0.0.1:54459" [_thread_blocked, id=13260, stack(0x00000004ef800000,0x00000004ef900000)]
  0x00000183efb89800 JavaThread "Stdin handler" [_thread_blocked, id=4636, stack(0x00000004ef900000,0x00000004efa00000)]
  0x00000183f1adb000 JavaThread "Daemon client event forwarder" [_thread_blocked, id=18416, stack(0x00000004efa00000,0x00000004efb00000)]
  0x00000183efe7b800 JavaThread "Cache worker for journal cache (C:\Users\A\.gradle\caches\journal-1)" [_thread_blocked, id=16576, stack(0x00000004ef700000,0x00000004ef800000)]
  0x00000183efe7a000 JavaThread "File lock request listener" [_thread_in_native, id=13024, stack(0x00000004efb00000,0x00000004efc00000)]
  0x00000183efe7c800 JavaThread "Cache worker for file hash cache (C:\Users\A\.gradle\caches\7.2\fileHashes)" [_thread_blocked, id=17728, stack(0x00000004efc00000,0x00000004efd00000)]
  0x00000183efe78800 JavaThread "Cache worker for file hash cache (C:\Users\A\git\collaboration trial\APMIS-Project\sormas-app\.gradle\7.2\fileHashes)" [_thread_blocked, id=9456, stack(0x00000004f0100000,0x00000004f0200000)]
  0x00000183efe7e000 JavaThread "File watcher server" daemon [_thread_in_native, id=5196, stack(0x00000004f0300000,0x00000004f0400000)]
  0x00000183efe79000 JavaThread "File watcher consumer" daemon [_thread_blocked, id=6636, stack(0x00000004f0400000,0x00000004f0500000)]
  0x00000183efe7f000 JavaThread "Cache worker for checksums cache (C:\Users\A\git\collaboration trial\APMIS-Project\sormas-app\.gradle\checksums)" [_thread_blocked, id=17516, stack(0x00000004f0500000,0x00000004f0600000)]
  0x00000183efe7b000 JavaThread "Cache worker for cache directory md-supplier (C:\Users\A\.gradle\caches\7.2\md-supplier)" [_thread_blocked, id=10800, stack(0x00000004f0600000,0x00000004f0700000)]
  0x00000183efe7d000 JavaThread "Cache worker for cache directory md-rule (C:\Users\A\.gradle\caches\7.2\md-rule)" [_thread_blocked, id=3692, stack(0x00000004f0200000,0x00000004f0300000)]
  0x00000183f3231000 JavaThread "Cache worker for execution history cache (C:\Users\A\.gradle\caches\7.2\executionHistory)" [_thread_blocked, id=8332, stack(0x00000004f0700000,0x00000004f0800000)]
  0x00000183f3233000 JavaThread "jar transforms" [_thread_blocked, id=16552, stack(0x00000004f0900000,0x00000004f0a00000)]
  0x00000183f3235800 JavaThread "jar transforms Thread 2" [_thread_blocked, id=10380, stack(0x00000004f0a00000,0x00000004f0b00000)]
  0x00000183f3236800 JavaThread "Cache worker for file content cache (C:\Users\A\.gradle\caches\7.2\fileContent)" [_thread_blocked, id=16364, stack(0x00000004f0b00000,0x00000004f0c00000)]
  0x00000183f323a000 JavaThread "Cache worker for dependencies-accessors (C:\Users\A\git\collaboration trial\APMIS-Project\sormas-app\.gradle\7.2\dependencies-accessors)" [_thread_blocked, id=2168, stack(0x00000004f0c00000,0x00000004f0d00000)]
  0x00000183f323b800 JavaThread "jar transforms Thread 3" [_thread_blocked, id=17128, stack(0x00000004f0d00000,0x00000004f0e00000)]
  0x00000183f323a800 JavaThread "Cache worker for Build Output Cleanup Cache (C:\Users\A\git\collaboration trial\APMIS-Project\sormas-app\.gradle\buildOutputCleanup)" [_thread_blocked, id=5812, stack(0x00000004f0e00000,0x00000004f0f00000)]
  0x00000183f323d000 JavaThread "Unconstrained build operations" [_thread_blocked, id=8856, stack(0x00000004f0800000,0x00000004f0900000)]
  0x00000183f323e000 JavaThread "Unconstrained build operations Thread 2" [_thread_blocked, id=19400, stack(0x00000004f0f00000,0x00000004f1000000)]
  0x00000183f3238000 JavaThread "Unconstrained build operations Thread 3" [_thread_blocked, id=10348, stack(0x00000004f1000000,0x00000004f1100000)]
  0x00000183f323e800 JavaThread "Unconstrained build operations Thread 4" [_thread_blocked, id=2968, stack(0x00000004f1100000,0x00000004f1200000)]
  0x00000183f3239000 JavaThread "Unconstrained build operations Thread 5" [_thread_blocked, id=1344, stack(0x00000004f1200000,0x00000004f1300000)]
  0x00000183f323f800 JavaThread "Unconstrained build operations Thread 6" [_thread_blocked, id=2456, stack(0x00000004f1300000,0x00000004f1400000)]
  0x00000183f31a0800 JavaThread "Unconstrained build operations Thread 7" [_thread_blocked, id=9740, stack(0x00000004f1400000,0x00000004f1500000)]
  0x00000183f319c800 JavaThread "Unconstrained build operations Thread 8" [_thread_blocked, id=4396, stack(0x00000004f1500000,0x00000004f1600000)]
  0x00000183f319d800 JavaThread "Unconstrained build operations Thread 9" [_thread_blocked, id=19412, stack(0x00000004f1600000,0x00000004f1700000)]
  0x00000183f319e000 JavaThread "Unconstrained build operations Thread 10" [_thread_blocked, id=17368, stack(0x00000004f1700000,0x00000004f1800000)]
  0x00000183f31a0000 JavaThread "Unconstrained build operations Thread 11" [_thread_blocked, id=8808, stack(0x00000004f1800000,0x00000004f1900000)]
  0x00000183f319f000 JavaThread "Unconstrained build operations Thread 12" [_thread_blocked, id=12248, stack(0x00000004f1900000,0x00000004f1a00000)]
  0x00000183f319b000 JavaThread "Unconstrained build operations Thread 13" [_thread_blocked, id=1764, stack(0x00000004f1a00000,0x00000004f1b00000)]
  0x00000183f31a1800 JavaThread "Unconstrained build operations Thread 14" [_thread_blocked, id=5864, stack(0x00000004f1b00000,0x00000004f1c00000)]
  0x00000183f319b800 JavaThread "Unconstrained build operations Thread 15" [_thread_blocked, id=10708, stack(0x00000004f1c00000,0x00000004f1d00000)]
  0x00000183f31a4000 JavaThread "Unconstrained build operations Thread 16" [_thread_blocked, id=19416, stack(0x00000004f1d00000,0x00000004f1e00000)]
  0x00000183f31a6800 JavaThread "Unconstrained build operations Thread 17" [_thread_blocked, id=13700, stack(0x00000004f1e00000,0x00000004f1f00000)]
  0x00000183f31a7000 JavaThread "Unconstrained build operations Thread 18" [_thread_blocked, id=19116, stack(0x00000004f1f00000,0x00000004f2000000)]
  0x00000183f31a4800 JavaThread "Unconstrained build operations Thread 19" [_thread_blocked, id=10400, stack(0x00000004f2000000,0x00000004f2100000)]
  0x00000183f31a8000 JavaThread "Unconstrained build operations Thread 20" [_thread_blocked, id=14136, stack(0x00000004f2100000,0x00000004f2200000)]
  0x00000183f31a5800 JavaThread "Unconstrained build operations Thread 21" [_thread_blocked, id=15876, stack(0x00000004f2200000,0x00000004f2300000)]
  0x00000183f31a3000 JavaThread "Unconstrained build operations Thread 22" [_thread_blocked, id=3916, stack(0x00000004f2300000,0x00000004f2400000)]
  0x00000183f31a2000 JavaThread "Unconstrained build operations Thread 23" [_thread_blocked, id=12948, stack(0x00000004f2400000,0x00000004f2500000)]
  0x00000183f31a8800 JavaThread "Unconstrained build operations Thread 24" [_thread_blocked, id=18244, stack(0x00000004f2500000,0x00000004f2600000)]
  0x00000183f31a9800 JavaThread "Unconstrained build operations Thread 25" [_thread_blocked, id=14784, stack(0x00000004f2600000,0x00000004f2700000)]
  0x00000183f6b8c800 JavaThread "Unconstrained build operations Thread 26" [_thread_blocked, id=7644, stack(0x00000004f2700000,0x00000004f2800000)]
  0x00000183f6b91800 JavaThread "Unconstrained build operations Thread 27" [_thread_blocked, id=5592, stack(0x00000004f2800000,0x00000004f2900000)]
  0x00000183f6b93000 JavaThread "Unconstrained build operations Thread 28" [_thread_blocked, id=10368, stack(0x00000004f2900000,0x00000004f2a00000)]
  0x00000183f6b8d800 JavaThread "Unconstrained build operations Thread 29" [_thread_blocked, id=18324, stack(0x00000004f2a00000,0x00000004f2b00000)]
  0x00000183f6b92800 JavaThread "Unconstrained build operations Thread 30" [_thread_blocked, id=7768, stack(0x00000004f2b00000,0x00000004f2c00000)]
  0x00000183f6b91000 JavaThread "Unconstrained build operations Thread 31" [_thread_blocked, id=12360, stack(0x00000004f2c00000,0x00000004f2d00000)]
  0x00000183f6b94000 JavaThread "Unconstrained build operations Thread 32" [_thread_blocked, id=8696, stack(0x00000004f2d00000,0x00000004f2e00000)]
  0x00000183f6b8e800 JavaThread "Unconstrained build operations Thread 33" [_thread_blocked, id=17092, stack(0x00000004f2e00000,0x00000004f2f00000)]
  0x00000183f6b8f000 JavaThread "Unconstrained build operations Thread 34" [_thread_blocked, id=15348, stack(0x00000004f2f00000,0x00000004f3000000)]
  0x00000183f6b95000 JavaThread "Unconstrained build operations Thread 35" [_thread_blocked, id=9520, stack(0x00000004f3000000,0x00000004f3100000)]
  0x00000183f6b90000 JavaThread "Unconstrained build operations Thread 36" [_thread_blocked, id=1568, stack(0x00000004f3100000,0x00000004f3200000)]
  0x00000183f6b97800 JavaThread "Unconstrained build operations Thread 37" [_thread_blocked, id=2400, stack(0x00000004f3200000,0x00000004f3300000)]
  0x00000183f6b96800 JavaThread "Unconstrained build operations Thread 38" [_thread_blocked, id=15972, stack(0x00000004f3300000,0x00000004f3400000)]
  0x00000183f6b9a000 JavaThread "Unconstrained build operations Thread 39" [_thread_blocked, id=15176, stack(0x00000004f3400000,0x00000004f3500000)]
  0x00000183f6b99000 JavaThread "Unconstrained build operations Thread 40" [_thread_blocked, id=15056, stack(0x00000004f3500000,0x00000004f3600000)]
  0x00000183f6b95800 JavaThread "Unconstrained build operations Thread 41" [_thread_blocked, id=11272, stack(0x00000004f3600000,0x00000004f3700000)]
  0x00000183f6b9a800 JavaThread "Unconstrained build operations Thread 42" [_thread_blocked, id=7980, stack(0x00000004f3700000,0x00000004f3800000)]
  0x00000183f6b98000 JavaThread "Unconstrained build operations Thread 43" [_thread_blocked, id=4208, stack(0x00000004f3800000,0x00000004f3900000)]
  0x00000183f6b9b800 JavaThread "Unconstrained build operations Thread 44" [_thread_blocked, id=12308, stack(0x00000004f3900000,0x00000004f3a00000)]
  0x00000183f4bf9000 JavaThread "Unconstrained build operations Thread 45" [_thread_blocked, id=14504, stack(0x00000004f3a00000,0x00000004f3b00000)]
  0x00000183f4bfd000 JavaThread "Unconstrained build operations Thread 46" [_thread_blocked, id=17864, stack(0x00000004f3b00000,0x00000004f3c00000)]
  0x00000183f4bfc800 JavaThread "Unconstrained build operations Thread 47" [_thread_blocked, id=12088, stack(0x00000004f3c00000,0x00000004f3d00000)]
  0x00000183f4bfa800 JavaThread "Unconstrained build operations Thread 48" [_thread_blocked, id=2736, stack(0x00000004f3d00000,0x00000004f3e00000)]
  0x00000183f4bfa000 JavaThread "Unconstrained build operations Thread 49" [_thread_blocked, id=14808, stack(0x00000004f3e00000,0x00000004f3f00000)]
  0x00000183f4bfe000 JavaThread "Unconstrained build operations Thread 50" [_thread_blocked, id=252, stack(0x00000004f3f00000,0x00000004f4000000)]
  0x00000183f4bf8800 JavaThread "Unconstrained build operations Thread 51" [_thread_blocked, id=18536, stack(0x00000004f4000000,0x00000004f4100000)]
  0x00000183f4c01800 JavaThread "Unconstrained build operations Thread 52" [_thread_blocked, id=4160, stack(0x00000004f4100000,0x00000004f4200000)]
  0x00000183f4bff000 JavaThread "Unconstrained build operations Thread 53" [_thread_blocked, id=12844, stack(0x00000004f4200000,0x00000004f4300000)]
  0x00000183f4bfb800 JavaThread "Unconstrained build operations Thread 54" [_thread_blocked, id=2112, stack(0x00000004f4300000,0x00000004f4400000)]
  0x00000183f4bff800 JavaThread "Unconstrained build operations Thread 55" [_thread_blocked, id=15444, stack(0x00000004f4400000,0x00000004f4500000)]
  0x00000183f4c04800 JavaThread "Unconstrained build operations Thread 56" [_thread_blocked, id=10092, stack(0x00000004f4500000,0x00000004f4600000)]
  0x00000183f4c03000 JavaThread "Unconstrained build operations Thread 57" [_thread_blocked, id=15080, stack(0x00000004f4600000,0x00000004f4700000)]
  0x00000183f4c05800 JavaThread "Unconstrained build operations Thread 58" [_thread_blocked, id=16960, stack(0x00000004f4700000,0x00000004f4800000)]
  0x00000183f4c03800 JavaThread "Unconstrained build operations Thread 59" [_thread_blocked, id=18904, stack(0x00000004f4800000,0x00000004f4900000)]
  0x00000183f4c06000 JavaThread "Unconstrained build operations Thread 60" [_thread_blocked, id=13200, stack(0x00000004f4900000,0x00000004f4a00000)]
  0x00000183f4c00800 JavaThread "Unconstrained build operations Thread 61" [_thread_blocked, id=14240, stack(0x00000004f4a00000,0x00000004f4b00000)]
  0x00000183f4c07000 JavaThread "Unconstrained build operations Thread 62" [_thread_blocked, id=15676, stack(0x00000004f4b00000,0x00000004f4c00000)]
  0x00000183f4c02000 JavaThread "Unconstrained build operations Thread 63" [_thread_blocked, id=7928, stack(0x00000004f4c00000,0x00000004f4d00000)]
  0x00000183f4d97000 JavaThread "Unconstrained build operations Thread 64" [_thread_blocked, id=12944, stack(0x00000004f4d00000,0x00000004f4e00000)]
  0x00000183f4d96000 JavaThread "Unconstrained build operations Thread 65" [_thread_blocked, id=15564, stack(0x00000004f4e00000,0x00000004f4f00000)]
  0x00000183f4d99800 JavaThread "Unconstrained build operations Thread 66" [_thread_blocked, id=6628, stack(0x00000004f4f00000,0x00000004f5000000)]
  0x00000183f4d97800 JavaThread "Unconstrained build operations Thread 67" [_thread_blocked, id=14640, stack(0x00000004f5000000,0x00000004f5100000)]
  0x00000183f4d98800 JavaThread "Unconstrained build operations Thread 68" [_thread_blocked, id=15352, stack(0x00000004f5100000,0x00000004f5200000)]
  0x00000183f4d93800 JavaThread "Unconstrained build operations Thread 69" [_thread_blocked, id=2156, stack(0x00000004f5200000,0x00000004f5300000)]
  0x00000183f4d9a000 JavaThread "Unconstrained build operations Thread 70" [_thread_blocked, id=10432, stack(0x00000004f5300000,0x00000004f5400000)]
  0x00000183f4d94800 JavaThread "Unconstrained build operations Thread 71" [_thread_blocked, id=4688, stack(0x00000004f5400000,0x00000004f5500000)]
  0x00000183f4d95000 JavaThread "Unconstrained build operations Thread 72" [_thread_blocked, id=476, stack(0x00000004f5500000,0x00000004f5600000)]
  0x00000183f4d9e000 JavaThread "Unconstrained build operations Thread 73" [_thread_blocked, id=2328, stack(0x00000004f5600000,0x00000004f5700000)]
  0x00000183f4d9d800 JavaThread "Unconstrained build operations Thread 74" [_thread_blocked, id=2256, stack(0x00000004f5700000,0x00000004f5800000)]
  0x00000183f4d9f000 JavaThread "Unconstrained build operations Thread 75" [_thread_blocked, id=16296, stack(0x00000004f5800000,0x00000004f5900000)]
  0x00000183f4da0000 JavaThread "Unconstrained build operations Thread 76" [_thread_blocked, id=1216, stack(0x00000004f5900000,0x00000004f5a00000)]
  0x00000183f4da0800 JavaThread "Unconstrained build operations Thread 77" [_thread_blocked, id=1872, stack(0x00000004f5a00000,0x00000004f5b00000)]
  0x00000183f4d9b000 JavaThread "Unconstrained build operations Thread 78" [_thread_blocked, id=15484, stack(0x00000004f5b00000,0x00000004f5c00000)]
  0x00000183f4da1800 JavaThread "Unconstrained build operations Thread 79" [_thread_blocked, id=11504, stack(0x00000004f5c00000,0x00000004f5d00000)]
  0x00000183f4d9c800 JavaThread "Unconstrained build operations Thread 80" [_thread_blocked, id=16932, stack(0x00000004f5d00000,0x00000004f5e00000)]
  0x00000183f4d9b800 JavaThread "jar transforms Thread 4" [_thread_blocked, id=13656, stack(0x00000004f5e00000,0x00000004f5f00000)]
  0x00000183f4da2800 JavaThread "jar transforms Thread 5" [_thread_blocked, id=1528, stack(0x00000004f5f00000,0x00000004f6000000)]
  0x00000183f6a82000 JavaThread "jar transforms Thread 6" [_thread_blocked, id=12376, stack(0x00000004f6000000,0x00000004f6100000)]
  0x00000183f6a7e800 JavaThread "jar transforms Thread 7" [_thread_blocked, id=19396, stack(0x00000004f6100000,0x00000004f6200000)]
  0x00000183f6a80800 JavaThread "jar transforms Thread 8" [_thread_blocked, id=1312, stack(0x00000004f6200000,0x00000004f6300000)]
  0x00000183f6a81000 JavaThread "Memory manager" [_thread_blocked, id=2800, stack(0x00000004f6400000,0x00000004f6500000)]
  0x00000183f6a7c800 JavaThread "build event listener" [_thread_blocked, id=10948, stack(0x00000004ed700000,0x00000004ed800000)]
  0x00000183f6a7d000 JavaThread "Execution worker for ':'" [_thread_blocked, id=7992, stack(0x00000004f6500000,0x00000004f6600000)]
  0x00000183f6a85800 JavaThread "Execution worker for ':' Thread 2" [_thread_blocked, id=14184, stack(0x00000004f6600000,0x00000004f6700000)]
  0x00000183f6a7f800 JavaThread "Execution worker for ':' Thread 3" [_thread_blocked, id=1364, stack(0x00000004f6700000,0x00000004f6800000)]
  0x00000183f6a84800 JavaThread "Execution worker for ':' Thread 4" [_thread_blocked, id=2080, stack(0x00000004f6800000,0x00000004f6900000)]
  0x00000183f6a88800 JavaThread "Execution worker for ':' Thread 5" [_thread_blocked, id=12500, stack(0x00000004f6900000,0x00000004f6a00000)]
  0x00000183f6a87000 JavaThread "Execution worker for ':' Thread 6" [_thread_in_Java, id=2236, stack(0x00000004f6a00000,0x00000004f6b00000)]
  0x00000183f6a87800 JavaThread "Execution worker for ':' Thread 7" [_thread_blocked, id=11092, stack(0x00000004f6b00000,0x00000004f6c00000)]
  0x00000183f6a83000 JavaThread "Cache worker for execution history cache (C:\Users\A\git\collaboration trial\APMIS-Project\sormas-app\.gradle\7.2\executionHistory)" [_thread_blocked, id=712, stack(0x00000004f6c00000,0x00000004f6d00000)]
  0x00000183f2322000 JavaThread "C2 CompilerThread1" daemon [_thread_in_native, id=6280, stack(0x00000004f0000000,0x00000004f0100000)]
=>0x00000183f2324800 JavaThread "C2 CompilerThread2" daemon [_thread_in_native, id=17784, stack(0x00000004f7300000,0x00000004f7400000)]

Other Threads:
  0x00000183ef98f800 VMThread "VM Thread" [stack: 0x00000004ee000000,0x00000004ee100000] [id=5404]
  0x00000183efb8d000 WatcherThread [stack: 0x00000004eea00000,0x00000004eeb00000] [id=18776]
  0x00000183d2d0a000 GCTaskThread "GC Thread#0" [stack: 0x00000004edb00000,0x00000004edc00000] [id=16596]
  0x00000183f095a000 GCTaskThread "GC Thread#1" [stack: 0x00000004eec00000,0x00000004eed00000] [id=14248]
  0x00000183f076c000 GCTaskThread "GC Thread#2" [stack: 0x00000004eed00000,0x00000004eee00000] [id=5336]
  0x00000183f076d000 GCTaskThread "GC Thread#3" [stack: 0x00000004eee00000,0x00000004eef00000] [id=12280]
  0x00000183f076d800 GCTaskThread "GC Thread#4" [stack: 0x00000004eef00000,0x00000004ef000000] [id=10332]
  0x00000183f076a000 GCTaskThread "GC Thread#5" [stack: 0x00000004ef000000,0x00000004ef100000] [id=10136]
  0x00000183f0769000 GCTaskThread "GC Thread#6" [stack: 0x00000004efd00000,0x00000004efe00000] [id=16624]
  0x00000183f0767800 GCTaskThread "GC Thread#7" [stack: 0x00000004efe00000,0x00000004eff00000] [id=16340]
  0x00000183d2d39800 ConcurrentGCThread "G1 Main Marker" [stack: 0x00000004edc00000,0x00000004edd00000] [id=17552]
  0x00000183d2d3b000 ConcurrentGCThread "G1 Conc#0" [stack: 0x00000004edd00000,0x00000004ede00000] [id=13064]
  0x00000183f076a800 ConcurrentGCThread "G1 Conc#1" [stack: 0x00000004eff00000,0x00000004f0000000] [id=16288]
  0x00000183eefd8800 ConcurrentGCThread "G1 Refine#0" [stack: 0x00000004ede00000,0x00000004edf00000] [id=1248]
  0x00000183f67d6800 ConcurrentGCThread "G1 Refine#1" [stack: 0x00000004f6f00000,0x00000004f7000000] [id=6324]
  0x00000183f67d2800 ConcurrentGCThread "G1 Refine#2" [stack: 0x00000004f7000000,0x00000004f7100000] [id=2480]
  0x00000183f67d8000 ConcurrentGCThread "G1 Refine#3" [stack: 0x00000004f6300000,0x00000004f6400000] [id=6384]
  0x00000183f67d7000 ConcurrentGCThread "G1 Refine#4" [stack: 0x00000004f7100000,0x00000004f7200000] [id=4968]
  0x00000183f67d2000 ConcurrentGCThread "G1 Refine#5" [stack: 0x00000004f7200000,0x00000004f7300000] [id=3604]
  0x00000183eefd9800 ConcurrentGCThread "G1 Young RemSet Sampling" [stack: 0x00000004edf00000,0x00000004ee000000] [id=15784]

Threads with active compile tasks:
C2 CompilerThread0  55797 12667       4       org.antlr.v4.runtime.atn.LexerATNSimulator::closure (299 bytes)
C1 CompilerThread0  55797 12723       3       org.antlr.v4.runtime.tree.Trees::toStringTree (120 bytes)
C2 CompilerThread1  55797 12701       4       org.apache.xerces.impl.io.UTF8Reader::read (1402 bytes)
C2 CompilerThread2  55797 12643       4       java.lang.reflect.Constructor::newInstance (76 bytes)

VM state:not at safepoint (normal execution)

VM Mutex/Monitor currently owned by a thread: None

Heap address: 0x0000000080000000, size: 2048 MB, Compressed Oops mode: 32-bit
Narrow klass base: 0x0000000000000000, Narrow klass shift: 3
Compressed class space size: 1073741824 Address: 0x0000000100000000

Heap:
 garbage-first heap   total 262144K, used 165549K [0x0000000080000000, 0x0000000100000000)
  region size 1024K, 11 young (11264K), 6 survivors (6144K)
 Metaspace       used 91754K, capacity 94349K, committed 95312K, reserved 1132544K
  class space    used 11675K, capacity 12696K, committed 13056K, reserved 1048576K
Heap Regions: E=young(eden), S=young(survivor), O=old, HS=humongous(starts), HC=humongous(continues), CS=collection set, F=free, A=archive, TAMS=top-at-mark-start (previous, next)
|   0|0x0000000080000000, 0x0000000080100000, 0x0000000080100000|100%| O|  |TAMS 0x0000000080100000, 0x0000000080000000| Updating 
|   1|0x0000000080100000, 0x0000000080200000, 0x0000000080200000|100%| O|  |TAMS 0x0000000080200000, 0x0000000080100000| Updating 
|   2|0x0000000080200000, 0x0000000080300000, 0x0000000080300000|100%| O|  |TAMS 0x0000000080300000, 0x0000000080200000| Updating 
|   3|0x0000000080300000, 0x0000000080400000, 0x0000000080400000|100%|HS|  |TAMS 0x0000000080400000, 0x0000000080300000| Complete 
|   4|0x0000000080400000, 0x0000000080500000, 0x0000000080500000|100%|HC|  |TAMS 0x0000000080500000, 0x0000000080400000| Complete 
|   5|0x0000000080500000, 0x0000000080600000, 0x0000000080600000|100%|HC|  |TAMS 0x0000000080600000, 0x0000000080500000| Complete 
|   6|0x0000000080600000, 0x0000000080700000, 0x0000000080700000|100%| O|  |TAMS 0x0000000080700000, 0x0000000080600000| Updating 
|   7|0x0000000080700000, 0x0000000080800000, 0x0000000080800000|100%| O|  |TAMS 0x0000000080800000, 0x0000000080700000| Updating 
|   8|0x0000000080800000, 0x0000000080900000, 0x0000000080900000|100%| O|  |TAMS 0x0000000080900000, 0x0000000080800000| Updating 
|   9|0x0000000080900000, 0x0000000080a00000, 0x0000000080a00000|100%| O|  |TAMS 0x0000000080a00000, 0x0000000080900000| Updating 
|  10|0x0000000080a00000, 0x0000000080b00000, 0x0000000080b00000|100%| O|  |TAMS 0x0000000080b00000, 0x0000000080a00000| Updating 
|  11|0x0000000080b00000, 0x0000000080c00000, 0x0000000080c00000|100%| O|  |TAMS 0x0000000080c00000, 0x0000000080b00000| Updating 
|  12|0x0000000080c00000, 0x0000000080d00000, 0x0000000080d00000|100%| O|  |TAMS 0x0000000080d00000, 0x0000000080c00000| Updating 
|  13|0x0000000080d00000, 0x0000000080e00000, 0x0000000080e00000|100%| O|  |TAMS 0x0000000080e00000, 0x0000000080d00000| Updating 
|  14|0x0000000080e00000, 0x0000000080f00000, 0x0000000080f00000|100%| O|  |TAMS 0x0000000080f00000, 0x0000000080e00000| Updating 
|  15|0x0000000080f00000, 0x0000000081000000, 0x0000000081000000|100%| O|  |TAMS 0x0000000081000000, 0x0000000080f00000| Updating 
|  16|0x0000000081000000, 0x0000000081100000, 0x0000000081100000|100%| O|  |TAMS 0x0000000081100000, 0x0000000081000000| Updating 
|  17|0x0000000081100000, 0x0000000081200000, 0x0000000081200000|100%|HS|  |TAMS 0x0000000081200000, 0x0000000081100000| Complete 
|  18|0x0000000081200000, 0x0000000081300000, 0x0000000081300000|100%|HS|  |TAMS 0x0000000081300000, 0x0000000081200000| Complete 
|  19|0x0000000081300000, 0x0000000081400000, 0x0000000081400000|100%|HS|  |TAMS 0x0000000081400000, 0x0000000081300000| Complete 
|  20|0x0000000081400000, 0x0000000081500000, 0x0000000081500000|100%|HS|  |TAMS 0x0000000081500000, 0x0000000081400000| Complete 
|  21|0x0000000081500000, 0x0000000081600000, 0x0000000081600000|100%|HC|  |TAMS 0x0000000081600000, 0x0000000081500000| Complete 
|  22|0x0000000081600000, 0x0000000081700000, 0x0000000081700000|100%| O|  |TAMS 0x0000000081700000, 0x0000000081600000| Updating 
|  23|0x0000000081700000, 0x0000000081800000, 0x0000000081800000|100%| O|  |TAMS 0x0000000081800000, 0x0000000081700000| Updating 
|  24|0x0000000081800000, 0x0000000081900000, 0x0000000081900000|100%| O|  |TAMS 0x0000000081900000, 0x0000000081800000| Updating 
|  25|0x0000000081900000, 0x0000000081a00000, 0x0000000081a00000|100%| O|  |TAMS 0x0000000081a00000, 0x0000000081900000| Updating 
|  26|0x0000000081a00000, 0x0000000081b00000, 0x0000000081b00000|100%| O|  |TAMS 0x0000000081b00000, 0x0000000081a00000| Updating 
|  27|0x0000000081b00000, 0x0000000081c00000, 0x0000000081c00000|100%| O|  |TAMS 0x0000000081c00000, 0x0000000081b00000| Updating 
|  28|0x0000000081c00000, 0x0000000081d00000, 0x0000000081d00000|100%| O|  |TAMS 0x0000000081d00000, 0x0000000081c00000| Updating 
|  29|0x0000000081d00000, 0x0000000081e00000, 0x0000000081e00000|100%| O|  |TAMS 0x0000000081e00000, 0x0000000081d00000| Updating 
|  30|0x0000000081e00000, 0x0000000081f00000, 0x0000000081f00000|100%| O|  |TAMS 0x0000000081f00000, 0x0000000081e00000| Updating 
|  31|0x0000000081f00000, 0x0000000082000000, 0x0000000082000000|100%| O|  |TAMS 0x0000000082000000, 0x0000000081f00000| Updating 
|  32|0x0000000082000000, 0x0000000082100000, 0x0000000082100000|100%| O|  |TAMS 0x0000000082100000, 0x0000000082000000| Updating 
|  33|0x0000000082100000, 0x0000000082200000, 0x0000000082200000|100%| O|  |TAMS 0x0000000082200000, 0x0000000082100000| Updating 
|  34|0x0000000082200000, 0x0000000082300000, 0x0000000082300000|100%| O|  |TAMS 0x0000000082300000, 0x0000000082200000| Updating 
|  35|0x0000000082300000, 0x0000000082400000, 0x0000000082400000|100%| O|  |TAMS 0x0000000082400000, 0x0000000082300000| Updating 
|  36|0x0000000082400000, 0x0000000082500000, 0x0000000082500000|100%| O|  |TAMS 0x0000000082500000, 0x0000000082400000| Updating 
|  37|0x0000000082500000, 0x0000000082600000, 0x0000000082600000|100%| O|  |TAMS 0x0000000082600000, 0x0000000082500000| Updating 
|  38|0x0000000082600000, 0x0000000082700000, 0x0000000082700000|100%| O|  |TAMS 0x0000000082700000, 0x0000000082600000| Updating 
|  39|0x0000000082700000, 0x0000000082800000, 0x0000000082800000|100%| O|  |TAMS 0x0000000082800000, 0x0000000082700000| Updating 
|  40|0x0000000082800000, 0x0000000082900000, 0x0000000082900000|100%| O|  |TAMS 0x0000000082900000, 0x0000000082800000| Updating 
|  41|0x0000000082900000, 0x0000000082a00000, 0x0000000082a00000|100%| O|  |TAMS 0x0000000082a00000, 0x0000000082900000| Updating 
|  42|0x0000000082a00000, 0x0000000082b00000, 0x0000000082b00000|100%| O|  |TAMS 0x0000000082b00000, 0x0000000082a00000| Updating 
|  43|0x0000000082b00000, 0x0000000082c00000, 0x0000000082c00000|100%| O|  |TAMS 0x0000000082c00000, 0x0000000082b00000| Updating 
|  44|0x0000000082c00000, 0x0000000082d00000, 0x0000000082d00000|100%| O|  |TAMS 0x0000000082d00000, 0x0000000082c00000| Updating 
|  45|0x0000000082d00000, 0x0000000082e00000, 0x0000000082e00000|100%| O|  |TAMS 0x0000000082e00000, 0x0000000082d00000| Updating 
|  46|0x0000000082e00000, 0x0000000082f00000, 0x0000000082f00000|100%| O|  |TAMS 0x0000000082f00000, 0x0000000082e00000| Updating 
|  47|0x0000000082f00000, 0x0000000083000000, 0x0000000083000000|100%| O|  |TAMS 0x0000000083000000, 0x0000000082f00000| Updating 
|  48|0x0000000083000000, 0x0000000083100000, 0x0000000083100000|100%| O|  |TAMS 0x0000000083100000, 0x0000000083000000| Updating 
|  49|0x0000000083100000, 0x0000000083200000, 0x0000000083200000|100%| O|  |TAMS 0x0000000083200000, 0x0000000083100000| Updating 
|  50|0x0000000083200000, 0x0000000083300000, 0x0000000083300000|100%| O|  |TAMS 0x0000000083300000, 0x0000000083200000| Updating 
|  51|0x0000000083300000, 0x0000000083400000, 0x0000000083400000|100%| O|  |TAMS 0x0000000083400000, 0x0000000083300000| Updating 
|  52|0x0000000083400000, 0x0000000083500000, 0x0000000083500000|100%| O|  |TAMS 0x0000000083500000, 0x0000000083400000| Updating 
|  53|0x0000000083500000, 0x0000000083600000, 0x0000000083600000|100%| O|  |TAMS 0x0000000083600000, 0x0000000083500000| Updating 
|  54|0x0000000083600000, 0x0000000083700000, 0x0000000083700000|100%| O|  |TAMS 0x0000000083700000, 0x0000000083600000| Updating 
|  55|0x0000000083700000, 0x0000000083800000, 0x0000000083800000|100%| O|  |TAMS 0x0000000083800000, 0x0000000083700000| Updating 
|  56|0x0000000083800000, 0x0000000083900000, 0x0000000083900000|100%| O|  |TAMS 0x0000000083900000, 0x0000000083800000| Updating 
|  57|0x0000000083900000, 0x0000000083a00000, 0x0000000083a00000|100%| O|  |TAMS 0x0000000083a00000, 0x0000000083900000| Updating 
|  58|0x0000000083a00000, 0x0000000083b00000, 0x0000000083b00000|100%| O|  |TAMS 0x0000000083b00000, 0x0000000083a00000| Updating 
|  59|0x0000000083b00000, 0x0000000083c00000, 0x0000000083c00000|100%| O|  |TAMS 0x0000000083c00000, 0x0000000083b00000| Updating 
|  60|0x0000000083c00000, 0x0000000083d00000, 0x0000000083d00000|100%| O|  |TAMS 0x0000000083d00000, 0x0000000083c00000| Updating 
|  61|0x0000000083d00000, 0x0000000083e00000, 0x0000000083e00000|100%| O|  |TAMS 0x0000000083e00000, 0x0000000083d00000| Updating 
|  62|0x0000000083e00000, 0x0000000083f00000, 0x0000000083f00000|100%| O|  |TAMS 0x0000000083f00000, 0x0000000083e00000| Updating 
|  63|0x0000000083f00000, 0x0000000084000000, 0x0000000084000000|100%| O|  |TAMS 0x0000000084000000, 0x0000000083f00000| Updating 
|  64|0x0000000084000000, 0x0000000084100000, 0x0000000084100000|100%| O|  |TAMS 0x0000000084100000, 0x0000000084000000| Updating 
|  65|0x0000000084100000, 0x0000000084200000, 0x0000000084200000|100%| O|  |TAMS 0x0000000084200000, 0x0000000084100000| Updating 
|  66|0x0000000084200000, 0x0000000084300000, 0x0000000084300000|100%| O|  |TAMS 0x0000000084300000, 0x0000000084200000| Updating 
|  67|0x0000000084300000, 0x0000000084400000, 0x0000000084400000|100%| O|  |TAMS 0x0000000084400000, 0x0000000084300000| Updating 
|  68|0x0000000084400000, 0x0000000084500000, 0x0000000084500000|100%| O|  |TAMS 0x0000000084500000, 0x0000000084400000| Updating 
|  69|0x0000000084500000, 0x0000000084600000, 0x0000000084600000|100%| O|  |TAMS 0x0000000084600000, 0x0000000084500000| Updating 
|  70|0x0000000084600000, 0x0000000084700000, 0x0000000084700000|100%| O|  |TAMS 0x0000000084700000, 0x0000000084600000| Updating 
|  71|0x0000000084700000, 0x0000000084800000, 0x0000000084800000|100%| O|  |TAMS 0x0000000084800000, 0x0000000084700000| Updating 
|  72|0x0000000084800000, 0x0000000084900000, 0x0000000084900000|100%| O|  |TAMS 0x0000000084900000, 0x0000000084800000| Updating 
|  73|0x0000000084900000, 0x0000000084a00000, 0x0000000084a00000|100%| O|  |TAMS 0x0000000084a00000, 0x0000000084900000| Updating 
|  74|0x0000000084a00000, 0x0000000084b00000, 0x0000000084b00000|100%| O|  |TAMS 0x0000000084b00000, 0x0000000084a00000| Updating 
|  75|0x0000000084b00000, 0x0000000084c00000, 0x0000000084c00000|100%| O|  |TAMS 0x0000000084c00000, 0x0000000084b00000| Updating 
|  76|0x0000000084c00000, 0x0000000084d00000, 0x0000000084d00000|100%| O|  |TAMS 0x0000000084d00000, 0x0000000084c00000| Updating 
|  77|0x0000000084d00000, 0x0000000084e00000, 0x0000000084e00000|100%| O|  |TAMS 0x0000000084e00000, 0x0000000084d00000| Updating 
|  78|0x0000000084e00000, 0x0000000084f00000, 0x0000000084f00000|100%| O|  |TAMS 0x0000000084f00000, 0x0000000084e00000| Updating 
|  79|0x0000000084f00000, 0x0000000085000000, 0x0000000085000000|100%| O|  |TAMS 0x0000000085000000, 0x0000000084f00000| Updating 
|  80|0x0000000085000000, 0x0000000085100000, 0x0000000085100000|100%| O|  |TAMS 0x0000000085100000, 0x0000000085000000| Updating 
|  81|0x0000000085100000, 0x0000000085200000, 0x0000000085200000|100%| O|  |TAMS 0x0000000085200000, 0x0000000085100000| Updating 
|  82|0x0000000085200000, 0x0000000085300000, 0x0000000085300000|100%| O|  |TAMS 0x0000000085300000, 0x0000000085200000| Updating 
|  83|0x0000000085300000, 0x0000000085400000, 0x0000000085400000|100%| O|  |TAMS 0x0000000085400000, 0x0000000085300000| Updating 
|  84|0x0000000085400000, 0x0000000085500000, 0x0000000085500000|100%| O|  |TAMS 0x0000000085500000, 0x0000000085400000| Updating 
|  85|0x0000000085500000, 0x0000000085600000, 0x0000000085600000|100%|HS|  |TAMS 0x0000000085600000, 0x0000000085500000| Complete 
|  86|0x0000000085600000, 0x0000000085700000, 0x0000000085700000|100%| O|  |TAMS 0x0000000085700000, 0x0000000085600000| Updating 
|  87|0x0000000085700000, 0x0000000085800000, 0x0000000085800000|100%| O|  |TAMS 0x0000000085800000, 0x0000000085700000| Updating 
|  88|0x0000000085800000, 0x0000000085900000, 0x0000000085900000|100%| O|  |TAMS 0x0000000085900000, 0x0000000085800000| Updating 
|  89|0x0000000085900000, 0x0000000085a00000, 0x0000000085a00000|100%| O|  |TAMS 0x0000000085a00000, 0x0000000085900000| Updating 
|  90|0x0000000085a00000, 0x0000000085b00000, 0x0000000085b00000|100%| O|  |TAMS 0x0000000085b00000, 0x0000000085a00000| Updating 
|  91|0x0000000085b00000, 0x0000000085c00000, 0x0000000085c00000|100%| O|  |TAMS 0x0000000085c00000, 0x0000000085b00000| Updating 
|  92|0x0000000085c00000, 0x0000000085d00000, 0x0000000085d00000|100%| O|  |TAMS 0x0000000085d00000, 0x0000000085c00000| Updating 
|  93|0x0000000085d00000, 0x0000000085e00000, 0x0000000085e00000|100%| O|  |TAMS 0x0000000085e00000, 0x0000000085d00000| Updating 
|  94|0x0000000085e00000, 0x0000000085f00000, 0x0000000085f00000|100%| O|  |TAMS 0x0000000085f00000, 0x0000000085e00000| Updating 
|  95|0x0000000085f00000, 0x0000000086000000, 0x0000000086000000|100%| O|  |TAMS 0x0000000086000000, 0x0000000085f00000| Updating 
|  96|0x0000000086000000, 0x0000000086100000, 0x0000000086100000|100%| O|  |TAMS 0x0000000086100000, 0x0000000086000000| Updating 
|  97|0x0000000086100000, 0x0000000086200000, 0x0000000086200000|100%| O|  |TAMS 0x0000000086200000, 0x0000000086100000| Updating 
|  98|0x0000000086200000, 0x0000000086300000, 0x0000000086300000|100%| O|  |TAMS 0x0000000086300000, 0x0000000086200000| Updating 
|  99|0x0000000086300000, 0x0000000086400000, 0x0000000086400000|100%| O|  |TAMS 0x0000000086400000, 0x0000000086300000| Updating 
| 100|0x0000000086400000, 0x0000000086500000, 0x0000000086500000|100%| O|  |TAMS 0x0000000086500000, 0x0000000086400000| Updating 
| 101|0x0000000086500000, 0x0000000086600000, 0x0000000086600000|100%| O|  |TAMS 0x0000000086600000, 0x0000000086500000| Updating 
| 102|0x0000000086600000, 0x0000000086700000, 0x0000000086700000|100%| O|  |TAMS 0x0000000086700000, 0x0000000086600000| Updating 
| 103|0x0000000086700000, 0x0000000086800000, 0x0000000086800000|100%| O|  |TAMS 0x0000000086800000, 0x0000000086700000| Updating 
| 104|0x0000000086800000, 0x0000000086900000, 0x0000000086900000|100%| O|  |TAMS 0x0000000086900000, 0x0000000086800000| Updating 
| 105|0x0000000086900000, 0x0000000086a00000, 0x0000000086a00000|100%| O|  |TAMS 0x0000000086a00000, 0x0000000086900000| Updating 
| 106|0x0000000086a00000, 0x0000000086b00000, 0x0000000086b00000|100%| O|  |TAMS 0x0000000086b00000, 0x0000000086a00000| Updating 
| 107|0x0000000086b00000, 0x0000000086c00000, 0x0000000086c00000|100%| O|  |TAMS 0x0000000086c00000, 0x0000000086b00000| Updating 
| 108|0x0000000086c00000, 0x0000000086d00000, 0x0000000086d00000|100%| O|  |TAMS 0x0000000086d00000, 0x0000000086c00000| Updating 
| 109|0x0000000086d00000, 0x0000000086e00000, 0x0000000086e00000|100%| O|  |TAMS 0x0000000086e00000, 0x0000000086d00000| Updating 
| 110|0x0000000086e00000, 0x0000000086f00000, 0x0000000086f00000|100%| O|  |TAMS 0x0000000086f00000, 0x0000000086e00000| Updating 
| 111|0x0000000086f00000, 0x0000000087000000, 0x0000000087000000|100%| O|  |TAMS 0x0000000087000000, 0x0000000086f00000| Updating 
| 112|0x0000000087000000, 0x0000000087100000, 0x0000000087100000|100%| O|  |TAMS 0x0000000087100000, 0x0000000087000000| Updating 
| 113|0x0000000087100000, 0x0000000087200000, 0x0000000087200000|100%| O|  |TAMS 0x0000000087200000, 0x0000000087100000| Updating 
| 114|0x0000000087200000, 0x0000000087300000, 0x0000000087300000|100%| O|  |TAMS 0x0000000087300000, 0x0000000087200000| Updating 
| 115|0x0000000087300000, 0x0000000087400000, 0x0000000087400000|100%| O|  |TAMS 0x0000000087400000, 0x0000000087300000| Updating 
| 116|0x0000000087400000, 0x0000000087500000, 0x0000000087500000|100%| O|  |TAMS 0x0000000087500000, 0x0000000087400000| Updating 
| 117|0x0000000087500000, 0x0000000087600000, 0x0000000087600000|100%| O|  |TAMS 0x0000000087600000, 0x0000000087500000| Updating 
| 118|0x0000000087600000, 0x0000000087700000, 0x0000000087700000|100%| O|  |TAMS 0x0000000087700000, 0x0000000087600000| Updating 
| 119|0x0000000087700000, 0x0000000087800000, 0x0000000087800000|100%| O|  |TAMS 0x0000000087800000, 0x0000000087700000| Updating 
| 120|0x0000000087800000, 0x0000000087900000, 0x0000000087900000|100%| O|  |TAMS 0x0000000087900000, 0x0000000087800000| Updating 
| 121|0x0000000087900000, 0x0000000087a00000, 0x0000000087a00000|100%| O|  |TAMS 0x0000000087a00000, 0x0000000087900000| Updating 
| 122|0x0000000087a00000, 0x0000000087b00000, 0x0000000087b00000|100%| O|  |TAMS 0x0000000087b00000, 0x0000000087a00000| Updating 
| 123|0x0000000087b00000, 0x0000000087c00000, 0x0000000087c00000|100%| O|  |TAMS 0x0000000087c00000, 0x0000000087b00000| Updating 
| 124|0x0000000087c00000, 0x0000000087d00000, 0x0000000087d00000|100%| O|  |TAMS 0x0000000087d00000, 0x0000000087c00000| Updating 
| 125|0x0000000087d00000, 0x0000000087e00000, 0x0000000087e00000|100%| O|  |TAMS 0x0000000087e00000, 0x0000000087d00000| Updating 
| 126|0x0000000087e00000, 0x0000000087f00000, 0x0000000087f00000|100%| O|  |TAMS 0x0000000087f00000, 0x0000000087e00000| Updating 
| 127|0x0000000087f00000, 0x0000000088000000, 0x0000000088000000|100%| O|  |TAMS 0x0000000088000000, 0x0000000087f00000| Updating 
| 128|0x0000000088000000, 0x0000000088100000, 0x0000000088100000|100%| O|  |TAMS 0x0000000088100000, 0x0000000088000000| Updating 
| 129|0x0000000088100000, 0x0000000088200000, 0x0000000088200000|100%| O|  |TAMS 0x0000000088200000, 0x0000000088100000| Updating 
| 130|0x0000000088200000, 0x0000000088300000, 0x0000000088300000|100%| O|  |TAMS 0x0000000088300000, 0x0000000088200000| Updating 
| 131|0x0000000088300000, 0x0000000088400000, 0x0000000088400000|100%| O|  |TAMS 0x0000000088400000, 0x0000000088300000| Updating 
| 132|0x0000000088400000, 0x0000000088500000, 0x0000000088500000|100%| O|  |TAMS 0x0000000088500000, 0x0000000088400000| Updating 
| 133|0x0000000088500000, 0x0000000088600000, 0x0000000088600000|100%| O|  |TAMS 0x0000000088600000, 0x0000000088500000| Updating 
| 134|0x0000000088600000, 0x0000000088700000, 0x0000000088700000|100%| O|  |TAMS 0x0000000088700000, 0x0000000088600000| Updating 
| 135|0x0000000088700000, 0x0000000088800000, 0x0000000088800000|100%| O|  |TAMS 0x0000000088800000, 0x0000000088700000| Updating 
| 136|0x0000000088800000, 0x0000000088900000, 0x0000000088900000|100%| O|  |TAMS 0x0000000088900000, 0x0000000088800000| Updating 
| 137|0x0000000088900000, 0x0000000088a00000, 0x0000000088a00000|100%| O|  |TAMS 0x0000000088a00000, 0x0000000088900000| Updating 
| 138|0x0000000088a00000, 0x0000000088b00000, 0x0000000088b00000|100%| O|  |TAMS 0x0000000088b00000, 0x0000000088a00000| Updating 
| 139|0x0000000088b00000, 0x0000000088c00000, 0x0000000088c00000|100%| O|  |TAMS 0x0000000088c00000, 0x0000000088b00000| Updating 
| 140|0x0000000088c00000, 0x0000000088d00000, 0x0000000088d00000|100%| O|  |TAMS 0x0000000088d00000, 0x0000000088c00000| Updating 
| 141|0x0000000088d00000, 0x0000000088e00000, 0x0000000088e00000|100%| O|  |TAMS 0x0000000088e00000, 0x0000000088d00000| Updating 
| 142|0x0000000088e00000, 0x0000000088f00000, 0x0000000088f00000|100%| O|  |TAMS 0x0000000088f00000, 0x0000000088e00000| Updating 
| 143|0x0000000088f00000, 0x0000000089000000, 0x0000000089000000|100%| O|  |TAMS 0x0000000089000000, 0x0000000088f00000| Updating 
| 144|0x0000000089000000, 0x0000000089100000, 0x0000000089100000|100%| O|  |TAMS 0x0000000089100000, 0x0000000089000000| Updating 
| 145|0x0000000089100000, 0x0000000089200000, 0x0000000089200000|100%| O|  |TAMS 0x0000000089200000, 0x0000000089100000| Updating 
| 146|0x0000000089200000, 0x0000000089300000, 0x0000000089300000|100%| O|  |TAMS 0x0000000089300000, 0x0000000089200000| Updating 
| 147|0x0000000089300000, 0x00000000893d5200, 0x0000000089400000| 83%| O|  |TAMS 0x00000000893d5200, 0x0000000089300000| Updating 
| 148|0x0000000089400000, 0x0000000089400000, 0x0000000089500000|  0%| F|  |TAMS 0x0000000089400000, 0x0000000089400000| Untracked 
| 149|0x0000000089500000, 0x0000000089600000, 0x0000000089600000|100%| O|  |TAMS 0x0000000089600000, 0x0000000089500000| Updating 
| 150|0x0000000089600000, 0x0000000089700000, 0x0000000089700000|100%| O|  |TAMS 0x0000000089700000, 0x0000000089600000| Updating 
| 151|0x0000000089700000, 0x0000000089800000, 0x0000000089800000|100%| O|  |TAMS 0x0000000089800000, 0x0000000089700000| Updating 
| 152|0x0000000089800000, 0x0000000089900000, 0x0000000089900000|100%| O|  |TAMS 0x0000000089900000, 0x0000000089800000| Updating 
| 153|0x0000000089900000, 0x0000000089900000, 0x0000000089a00000|  0%| F|  |TAMS 0x0000000089900000, 0x0000000089900000| Untracked 
| 154|0x0000000089a00000, 0x0000000089a00000, 0x0000000089b00000|  0%| F|  |TAMS 0x0000000089a00000, 0x0000000089a00000| Untracked 
| 155|0x0000000089b00000, 0x0000000089b00000, 0x0000000089c00000|  0%| F|  |TAMS 0x0000000089b00000, 0x0000000089b00000| Untracked 
| 156|0x0000000089c00000, 0x0000000089c00000, 0x0000000089d00000|  0%| F|  |TAMS 0x0000000089c00000, 0x0000000089c00000| Untracked 
| 157|0x0000000089d00000, 0x0000000089d00000, 0x0000000089e00000|  0%| F|  |TAMS 0x0000000089d00000, 0x0000000089d00000| Untracked 
| 158|0x0000000089e00000, 0x0000000089e00000, 0x0000000089f00000|  0%| F|  |TAMS 0x0000000089e00000, 0x0000000089e00000| Untracked 
| 159|0x0000000089f00000, 0x0000000089f00000, 0x000000008a000000|  0%| F|  |TAMS 0x0000000089f00000, 0x0000000089f00000| Untracked 
| 160|0x000000008a000000, 0x000000008a000000, 0x000000008a100000|  0%| F|  |TAMS 0x000000008a000000, 0x000000008a000000| Untracked 
| 161|0x000000008a100000, 0x000000008a100000, 0x000000008a200000|  0%| F|  |TAMS 0x000000008a100000, 0x000000008a100000| Untracked 
| 162|0x000000008a200000, 0x000000008a200000, 0x000000008a300000|  0%| F|  |TAMS 0x000000008a200000, 0x000000008a200000| Untracked 
| 163|0x000000008a300000, 0x000000008a300000, 0x000000008a400000|  0%| F|  |TAMS 0x000000008a300000, 0x000000008a300000| Untracked 
| 164|0x000000008a400000, 0x000000008a400000, 0x000000008a500000|  0%| F|  |TAMS 0x000000008a400000, 0x000000008a400000| Untracked 
| 165|0x000000008a500000, 0x000000008a500000, 0x000000008a600000|  0%| F|  |TAMS 0x000000008a500000, 0x000000008a500000| Untracked 
| 166|0x000000008a600000, 0x000000008a600000, 0x000000008a700000|  0%| F|  |TAMS 0x000000008a600000, 0x000000008a600000| Untracked 
| 167|0x000000008a700000, 0x000000008a700000, 0x000000008a800000|  0%| F|  |TAMS 0x000000008a700000, 0x000000008a700000| Untracked 
| 168|0x000000008a800000, 0x000000008a800000, 0x000000008a900000|  0%| F|  |TAMS 0x000000008a800000, 0x000000008a800000| Untracked 
| 169|0x000000008a900000, 0x000000008a900000, 0x000000008aa00000|  0%| F|  |TAMS 0x000000008a900000, 0x000000008a900000| Untracked 
| 170|0x000000008aa00000, 0x000000008aa00000, 0x000000008ab00000|  0%| F|  |TAMS 0x000000008aa00000, 0x000000008aa00000| Untracked 
| 171|0x000000008ab00000, 0x000000008ab00000, 0x000000008ac00000|  0%| F|  |TAMS 0x000000008ab00000, 0x000000008ab00000| Untracked 
| 172|0x000000008ac00000, 0x000000008ac00000, 0x000000008ad00000|  0%| F|  |TAMS 0x000000008ac00000, 0x000000008ac00000| Untracked 
| 173|0x000000008ad00000, 0x000000008ad00000, 0x000000008ae00000|  0%| F|  |TAMS 0x000000008ad00000, 0x000000008ad00000| Untracked 
| 174|0x000000008ae00000, 0x000000008ae00000, 0x000000008af00000|  0%| F|  |TAMS 0x000000008ae00000, 0x000000008ae00000| Untracked 
| 175|0x000000008af00000, 0x000000008af00000, 0x000000008b000000|  0%| F|  |TAMS 0x000000008af00000, 0x000000008af00000| Untracked 
| 176|0x000000008b000000, 0x000000008b000000, 0x000000008b100000|  0%| F|  |TAMS 0x000000008b000000, 0x000000008b000000| Untracked 
| 177|0x000000008b100000, 0x000000008b100000, 0x000000008b200000|  0%| F|  |TAMS 0x000000008b100000, 0x000000008b100000| Untracked 
| 178|0x000000008b200000, 0x000000008b200000, 0x000000008b300000|  0%| F|  |TAMS 0x000000008b200000, 0x000000008b200000| Untracked 
| 179|0x000000008b300000, 0x000000008b300000, 0x000000008b400000|  0%| F|  |TAMS 0x000000008b300000, 0x000000008b300000| Untracked 
| 180|0x000000008b400000, 0x000000008b400000, 0x000000008b500000|  0%| F|  |TAMS 0x000000008b400000, 0x000000008b400000| Untracked 
| 181|0x000000008b500000, 0x000000008b500000, 0x000000008b600000|  0%| F|  |TAMS 0x000000008b500000, 0x000000008b500000| Untracked 
| 182|0x000000008b600000, 0x000000008b600000, 0x000000008b700000|  0%| F|  |TAMS 0x000000008b600000, 0x000000008b600000| Untracked 
| 183|0x000000008b700000, 0x000000008b700000, 0x000000008b800000|  0%| F|  |TAMS 0x000000008b700000, 0x000000008b700000| Untracked 
| 184|0x000000008b800000, 0x000000008b800000, 0x000000008b900000|  0%| F|  |TAMS 0x000000008b800000, 0x000000008b800000| Untracked 
| 185|0x000000008b900000, 0x000000008b900000, 0x000000008ba00000|  0%| F|  |TAMS 0x000000008b900000, 0x000000008b900000| Untracked 
| 186|0x000000008ba00000, 0x000000008ba00000, 0x000000008bb00000|  0%| F|  |TAMS 0x000000008ba00000, 0x000000008ba00000| Untracked 
| 187|0x000000008bb00000, 0x000000008bb00000, 0x000000008bc00000|  0%| F|  |TAMS 0x000000008bb00000, 0x000000008bb00000| Untracked 
| 188|0x000000008bc00000, 0x000000008bc00000, 0x000000008bd00000|  0%| F|  |TAMS 0x000000008bc00000, 0x000000008bc00000| Untracked 
| 189|0x000000008bd00000, 0x000000008bd00000, 0x000000008be00000|  0%| F|  |TAMS 0x000000008bd00000, 0x000000008bd00000| Untracked 
| 190|0x000000008be00000, 0x000000008be00000, 0x000000008bf00000|  0%| F|  |TAMS 0x000000008be00000, 0x000000008be00000| Untracked 
| 191|0x000000008bf00000, 0x000000008bf00000, 0x000000008c000000|  0%| F|  |TAMS 0x000000008bf00000, 0x000000008bf00000| Untracked 
| 192|0x000000008c000000, 0x000000008c000000, 0x000000008c100000|  0%| F|  |TAMS 0x000000008c000000, 0x000000008c000000| Untracked 
| 193|0x000000008c100000, 0x000000008c100000, 0x000000008c200000|  0%| F|  |TAMS 0x000000008c100000, 0x000000008c100000| Untracked 
| 194|0x000000008c200000, 0x000000008c200000, 0x000000008c300000|  0%| F|  |TAMS 0x000000008c200000, 0x000000008c200000| Untracked 
| 195|0x000000008c300000, 0x000000008c300000, 0x000000008c400000|  0%| F|  |TAMS 0x000000008c300000, 0x000000008c300000| Untracked 
| 196|0x000000008c400000, 0x000000008c400000, 0x000000008c500000|  0%| F|  |TAMS 0x000000008c400000, 0x000000008c400000| Untracked 
| 197|0x000000008c500000, 0x000000008c500000, 0x000000008c600000|  0%| F|  |TAMS 0x000000008c500000, 0x000000008c500000| Untracked 
| 198|0x000000008c600000, 0x000000008c600000, 0x000000008c700000|  0%| F|  |TAMS 0x000000008c600000, 0x000000008c600000| Untracked 
| 199|0x000000008c700000, 0x000000008c700000, 0x000000008c800000|  0%| F|  |TAMS 0x000000008c700000, 0x000000008c700000| Untracked 
| 200|0x000000008c800000, 0x000000008c800000, 0x000000008c900000|  0%| F|  |TAMS 0x000000008c800000, 0x000000008c800000| Untracked 
| 201|0x000000008c900000, 0x000000008c900000, 0x000000008ca00000|  0%| F|  |TAMS 0x000000008c900000, 0x000000008c900000| Untracked 
| 202|0x000000008ca00000, 0x000000008ca00000, 0x000000008cb00000|  0%| F|  |TAMS 0x000000008ca00000, 0x000000008ca00000| Untracked 
| 203|0x000000008cb00000, 0x000000008cbd6470, 0x000000008cc00000| 83%| S|CS|TAMS 0x000000008cb00000, 0x000000008cb00000| Complete 
| 204|0x000000008cc00000, 0x000000008cd00000, 0x000000008cd00000|100%| S|CS|TAMS 0x000000008cc00000, 0x000000008cc00000| Complete 
| 205|0x000000008cd00000, 0x000000008cd00000, 0x000000008ce00000|  0%| F|  |TAMS 0x000000008cd00000, 0x000000008cd00000| Untracked 
| 206|0x000000008ce00000, 0x000000008ce00000, 0x000000008cf00000|  0%| F|  |TAMS 0x000000008ce00000, 0x000000008ce00000| Untracked 
| 207|0x000000008cf00000, 0x000000008cf00000, 0x000000008d000000|  0%| F|  |TAMS 0x000000008cf00000, 0x000000008cf00000| Untracked 
| 208|0x000000008d000000, 0x000000008d000000, 0x000000008d100000|  0%| F|  |TAMS 0x000000008d000000, 0x000000008d000000| Untracked 
| 209|0x000000008d100000, 0x000000008d100000, 0x000000008d200000|  0%| F|  |TAMS 0x000000008d100000, 0x000000008d100000| Untracked 
| 210|0x000000008d200000, 0x000000008d200000, 0x000000008d300000|  0%| F|  |TAMS 0x000000008d200000, 0x000000008d200000| Untracked 
| 211|0x000000008d300000, 0x000000008d400000, 0x000000008d400000|100%| S|CS|TAMS 0x000000008d300000, 0x000000008d300000| Complete 
| 212|0x000000008d400000, 0x000000008d500000, 0x000000008d500000|100%| S|CS|TAMS 0x000000008d400000, 0x000000008d400000| Complete 
| 213|0x000000008d500000, 0x000000008d600000, 0x000000008d600000|100%| S|CS|TAMS 0x000000008d500000, 0x000000008d500000| Complete 
| 214|0x000000008d600000, 0x000000008d700000, 0x000000008d700000|100%| S|CS|TAMS 0x000000008d600000, 0x000000008d600000| Complete 
| 215|0x000000008d700000, 0x000000008d700000, 0x000000008d800000|  0%| F|  |TAMS 0x000000008d700000, 0x000000008d700000| Untracked 
| 216|0x000000008d800000, 0x000000008d800000, 0x000000008d900000|  0%| F|  |TAMS 0x000000008d800000, 0x000000008d800000| Untracked 
| 217|0x000000008d900000, 0x000000008d900000, 0x000000008da00000|  0%| F|  |TAMS 0x000000008d900000, 0x000000008d900000| Untracked 
| 218|0x000000008da00000, 0x000000008da00000, 0x000000008db00000|  0%| F|  |TAMS 0x000000008da00000, 0x000000008da00000| Untracked 
| 219|0x000000008db00000, 0x000000008db00000, 0x000000008dc00000|  0%| F|  |TAMS 0x000000008db00000, 0x000000008db00000| Untracked 
| 220|0x000000008dc00000, 0x000000008dc00000, 0x000000008dd00000|  0%| F|  |TAMS 0x000000008dc00000, 0x000000008dc00000| Untracked 
| 221|0x000000008dd00000, 0x000000008dd00000, 0x000000008de00000|  0%| F|  |TAMS 0x000000008dd00000, 0x000000008dd00000| Untracked 
| 222|0x000000008de00000, 0x000000008de00000, 0x000000008df00000|  0%| F|  |TAMS 0x000000008de00000, 0x000000008de00000| Untracked 
| 223|0x000000008df00000, 0x000000008df00000, 0x000000008e000000|  0%| F|  |TAMS 0x000000008df00000, 0x000000008df00000| Untracked 
| 224|0x000000008e000000, 0x000000008e000000, 0x000000008e100000|  0%| F|  |TAMS 0x000000008e000000, 0x000000008e000000| Untracked 
| 225|0x000000008e100000, 0x000000008e100000, 0x000000008e200000|  0%| F|  |TAMS 0x000000008e100000, 0x000000008e100000| Untracked 
| 226|0x000000008e200000, 0x000000008e200000, 0x000000008e300000|  0%| F|  |TAMS 0x000000008e200000, 0x000000008e200000| Untracked 
| 227|0x000000008e300000, 0x000000008e300000, 0x000000008e400000|  0%| F|  |TAMS 0x000000008e300000, 0x000000008e300000| Untracked 
| 228|0x000000008e400000, 0x000000008e400000, 0x000000008e500000|  0%| F|  |TAMS 0x000000008e400000, 0x000000008e400000| Untracked 
| 229|0x000000008e500000, 0x000000008e500000, 0x000000008e600000|  0%| F|  |TAMS 0x000000008e500000, 0x000000008e500000| Untracked 
| 230|0x000000008e600000, 0x000000008e600000, 0x000000008e700000|  0%| F|  |TAMS 0x000000008e600000, 0x000000008e600000| Untracked 
| 231|0x000000008e700000, 0x000000008e700000, 0x000000008e800000|  0%| F|  |TAMS 0x000000008e700000, 0x000000008e700000| Untracked 
| 232|0x000000008e800000, 0x000000008e800000, 0x000000008e900000|  0%| F|  |TAMS 0x000000008e800000, 0x000000008e800000| Untracked 
| 233|0x000000008e900000, 0x000000008e900000, 0x000000008ea00000|  0%| F|  |TAMS 0x000000008e900000, 0x000000008e900000| Untracked 
| 234|0x000000008ea00000, 0x000000008ea00000, 0x000000008eb00000|  0%| F|  |TAMS 0x000000008ea00000, 0x000000008ea00000| Untracked 
| 235|0x000000008eb00000, 0x000000008eb00000, 0x000000008ec00000|  0%| F|  |TAMS 0x000000008eb00000, 0x000000008eb00000| Untracked 
| 236|0x000000008ec00000, 0x000000008ec00000, 0x000000008ed00000|  0%| F|  |TAMS 0x000000008ec00000, 0x000000008ec00000| Untracked 
| 237|0x000000008ed00000, 0x000000008ed00000, 0x000000008ee00000|  0%| F|  |TAMS 0x000000008ed00000, 0x000000008ed00000| Untracked 
| 238|0x000000008ee00000, 0x000000008ee00000, 0x000000008ef00000|  0%| F|  |TAMS 0x000000008ee00000, 0x000000008ee00000| Untracked 
| 239|0x000000008ef00000, 0x000000008ef00000, 0x000000008f000000|  0%| F|  |TAMS 0x000000008ef00000, 0x000000008ef00000| Untracked 
| 240|0x000000008f000000, 0x000000008f000000, 0x000000008f100000|  0%| F|  |TAMS 0x000000008f000000, 0x000000008f000000| Untracked 
| 241|0x000000008f100000, 0x000000008f100000, 0x000000008f200000|  0%| F|  |TAMS 0x000000008f100000, 0x000000008f100000| Untracked 
| 242|0x000000008f200000, 0x000000008f200000, 0x000000008f300000|  0%| F|  |TAMS 0x000000008f200000, 0x000000008f200000| Untracked 
| 243|0x000000008f300000, 0x000000008f300000, 0x000000008f400000|  0%| F|  |TAMS 0x000000008f300000, 0x000000008f300000| Untracked 
| 244|0x000000008f400000, 0x000000008f400000, 0x000000008f500000|  0%| F|  |TAMS 0x000000008f400000, 0x000000008f400000| Untracked 
| 245|0x000000008f500000, 0x000000008f500000, 0x000000008f600000|  0%| F|  |TAMS 0x000000008f500000, 0x000000008f500000| Untracked 
| 246|0x000000008f600000, 0x000000008f600000, 0x000000008f700000|  0%| F|  |TAMS 0x000000008f600000, 0x000000008f600000| Untracked 
| 247|0x000000008f700000, 0x000000008f700000, 0x000000008f800000|  0%| F|  |TAMS 0x000000008f700000, 0x000000008f700000| Untracked 
| 248|0x000000008f800000, 0x000000008f800000, 0x000000008f900000|  0%| F|  |TAMS 0x000000008f800000, 0x000000008f800000| Untracked 
| 249|0x000000008f900000, 0x000000008f900000, 0x000000008fa00000|  0%| F|  |TAMS 0x000000008f900000, 0x000000008f900000| Untracked 
| 250|0x000000008fa00000, 0x000000008fa00000, 0x000000008fb00000|  0%| F|  |TAMS 0x000000008fa00000, 0x000000008fa00000| Untracked 
| 251|0x000000008fb00000, 0x000000008fc00000, 0x000000008fc00000|100%| E|  |TAMS 0x000000008fb00000, 0x000000008fb00000| Complete 
| 252|0x000000008fc00000, 0x000000008fd00000, 0x000000008fd00000|100%| E|CS|TAMS 0x000000008fc00000, 0x000000008fc00000| Complete 
| 253|0x000000008fd00000, 0x000000008fe00000, 0x000000008fe00000|100%| E|CS|TAMS 0x000000008fd00000, 0x000000008fd00000| Complete 
| 254|0x000000008fe00000, 0x000000008ff00000, 0x000000008ff00000|100%| E|CS|TAMS 0x000000008fe00000, 0x000000008fe00000| Complete 
| 255|0x000000008ff00000, 0x0000000090000000, 0x0000000090000000|100%| E|CS|TAMS 0x000000008ff00000, 0x000000008ff00000| Complete 

Card table byte_map: [0x00000183e7e50000,0x00000183e8250000] _byte_map_base: 0x00000183e7a50000

Marking Bits (Prev, Next): (CMBitMap*) 0x00000183d2d30d68, (CMBitMap*) 0x00000183d2d30da0
 Prev Bits: [0x00000183e8650000, 0x00000183ea650000)
 Next Bits: [0x00000183ea650000, 0x00000183ec650000)

Polling page: 0x00000183d2dd0000

Metaspace:

Usage:
  Non-class:     79.74 MB capacity,    78.20 MB ( 98%) used,     1.27 MB (  2%) free+waste,   267.88 KB ( <1%) overhead. 
      Class:     12.40 MB capacity,    11.40 MB ( 92%) used,   898.21 KB (  7%) free+waste,   122.50 KB ( <1%) overhead. 
       Both:     92.14 MB capacity,    89.60 MB ( 97%) used,     2.15 MB (  2%) free+waste,   390.38 KB ( <1%) overhead. 

Virtual space:
  Non-class space:       82.00 MB reserved,      80.33 MB ( 98%) committed 
      Class space:        1.00 GB reserved,      12.75 MB (  1%) committed 
             Both:        1.08 GB reserved,      93.08 MB (  8%) committed 

Chunk freelists:
   Non-Class:  539.00 KB
       Class:  264.00 KB
        Both:  803.00 KB

MaxMetaspaceSize: 17179869184.00 GB
CompressedClassSpaceSize: 1.00 GB
Initial GC threshold: 20.80 MB
Current GC threshold: 155.13 MB
CDS: off

CodeHeap 'non-profiled nmethods': size=120000Kb used=8969Kb max_used=8969Kb free=111030Kb
 bounds [0x00000183dfac0000, 0x00000183e0390000, 0x00000183e6ff0000]
CodeHeap 'profiled nmethods': size=120000Kb used=28228Kb max_used=28228Kb free=91771Kb
 bounds [0x00000183d8590000, 0x00000183da130000, 0x00000183dfac0000]
CodeHeap 'non-nmethods': size=5760Kb used=2376Kb max_used=2435Kb free=3383Kb
 bounds [0x00000183d7ff0000, 0x00000183d8260000, 0x00000183d8590000]
 total_blobs=13398 nmethods=12501 adapters=809
 compilation: enabled
              stopped_count=0, restarted_count=0
 full_count=0

Compilation events (20 events):
Event: 55.529 Thread 0x00000183ef9fe800 12699 %     3       org.mozilla.universalchardet.prober.CharsetProber::filterWithoutEnglishLetters @ 20 (144 bytes)
Event: 55.531 Thread 0x00000183ef9fe800 nmethod 12699% 0x00000183da110910 code [0x00000183da110b60, 0x00000183da1116f8]
Event: 55.531 Thread 0x00000183ef9fe800 12700       3       java.util.ServiceLoader$ModuleServicesLookupIterator::iteratorFor (191 bytes)
Event: 55.539 Thread 0x00000183ef9fe800 nmethod 12700 0x00000183da111b10 code [0x00000183da112100, 0x00000183da115858]
Event: 55.560 Thread 0x00000183f2322000 nmethod 12684 0x00000183e037a690 code [0x00000183e037a8e0, 0x00000183e037b7a8]
Event: 55.560 Thread 0x00000183f2322000 12689       4       org.antlr.v4.runtime.CommonToken::getText (67 bytes)
Event: 55.595 Thread 0x00000183f2322000 nmethod 12689 0x00000183e037c190 code [0x00000183e037c380, 0x00000183e037cd78]
Event: 55.595 Thread 0x00000183f2322000 12693       4       org.antlr.v4.runtime.misc.Interval::of (54 bytes)
Event: 55.605 Thread 0x00000183f2322000 nmethod 12693 0x00000183e037d390 code [0x00000183e037d540, 0x00000183e037d798]
Event: 55.605 Thread 0x00000183f2322000 12690       4       org.antlr.v4.runtime.ANTLRInputStream::getText (58 bytes)
Event: 55.629 Thread 0x00000183f2322000 nmethod 12690 0x00000183e037d910 code [0x00000183e037dae0, 0x00000183e037e178]
Event: 55.652 Thread 0x00000183f2322000 12701       4       org.apache.xerces.impl.io.UTF8Reader::read (1402 bytes)
Event: 55.662 Thread 0x00000183ef9fe800 12702       1       com.sun.org.apache.xml.internal.utils.ObjectVector::size (5 bytes)
Event: 55.662 Thread 0x00000183ef9fe800 nmethod 12702 0x00000183e037e510 code [0x00000183e037e6c0, 0x00000183e037e778]
Event: 55.663 Thread 0x00000183ef9fe800 12703       3       com.sun.org.apache.xpath.internal.compiler.OpMap::setOp (10 bytes)
Event: 55.663 Thread 0x00000183ef9fe800 nmethod 12703 0x00000183da116b90 code [0x00000183da116d40, 0x00000183da116e88]
Event: 55.666 Thread 0x00000183ef9fe800 12705       3       org.antlr.v4.runtime.atn.LexerPopModeAction::execute (6 bytes)
Event: 55.667 Thread 0x00000183ef9fe800 nmethod 12705 0x00000183da116f90 code [0x00000183da117180, 0x00000183da117678]
Event: 55.667 Thread 0x00000183ef9fe800 12706       3       org.antlr.v4.runtime.Lexer::popMode (34 bytes)
Event: 55.667 Thread 0x00000183ef9fe800 nmethod 12706 0x00000183da117890 code [0x00000183da117a80, 0x00000183da117e98]

GC Heap History (20 events):
Event: 24.605 GC heap before
{Heap before GC invocations=11 (full 0):
 garbage-first heap   total 262144K, used 144076K [0x0000000080000000, 0x0000000100000000)
  region size 1024K, 96 young (98304K), 3 survivors (3072K)
 Metaspace       used 65087K, capacity 66856K, committed 67024K, reserved 1107968K
  class space    used 8184K, capacity 8815K, committed 8832K, reserved 1048576K
}
Event: 24.626 GC heap after
{Heap after GC invocations=12 (full 0):
 garbage-first heap   total 262144K, used 54415K [0x0000000080000000, 0x0000000100000000)
  region size 1024K, 9 young (9216K), 9 survivors (9216K)
 Metaspace       used 65087K, capacity 66856K, committed 67024K, reserved 1107968K
  class space    used 8184K, capacity 8815K, committed 8832K, reserved 1048576K
}
Event: 26.923 GC heap before
{Heap before GC invocations=13 (full 0):
 garbage-first heap   total 262144K, used 154767K [0x0000000080000000, 0x0000000100000000)
  region size 1024K, 107 young (109568K), 9 survivors (9216K)
 Metaspace       used 69554K, capacity 71454K, committed 71632K, reserved 1112064K
  class space    used 8866K, capacity 9564K, committed 9600K, reserved 1048576K
}
Event: 26.943 GC heap after
{Heap after GC invocations=14 (full 0):
 garbage-first heap   total 262144K, used 62350K [0x0000000080000000, 0x0000000100000000)
  region size 1024K, 8 young (8192K), 8 survivors (8192K)
 Metaspace       used 69554K, capacity 71454K, committed 71632K, reserved 1112064K
  class space    used 8866K, capacity 9564K, committed 9600K, reserved 1048576K
}
Event: 29.001 GC heap before
{Heap before GC invocations=14 (full 0):
 garbage-first heap   total 262144K, used 165774K [0x0000000080000000, 0x0000000100000000)
  region size 1024K, 109 young (111616K), 8 survivors (8192K)
 Metaspace       used 74546K, capacity 76681K, committed 76880K, reserved 1116160K
  class space    used 9654K, capacity 10480K, committed 10496K, reserved 1048576K
}
Event: 29.026 GC heap after
{Heap after GC invocations=15 (full 0):
 garbage-first heap   total 262144K, used 68952K [0x0000000080000000, 0x0000000100000000)
  region size 1024K, 14 young (14336K), 14 survivors (14336K)
 Metaspace       used 74546K, capacity 76681K, committed 76880K, reserved 1116160K
  class space    used 9654K, capacity 10480K, committed 10496K, reserved 1048576K
}
Event: 34.084 GC heap before
{Heap before GC invocations=15 (full 0):
 garbage-first heap   total 262144K, used 174424K [0x0000000080000000, 0x0000000100000000)
  region size 1024K, 117 young (119808K), 14 survivors (14336K)
 Metaspace       used 83939K, capacity 86373K, committed 86480K, reserved 1124352K
  class space    used 10920K, capacity 11833K, committed 11904K, reserved 1048576K
}
Event: 34.120 GC heap after
{Heap after GC invocations=16 (full 0):
 garbage-first heap   total 262144K, used 77036K [0x0000000080000000, 0x0000000100000000)
  region size 1024K, 15 young (15360K), 15 survivors (15360K)
 Metaspace       used 83939K, capacity 86373K, committed 86480K, reserved 1124352K
  class space    used 10920K, capacity 11833K, committed 11904K, reserved 1048576K
}
Event: 36.752 GC heap before
{Heap before GC invocations=16 (full 0):
 garbage-first heap   total 262144K, used 183532K [0x0000000080000000, 0x0000000100000000)
  region size 1024K, 119 young (121856K), 15 survivors (15360K)
 Metaspace       used 86417K, capacity 89255K, committed 89552K, reserved 1126400K
  class space    used 11264K, capacity 12359K, committed 12416K, reserved 1048576K
}
Event: 36.784 GC heap after
{Heap after GC invocations=17 (full 0):
 garbage-first heap   total 262144K, used 84392K [0x0000000080000000, 0x0000000100000000)
  region size 1024K, 15 young (15360K), 15 survivors (15360K)
 Metaspace       used 86417K, capacity 89255K, committed 89552K, reserved 1126400K
  class space    used 11264K, capacity 12359K, committed 12416K, reserved 1048576K
}
Event: 46.325 GC heap before
{Heap before GC invocations=17 (full 0):
 garbage-first heap   total 262144K, used 188840K [0x0000000080000000, 0x0000000100000000)
  region size 1024K, 118 young (120832K), 15 survivors (15360K)
 Metaspace       used 88634K, capacity 91556K, committed 91856K, reserved 1128448K
  class space    used 11431K, capacity 12559K, committed 12672K, reserved 1048576K
}
Event: 46.378 GC heap after
{Heap after GC invocations=18 (full 0):
 garbage-first heap   total 262144K, used 97967K [0x0000000080000000, 0x0000000100000000)
  region size 1024K, 14 young (14336K), 14 survivors (14336K)
 Metaspace       used 88634K, capacity 91556K, committed 91856K, reserved 1128448K
  class space    used 11431K, capacity 12559K, committed 12672K, reserved 1048576K
}
Event: 50.092 GC heap before
{Heap before GC invocations=18 (full 0):
 garbage-first heap   total 262144K, used 198319K [0x0000000080000000, 0x0000000100000000)
  region size 1024K, 109 young (111616K), 14 survivors (14336K)
 Metaspace       used 88943K, capacity 91755K, committed 92112K, reserved 1128448K
  class space    used 11449K, capacity 12562K, committed 12672K, reserved 1048576K
}
Event: 50.180 GC heap after
{Heap after GC invocations=19 (full 0):
 garbage-first heap   total 262144K, used 142336K [0x0000000080000000, 0x0000000100000000)
  region size 1024K, 14 young (14336K), 14 survivors (14336K)
 Metaspace       used 88943K, capacity 91755K, committed 92112K, reserved 1128448K
  class space    used 11449K, capacity 12562K, committed 12672K, reserved 1048576K
}
Event: 51.049 GC heap before
{Heap before GC invocations=19 (full 0):
 garbage-first heap   total 262144K, used 160768K [0x0000000080000000, 0x0000000100000000)
  region size 1024K, 33 young (33792K), 14 survivors (14336K)
 Metaspace       used 89177K, capacity 92043K, committed 92368K, reserved 1128448K
  class space    used 11468K, capacity 12594K, committed 12672K, reserved 1048576K
}
Event: 51.095 GC heap after
{Heap after GC invocations=20 (full 0):
 garbage-first heap   total 262144K, used 146944K [0x0000000080000000, 0x0000000100000000)
  region size 1024K, 3 young (3072K), 3 survivors (3072K)
 Metaspace       used 89177K, capacity 92043K, committed 92368K, reserved 1128448K
  class space    used 11468K, capacity 12594K, committed 12672K, reserved 1048576K
}
Event: 53.143 GC heap before
{Heap before GC invocations=21 (full 0):
 garbage-first heap   total 262144K, used 197120K [0x0000000080000000, 0x0000000100000000)
  region size 1024K, 45 young (46080K), 3 survivors (3072K)
 Metaspace       used 88819K, capacity 91412K, committed 92368K, reserved 1128448K
  class space    used 11333K, capacity 12335K, committed 12672K, reserved 1048576K
}
Event: 53.176 GC heap after
{Heap after GC invocations=22 (full 0):
 garbage-first heap   total 262144K, used 154624K [0x0000000080000000, 0x0000000100000000)
  region size 1024K, 6 young (6144K), 6 survivors (6144K)
 Metaspace       used 88819K, capacity 91412K, committed 92368K, reserved 1128448K
  class space    used 11333K, capacity 12335K, committed 12672K, reserved 1048576K
}
Event: 55.085 GC heap before
{Heap before GC invocations=22 (full 0):
 garbage-first heap   total 262144K, used 196608K [0x0000000080000000, 0x0000000100000000)
  region size 1024K, 47 young (48128K), 6 survivors (6144K)
 Metaspace       used 91676K, capacity 94215K, committed 95312K, reserved 1132544K
  class space    used 11673K, capacity 12694K, committed 13056K, reserved 1048576K
}
Event: 55.121 GC heap after
{Heap after GC invocations=23 (full 0):
 garbage-first heap   total 262144K, used 161453K [0x0000000080000000, 0x0000000100000000)
  region size 1024K, 6 young (6144K), 6 survivors (6144K)
 Metaspace       used 91676K, capacity 94215K, committed 95312K, reserved 1132544K
  class space    used 11673K, capacity 12694K, committed 13056K, reserved 1048576K
}

Deoptimization events (20 events):
Event: 54.810 Thread 0x00000183f6a87000 Uncommon trap: trap_request=0xffffffde fr.pc=0x00000183e02a9de4 relative=0x00000000000043c4
Event: 54.810 Thread 0x00000183f6a87000 Uncommon trap: reason=class_check action=maybe_recompile pc=0x00000183e02a9de4 method=org.apache.xerces.impl.XMLDocumentFragmentScannerImpl$FragmentContentDispatcher.dispatch(Z)Z @ 1017 c2
Event: 54.810 Thread 0x00000183f6a87000 DEOPT PACKING pc=0x00000183e02a9de4 sp=0x00000004f6af9ac0
Event: 54.810 Thread 0x00000183f6a87000 DEOPT UNPACKING pc=0x00000183d803a1af sp=0x00000004f6af9ad8 mode 2
Event: 54.853 Thread 0x00000183f6a87000 Uncommon trap: trap_request=0xffffffde fr.pc=0x00000183e02a9de4 relative=0x00000000000043c4
Event: 54.853 Thread 0x00000183f6a87000 Uncommon trap: reason=class_check action=maybe_recompile pc=0x00000183e02a9de4 method=org.apache.xerces.impl.XMLDocumentFragmentScannerImpl$FragmentContentDispatcher.dispatch(Z)Z @ 1017 c2
Event: 54.853 Thread 0x00000183f6a87000 DEOPT PACKING pc=0x00000183e02a9de4 sp=0x00000004f6af9ac0
Event: 54.853 Thread 0x00000183f6a87000 DEOPT UNPACKING pc=0x00000183d803a1af sp=0x00000004f6af9ad8 mode 2
Event: 54.888 Thread 0x00000183f6a87000 Uncommon trap: trap_request=0xffffffde fr.pc=0x00000183e02a9de4 relative=0x00000000000043c4
Event: 54.888 Thread 0x00000183f6a87000 Uncommon trap: reason=class_check action=maybe_recompile pc=0x00000183e02a9de4 method=org.apache.xerces.impl.XMLDocumentFragmentScannerImpl$FragmentContentDispatcher.dispatch(Z)Z @ 1017 c2
Event: 54.888 Thread 0x00000183f6a87000 DEOPT PACKING pc=0x00000183e02a9de4 sp=0x00000004f6af9ac0
Event: 54.889 Thread 0x00000183f6a87000 DEOPT UNPACKING pc=0x00000183d803a1af sp=0x00000004f6af9ad8 mode 2
Event: 54.889 Thread 0x00000183f6a87000 Uncommon trap: trap_request=0xffffff4d fr.pc=0x00000183e027255c relative=0x0000000000002c5c
Event: 54.889 Thread 0x00000183f6a87000 Uncommon trap: reason=unstable_if action=reinterpret pc=0x00000183e027255c method=org.apache.xerces.impl.XMLScanner.scanAttributeValue(Lorg/apache/xerces/xni/XMLString;Lorg/apache/xerces/xni/XMLString;Ljava/lang/String;ZLjava/lang/String;)Z @ 13 c2
Event: 54.889 Thread 0x00000183f6a87000 DEOPT PACKING pc=0x00000183e027255c sp=0x00000004f6af97d0
Event: 54.889 Thread 0x00000183f6a87000 DEOPT UNPACKING pc=0x00000183d803a1af sp=0x00000004f6af97b0 mode 2
Event: 55.191 Thread 0x00000183f6a87000 DEOPT PACKING pc=0x00000183da070737 sp=0x00000004f6af9410
Event: 55.191 Thread 0x00000183f6a87000 DEOPT UNPACKING pc=0x00000183d803a95e sp=0x00000004f6af8998 mode 0
Event: 55.656 Thread 0x00000183f6a87000 DEOPT PACKING pc=0x00000183da02df78 sp=0x00000004f6af97e0
Event: 55.656 Thread 0x00000183f6a87000 DEOPT UNPACKING pc=0x00000183d803a95e sp=0x00000004f6af8d00 mode 0

Classes redefined (0 events):
No events

Internal exceptions (20 events):
Event: 34.919 Thread 0x00000183f6b91000 Exception <a 'java/lang/NoSuchMethodError'{0x000000008e7faee8}: 'java.lang.Object java.lang.invoke.DirectMethodHandle$Holder.invokeSpecialIFC(java.lang.Object, java.lang.Object, java.lang.Object)'> (0x000000008e7faee8) thrown at [./src/hotspot/share/interpreter/linkResolver.cpp, line 773]
Event: 34.920 Thread 0x00000183f31a6800 Exception <a 'java/lang/NoSuchMethodError'{0x000000008e62dc10}: 'java.lang.Object java.lang.invoke.DirectMethodHandle$Holder.invokeSpecialIFC(java.lang.Object, java.lang.Object, java.lang.Object)'> (0x000000008e62dc10) thrown at [./src/hotspot/share/interpreter/linkResolver.cpp, line 773]
Event: 34.920 Thread 0x00000183f6b92800 Exception <a 'java/lang/NoSuchMethodError'{0x000000008e7e2538}: 'java.lang.Object java.lang.invoke.DirectMethodHandle$Holder.invokeSpecialIFC(java.lang.Object, java.lang.Object, java.lang.Object)'> (0x000000008e7e2538) thrown at [./src/hotspot/share/interpreter/linkResolver.cpp, line 773]
Event: 34.920 Thread 0x00000183f31a8800 Exception <a 'java/lang/NoSuchMethodError'{0x000000008e65f3f0}: 'java.lang.Object java.lang.invoke.DirectMethodHandle$Holder.invokeSpecialIFC(java.lang.Object, java.lang.Object, java.lang.Object)'> (0x000000008e65f3f0) thrown at [./src/hotspot/share/interpreter/linkResolver.cpp, line 773]
Event: 34.920 Thread 0x00000183f319d800 Exception <a 'java/lang/NoSuchMethodError'{0x000000008e67e9e0}: 'java.lang.Object java.lang.invoke.DirectMethodHandle$Holder.invokeSpecialIFC(java.lang.Object, java.lang.Object, java.lang.Object)'> (0x000000008e67e9e0) thrown at [./src/hotspot/share/interpreter/linkResolver.cpp, line 773]
Event: 34.921 Thread 0x00000183f323e800 Exception <a 'java/lang/NoSuchMethodError'{0x000000008e646708}: 'java.lang.Object java.lang.invoke.DirectMethodHandle$Holder.invokeSpecialIFC(java.lang.Object, java.lang.Object, java.lang.Object)'> (0x000000008e646708) thrown at [./src/hotspot/share/interpreter/linkResolver.cpp, line 773]
Event: 35.019 Thread 0x00000183f319d800 Exception <a 'java/lang/NoSuchMethodError'{0x000000008e275120}: 'int java.lang.invoke.DirectMethodHandle$Holder.invokeStaticInit(java.lang.Object, java.lang.Object, java.lang.Object, java.lang.Object, java.lang.Object)'> (0x000000008e275120) thrown at [./src/hotspot/share/interpreter/linkResolver.cpp, line 773]
Event: 35.149 Thread 0x00000183f319d800 Exception <a 'java/lang/NoSuchMethodError'{0x000000008dc1d0a0}: 'void java.lang.invoke.DirectMethodHandle$Holder.invokeVirtual(java.lang.Object, java.lang.Object)'> (0x000000008dc1d0a0) thrown at [./src/hotspot/share/interpreter/linkResolver.cpp, line 773]
Event: 36.540 Thread 0x00000183f6a87000 Exception <a 'java/lang/ClassNotFoundException'{0x0000000089f3bb38}: com/google/firebase/crashlytics/buildtools/android/project/XmlBuildIdReaderBeanInfo> (0x0000000089f3bb38) thrown at [./src/hotspot/share/classfile/systemDictionary.cpp, line 231]
Event: 36.541 Thread 0x00000183f6a87000 Exception <a 'java/lang/ClassNotFoundException'{0x0000000089f56558}: com/google/firebase/crashlytics/buildtools/android/project/XmlBuildIdReaderCustomizer> (0x0000000089f56558) thrown at [./src/hotspot/share/classfile/systemDictionary.cpp, line 231]
Event: 36.551 Thread 0x00000183f6a87000 Exception <a 'java/lang/ClassNotFoundException'{0x0000000089fa30c8}: com/google/firebase/crashlytics/buildtools/android/project/XmlBuildIdReader$FileXmlBuildIdReaderBeanInfo> (0x0000000089fa30c8) thrown at [./src/hotspot/share/classfile/systemDictionary.cpp, line 231]
Event: 36.552 Thread 0x00000183f6a87000 Exception <a 'java/lang/ClassNotFoundException'{0x0000000089fc0e90}: com/google/firebase/crashlytics/buildtools/android/project/XmlBuildIdReader$FileXmlBuildIdReaderCustomizer> (0x0000000089fc0e90) thrown at [./src/hotspot/share/classfile/systemDictionary.cpp, line 231]
Event: 36.609 Thread 0x00000183f6a87000 Exception <a 'java/lang/ClassNotFoundException'{0x0000000089d0d990}: org/gradle/api/internal/provider/MappingProviderBeanInfo> (0x0000000089d0d990) thrown at [./src/hotspot/share/classfile/systemDictionary.cpp, line 231]
Event: 36.612 Thread 0x00000183f6a87000 Exception <a 'java/lang/ClassNotFoundException'{0x0000000089d3e538}: org/gradle/api/internal/provider/MappingProviderCustomizer> (0x0000000089d3e538) thrown at [./src/hotspot/share/classfile/systemDictionary.cpp, line 231]
Event: 36.667 Thread 0x00000183f6a87000 Exception <a 'java/lang/NoSuchMethodError'{0x0000000089c794e0}: 'void java.lang.invoke.DirectMethodHandle$Holder.invokeStatic(java.lang.Object, java.lang.Object, java.lang.Object, java.lang.Object, java.lang.Object, java.lang.Object, java.lang.Object)'> (0x0000000089c794e0) thrown at [./src/hotspot/share/interpreter/linkResolver.cpp, line 773]
Event: 36.685 Thread 0x00000183f1adb000 Exception <a 'java/lang/NoSuchMethodError'{0x0000000089b30708}: <clinit>> (0x0000000089b30708) thrown at [./src/hotspot/share/prims/jni.cpp, line 1366]
Event: 38.337 Thread 0x00000183f4d99800 Implicit null exception at 0x00000183e014d558 to 0x00000183e014de08
Event: 38.337 Thread 0x00000183f4da1800 Implicit null exception at 0x00000183e014d558 to 0x00000183e014de08
Event: 38.405 Thread 0x00000183f6b91800 Implicit null exception at 0x00000183e01518d2 to 0x00000183e0151cd8
Event: 46.677 Thread 0x00000183f6a87000 Implicit null exception at 0x00000183e01febf5 to 0x00000183e01feffc

Events (20 events):
Event: 54.777 loading class org/antlr/v4/runtime/misc/Utils
Event: 54.777 loading class org/antlr/v4/runtime/misc/Utils done
Event: 54.781 loading class android/databinding/tool/store/LayoutFileParser$3
Event: 54.781 loading class android/databinding/tool/store/LayoutFileParser$3 done
Event: 54.782 loading class android/databinding/parser/XMLParserBaseVisitor
Event: 54.782 loading class android/databinding/parser/XMLParserBaseVisitor done
Event: 54.783 loading class android/databinding/parser/XMLParserVisitor
Event: 54.783 loading class android/databinding/parser/XMLParserVisitor done
Event: 54.823 loading class java/nio/channels/FileChannel$MapMode
Event: 54.823 loading class java/nio/channels/FileChannel$MapMode done
Event: 54.824 loading class sun/nio/ch/FileChannelImpl$Unmapper
Event: 54.824 loading class sun/nio/ch/FileChannelImpl$Unmapper done
Event: 54.824 loading class sun/nio/ch/Util$4
Event: 54.824 loading class sun/nio/ch/Util$4 done
Event: 54.903 Thread 0x00000183f2322000 Thread added: 0x00000183f2322000
Event: 54.923 Thread 0x00000183f2324800 Thread added: 0x00000183f2324800
Event: 55.085 Executing VM operation: G1CollectForAllocation
Event: 55.121 Executing VM operation: G1CollectForAllocation done
Event: 55.673 Executing VM operation: CGC_Operation
Event: 55.706 Executing VM operation: CGC_Operation done


Dynamic libraries:
0x00007ff65ebc0000 - 0x00007ff65ebca000 	C:\Program Files\Android\Android Studio\jre\bin\java.exe
0x00007ffec9c90000 - 0x00007ffec9e88000 	C:\Windows\SYSTEM32\ntdll.dll
0x00007ffec8da0000 - 0x00007ffec8e5f000 	C:\Windows\System32\KERNEL32.DLL
0x00007ffec76c0000 - 0x00007ffec79b6000 	C:\Windows\System32\KERNELBASE.dll
0x00007ffec7bc0000 - 0x00007ffec7cc0000 	C:\Windows\System32\ucrtbase.dll
0x00007ffebf2a0000 - 0x00007ffebf2b9000 	C:\Program Files\Android\Android Studio\jre\bin\jli.dll
0x00007ffeb8800000 - 0x00007ffeb8817000 	C:\Program Files\Android\Android Studio\jre\bin\VCRUNTIME140.dll
0x00007ffec96e0000 - 0x00007ffec987d000 	C:\Windows\System32\USER32.dll
0x00007ffeb1560000 - 0x00007ffeb17fa000 	C:\Windows\WinSxS\amd64_microsoft.windows.common-controls_6595b64144ccf1df_6.0.19041.1110_none_60b5254171f9507e\COMCTL32.dll
0x00007ffec7690000 - 0x00007ffec76b2000 	C:\Windows\System32\win32u.dll
0x00007ffec7cf0000 - 0x00007ffec7d8e000 	C:\Windows\System32\msvcrt.dll
0x00007ffec96b0000 - 0x00007ffec96dc000 	C:\Windows\System32\GDI32.dll
0x00007ffec7a10000 - 0x00007ffec7b25000 	C:\Windows\System32\gdi32full.dll
0x00007ffec7420000 - 0x00007ffec74bd000 	C:\Windows\System32\msvcp_win.dll
0x00007ffec8630000 - 0x00007ffec8660000 	C:\Windows\System32\IMM32.DLL
0x00007ffe99bf0000 - 0x00007ffe99c8d000 	C:\Program Files\Android\Android Studio\jre\bin\msvcp140.dll
0x00007ffe6f0f0000 - 0x00007ffe6fbf2000 	C:\Program Files\Android\Android Studio\jre\bin\server\jvm.dll
0x00007ffec84e0000 - 0x00007ffec858f000 	C:\Windows\System32\ADVAPI32.dll
0x00007ffec90b0000 - 0x00007ffec914c000 	C:\Windows\System32\sechost.dll
0x00007ffec9b20000 - 0x00007ffec9c46000 	C:\Windows\System32\RPCRT4.dll
0x00007ffec9090000 - 0x00007ffec9098000 	C:\Windows\System32\PSAPI.DLL
0x00007ffeac8a0000 - 0x00007ffeac8a9000 	C:\Windows\SYSTEM32\WSOCK32.dll
0x00007ffebd850000 - 0x00007ffebd85a000 	C:\Windows\SYSTEM32\VERSION.dll
0x00007ffeaf530000 - 0x00007ffeaf557000 	C:\Windows\SYSTEM32\WINMM.dll
0x00007ffec99d0000 - 0x00007ffec9a3b000 	C:\Windows\System32\WS2_32.dll
0x00007ffec5400000 - 0x00007ffec5412000 	C:\Windows\SYSTEM32\kernel.appcore.dll
0x00007ffebf280000 - 0x00007ffebf291000 	C:\Program Files\Android\Android Studio\jre\bin\verify.dll
0x00007ffec4ef0000 - 0x00007ffec50d4000 	C:\Windows\SYSTEM32\DBGHELP.DLL
0x00007ffea8a20000 - 0x00007ffea8a54000 	C:\Windows\SYSTEM32\dbgcore.DLL
0x00007ffec7b30000 - 0x00007ffec7bb2000 	C:\Windows\System32\bcryptPrimitives.dll
0x00007ffeb5380000 - 0x00007ffeb53a9000 	C:\Program Files\Android\Android Studio\jre\bin\java.dll
0x00007ffec2a80000 - 0x00007ffec2a8b000 	C:\Program Files\Android\Android Studio\jre\bin\jimage.dll
0x00007ffeb5170000 - 0x00007ffeb5188000 	C:\Program Files\Android\Android Studio\jre\bin\zip.dll
0x00007ffec7d90000 - 0x00007ffec84d4000 	C:\Windows\System32\SHELL32.dll
0x00007ffec5420000 - 0x00007ffec5bb3000 	C:\Windows\SYSTEM32\windows.storage.dll
0x00007ffec9350000 - 0x00007ffec96a4000 	C:\Windows\System32\combase.dll
0x00007ffec6dc0000 - 0x00007ffec6dee000 	C:\Windows\SYSTEM32\Wldp.dll
0x00007ffec8e60000 - 0x00007ffec8f0d000 	C:\Windows\System32\SHCORE.dll
0x00007ffec8720000 - 0x00007ffec8775000 	C:\Windows\System32\shlwapi.dll
0x00007ffec72b0000 - 0x00007ffec72cf000 	C:\Windows\SYSTEM32\profapi.dll
0x00007ffeb5150000 - 0x00007ffeb516a000 	C:\Program Files\Android\Android Studio\jre\bin\net.dll
0x00007ffec1ca0000 - 0x00007ffec1daa000 	C:\Windows\SYSTEM32\WINHTTP.dll
0x00007ffec6b20000 - 0x00007ffec6b8a000 	C:\Windows\system32\mswsock.dll
0x00007ffeb5130000 - 0x00007ffeb5144000 	C:\Program Files\Android\Android Studio\jre\bin\nio.dll
0x00007ffeb01d0000 - 0x00007ffeb01f7000 	C:\Users\A\.gradle\native\e1d6ef7f7dcc3fd88c89a11ec53ec762bb8ba0a96d01ffa2cd45eb1d1d8dd5c5\windows-amd64\native-platform.dll
0x00007ffe7b130000 - 0x00007ffe7b274000 	C:\Users\A\.gradle\native\5664cfc778a61ccfe75a443a1ab52a65af34e5dc3c78e0209fed803814484fcb\windows-amd64\native-platform-file-events.dll
0x00007ffec29f0000 - 0x00007ffec29fa000 	C:\Program Files\Android\Android Studio\jre\bin\management.dll
0x00007ffec0f20000 - 0x00007ffec0f2d000 	C:\Program Files\Android\Android Studio\jre\bin\management_ext.dll
0x00007ffec6d10000 - 0x00007ffec6d28000 	C:\Windows\SYSTEM32\CRYPTSP.dll
0x00007ffec63d0000 - 0x00007ffec6404000 	C:\Windows\system32\rsaenh.dll
0x00007ffec7cc0000 - 0x00007ffec7ce7000 	C:\Windows\System32\bcrypt.dll
0x00007ffec7270000 - 0x00007ffec729e000 	C:\Windows\SYSTEM32\USERENV.dll
0x00007ffec6d30000 - 0x00007ffec6d3c000 	C:\Windows\SYSTEM32\CRYPTBASE.dll
0x00007ffec67c0000 - 0x00007ffec67fc000 	C:\Windows\SYSTEM32\IPHLPAPI.DLL
0x00007ffec90a0000 - 0x00007ffec90a8000 	C:\Windows\System32\NSI.dll
0x00007ffebd920000 - 0x00007ffebd937000 	C:\Windows\SYSTEM32\dhcpcsvc6.DLL
0x00007ffebda60000 - 0x00007ffebda7d000 	C:\Windows\SYSTEM32\dhcpcsvc.DLL
0x00007ffec6810000 - 0x00007ffec68da000 	C:\Windows\SYSTEM32\DNSAPI.dll

dbghelp: loaded successfully - version: 4.0.5 - missing functions: none
symbol engine: initialized successfully - sym options: 0x614 - pdb path: .;C:\Program Files\Android\Android Studio\jre\bin;C:\Windows\SYSTEM32;C:\Windows\WinSxS\amd64_microsoft.windows.common-controls_6595b64144ccf1df_6.0.19041.1110_none_60b5254171f9507e;C:\Program Files\Android\Android Studio\jre\bin\server;C:\Users\A\.gradle\native\e1d6ef7f7dcc3fd88c89a11ec53ec762bb8ba0a96d01ffa2cd45eb1d1d8dd5c5\windows-amd64;C:\Users\A\.gradle\native\5664cfc778a61ccfe75a443a1ab52a65af34e5dc3c78e0209fed803814484fcb\windows-amd64

VM Arguments:
jvm_args: -XX:MaxPermSize=512m -XX:+HeapDumpOnOutOfMemoryError --add-opens=java.base/java.util=ALL-UNNAMED --add-opens=java.base/java.lang=ALL-UNNAMED --add-opens=java.base/java.lang.invoke=ALL-UNNAMED --add-opens=java.base/java.util=ALL-UNNAMED --add-opens=java.prefs/java.util.prefs=ALL-UNNAMED --add-opens=java.prefs/java.util.prefs=ALL-UNNAMED --add-opens=java.base/java.nio.charset=ALL-UNNAMED --add-opens=java.base/java.net=ALL-UNNAMED --add-opens=java.base/java.util.concurrent.atomic=ALL-UNNAMED -Xmx2048m -Dfile.encoding=UTF-8 -Duser.country=GB -Duser.language=en -Duser.variant 
java_command: org.gradle.launcher.daemon.bootstrap.GradleDaemon 7.2
java_class_path (initial): C:\Users\A\.gradle\wrapper\dists\gradle-7.2-all\260hg96vuh6ex27h9vo47iv4d\gradle-7.2\lib\gradle-launcher-7.2.jar
Launcher Type: SUN_STANDARD

[Global flags]
     intx CICompilerCount                          = 4                                         {product} {ergonomic}
     uint ConcGCThreads                            = 2                                         {product} {ergonomic}
     uint G1ConcRefinementThreads                  = 8                                         {product} {ergonomic}
   size_t G1HeapRegionSize                         = 1048576                                   {product} {ergonomic}
    uintx GCDrainStackTargetSize                   = 64                                        {product} {ergonomic}
     bool HeapDumpOnOutOfMemoryError               = true                                   {manageable} {command line}
   size_t InitialHeapSize                          = 268435456                                 {product} {ergonomic}
   size_t MarkStackSize                            = 4194304                                   {product} {ergonomic}
   size_t MaxHeapSize                              = 2147483648                                {product} {command line}
   size_t MaxNewSize                               = 1287651328                                {product} {ergonomic}
   size_t MinHeapDeltaBytes                        = 1048576                                   {product} {ergonomic}
    uintx NonNMethodCodeHeapSize                   = 5836300                                {pd product} {ergonomic}
    uintx NonProfiledCodeHeapSize                  = 122910970                              {pd product} {ergonomic}
    uintx ProfiledCodeHeapSize                     = 122910970                              {pd product} {ergonomic}
    uintx ReservedCodeCacheSize                    = 251658240                              {pd product} {ergonomic}
     bool SegmentedCodeCache                       = true                                      {product} {ergonomic}
     bool UseCompressedClassPointers               = true                                 {lp64_product} {ergonomic}
     bool UseCompressedOops                        = true                                 {lp64_product} {ergonomic}
     bool UseG1GC                                  = true                                      {product} {ergonomic}
     bool UseLargePagesIndividualAllocation        = false                                  {pd product} {ergonomic}

Logging:
Log output configuration:
 #0: stdout all=warning uptime,level,tags
 #1: stderr all=off uptime,level,tags

Environment Variables:
JAVA_HOME=C:\Program Files\Java\jdk-11.0.15.1
PATH=C:\Program Files\Git;C:\Program Files\Common Files\Oracle\Java\javapath;C:\Windows\system32;C:\Windows;C:\Windows\System32\Wbem;C:\Windows\System32\WindowsPowerShell\v1.0\;C:\Windows\System32\OpenSSH\;C:\Program Files\Java\jdk-11.0.15.1\;C:\Program Files\Git\cmd;C:\Program Files\PostgreSQL\16\bin;C:\Program Files\dotnet\;C:\hapi-fhir-jpaserver-starter-master;C:\Program Files (x86)\Intel\Intel(R) Management Engine Components\DAL;C:\Program Files\Intel\Intel(R) Management Engine Components\DAL;C:\Program Files\PuTTY\;C:\Program Files\nodejs\;C:\opt\payara5\bin;C:\Program Files\MySQL\MySQL Shell 8.0\bin\;C:\Users\A\AppData\Local\Microsoft\WindowsApps;C:\Users\A\AppData\Local\Programs\Microsoft VS Code\bin;C:\Program Files\Java\jdk-11.0.15.1\bin;C:\apache-maven-3.8.6\bin;C:\Users\A\.dotnet\tools;C:\Program Files\JetBrains\IntelliJ IDEA Community Edition 2022.2.3\bin;;C:\Program Files\nodejs\;C:\Users\A\AppData\Local\GitHubDesktop\bin;C:\Users\A\AppData\Roaming\npm;C:\opt\payara5\bin;
USERNAME=A
OS=Windows_NT
PROCESSOR_IDENTIFIER=Intel64 Family 6 Model 142 Stepping 10, GenuineIntel



---------------  S Y S T E M  ---------------

OS: Windows 10 , 64 bit Build 19041 (10.0.19041.3031)
OS uptime: 0 days 6:53 hours

CPU:total 8 (initial active 8) (4 cores per cpu, 2 threads per core) family 6 model 142 stepping 10 microcode 0xf0, cmov, cx8, fxsr, mmx, sse, sse2, sse3, ssse3, sse4.1, sse4.2, popcnt, avx, avx2, aes, clmul, erms, rtm, 3dnowpref, lzcnt, ht, tsc, tscinvbit, bmi1, bmi2, adx, fma

Memory: 4k page, system-wide physical 16262M (1439M free)
TotalPageFile size 22311M (AvailPageFile size 8M)
current process WorkingSet (physical memory assigned to process): 548M, peak: 552M
current process commit charge ("private bytes"): 587M, peak: 595M

vm_info: OpenJDK 64-Bit Server VM (11.0.13+0-b1751.21-8125866) for windows-amd64 JRE (11.0.13+0-b1751.21-8125866), built on Feb  2 2022 03:00:22 by "builder" with MS VC++ 14.0 (VS2015)

END.
