#
# There is insufficient memory for the Java Runtime Environment to continue.
# Native memory allocation (malloc) failed to allocate 88176 bytes for Chunk::new
# Possible reasons:
#   The system is out of physical RAM or swap space
#   The process is running with CompressedOops enabled, and the Java Heap may be blocking the growth of the native heap
# Possible solutions:
#   Reduce memory load on the system
#   Increase physical memory or swap space
#   Check if swap backing store is full
#   Decrease Java heap size (-Xmx/-Xms)
#   Decrease number of Java threads
#   Decrease Java thread stack sizes (-Xss)
#   Set larger code cache with -XX:ReservedCodeCacheSize=
#   JVM is running with Unscaled Compressed Oops mode in which the Java heap is
#     placed in the first 4GB address space. The Java Heap base address is the
#     maximum limit for the native heap growth. Please use -XX:HeapBaseMinAddress
#     to set the Java Heap base and to place the Java Heap above 4GB virtual address.
# This output file may be truncated or incomplete.
#
#  Out of Memory Error (./src/hotspot/share/memory/arena.cpp:197), pid=3860, tid=6948
#
# JRE version: OpenJDK Runtime Environment (11.0.13) (build 11.0.13+0-b1751.21-8125866)
# Java VM: OpenJDK 64-Bit Server VM (11.0.13+0-b1751.21-8125866, mixed mode, tiered, compressed oops, g1 gc, windows-amd64)
# No core dump will be written. Minidumps are not enabled by default on client versions of Windows
#

---------------  S U M M A R Y ------------

Command Line: -XX:MaxPermSize=512m -XX:+HeapDumpOnOutOfMemoryError --add-opens=java.base/java.util=ALL-UNNAMED --add-opens=java.base/java.lang=ALL-UNNAMED --add-opens=java.base/java.lang.invoke=ALL-UNNAMED --add-opens=java.base/java.util=ALL-UNNAMED --add-opens=java.prefs/java.util.prefs=ALL-UNNAMED --add-opens=java.prefs/java.util.prefs=ALL-UNNAMED --add-opens=java.base/java.nio.charset=ALL-UNNAMED --add-opens=java.base/java.net=ALL-UNNAMED --add-opens=java.base/java.util.concurrent.atomic=ALL-UNNAMED -Xmx2048m -Dfile.encoding=UTF-8 -Duser.country=GB -Duser.language=en -Duser.variant org.gradle.launcher.daemon.bootstrap.GradleDaemon 7.2

Host: Intel(R) Core(TM) i7-8650U CPU @ 1.90GHz, 8 cores, 15G,  Windows 10 , 64 bit Build 19041 (10.0.19041.3031)
Time: Thu Sep 28 23:12:22 2023 W. Central Africa Standard Time elapsed time: 37.829684 seconds (0d 0h 0m 37s)

---------------  T H R E A D  ---------------

Current thread (0x000001bcbe749000):  JavaThread "C2 CompilerThread0" daemon [_thread_in_native, id=6948, stack(0x000000a031800000,0x000000a031900000)]


Current CompileTask:
C2:  37829 8448       4       org.gradle.internal.service.DefaultServiceRegistry$SingletonService::get (5 bytes)

Stack: [0x000000a031800000,0x000000a031900000]
Native frames: (J=compiled Java code, j=interpreted, Vv=VM code, C=native code)
V  [jvm.dll+0x6100fa]
V  [jvm.dll+0x747090]
V  [jvm.dll+0x7486ad]
V  [jvm.dll+0x748d83]
V  [jvm.dll+0x24ab48]
V  [jvm.dll+0xc04dc]
V  [jvm.dll+0xc0a0c]
V  [jvm.dll+0xc060c]
V  [jvm.dll+0x66c33c]
V  [jvm.dll+0x52b51c]
V  [jvm.dll+0x5290ce]
V  [jvm.dll+0x52652e]
V  [jvm.dll+0x5265a4]
V  [jvm.dll+0x5265a4]
V  [jvm.dll+0x5244a6]
V  [jvm.dll+0x2045ac]
V  [jvm.dll+0x2023c2]
V  [jvm.dll+0x188e01]
V  [jvm.dll+0x21106b]
V  [jvm.dll+0x20f8c1]
V  [jvm.dll+0x70de0f]
V  [jvm.dll+0x706a75]
V  [jvm.dll+0x60ed66]
C  [ucrtbase.dll+0x21bb2]
C  [KERNEL32.DLL+0x17614]
C  [ntdll.dll+0x526f1]


---------------  P R O C E S S  ---------------

Threads class SMR info:
_java_thread_list=0x000001bcc9a1ebd0, length=132, elements={
0x000001bca39dc800, 0x000001bcbe6db800, 0x000001bcbe6de800, 0x000001bcbe741000,
0x000001bcbe743000, 0x000001bcbe746000, 0x000001bcbe749000, 0x000001bcbe74a000,
0x000001bcbe74b800, 0x000001bcbe8b1000, 0x000001bcc0b07000, 0x000001bcbf6b6000,
0x000001bcc02fe800, 0x000001bcbfd2f800, 0x000001bcc1109800, 0x000001bcc037e800,
0x000001bcc1492800, 0x000001bcc0ef2800, 0x000001bcc0252800, 0x000001bcc153a800,
0x000001bcc12a3800, 0x000001bcc12a4000, 0x000001bcc12a5000, 0x000001bcc12a6800,
0x000001bcc12a6000, 0x000001bcc12a9000, 0x000001bcc12a8800, 0x000001bcc12a7800,
0x000001bcc12aa000, 0x000001bcc0f12000, 0x000001bcc0f11000, 0x000001bcc0f0c800,
0x000001bcc0f0f800, 0x000001bcc0f13000, 0x000001bcc0f0d000, 0x000001bcc0f16000,
0x000001bcc0f13800, 0x000001bcc0f1a000, 0x000001bcc0f19800, 0x000001bcc0f14800,
0x000001bcc0f15000, 0x000001bcc0f1b000, 0x000001bcc0f17000, 0x000001bcc0f18800,
0x000001bcc0f17800, 0x000001bcc266f000, 0x000001bcc266c000, 0x000001bcc266e000,
0x000001bcc2670000, 0x000001bcc266a000, 0x000001bcc266c800, 0x000001bcc266d800,
0x000001bcc2670800, 0x000001bcc266b000, 0x000001bcc2676800, 0x000001bcc2671800,
0x000001bcc2677000, 0x000001bcc2678000, 0x000001bcc2673000, 0x000001bcc2674800,
0x000001bcc2672800, 0x000001bcc2679000, 0x000001bcc2674000, 0x000001bcc2675800,
0x000001bcc104a800, 0x000001bcc104b800, 0x000001bcc1045800, 0x000001bcc104c000,
0x000001bcc1046800, 0x000001bcc1047800, 0x000001bcc1048000, 0x000001bcc1049000,
0x000001bcc104a000, 0x000001bcc111a800, 0x000001bcc111e800, 0x000001bcc111d000,
0x000001bcc111f800, 0x000001bcc1120800, 0x000001bcc1121000, 0x000001bcc111b800,
0x000001bcc1122000, 0x000001bcc111c000, 0x000001bcc1122800, 0x000001bcc111e000,
0x000001bcc1129000, 0x000001bcc1123800, 0x000001bcc1124800, 0x000001bcc1125000,
0x000001bcc1128800, 0x000001bcc1126000, 0x000001bcc1127000, 0x000001bcc1127800,
0x000001bcbf70b800, 0x000001bcbf70f000, 0x000001bcbf70e000, 0x000001bcbf70b000,
0x000001bcbf711800, 0x000001bcbf712000, 0x000001bcbf70c800, 0x000001bcbf70f800,
0x000001bcbf70d000, 0x000001bcbf715800, 0x000001bcbf716000, 0x000001bcbf714800,
0x000001bcbf714000, 0x000001bcbf713000, 0x000001bcbf710800, 0x000001bcbf717000,
0x000001bcbf719800, 0x000001bcbf718000, 0x000001bcbf718800, 0x000001bcbf883000,
0x000001bcbf87e800, 0x000001bcbf87f000, 0x000001bcbf87d800, 0x000001bcbf884000,
0x000001bcbf882800, 0x000001bcbf880800, 0x000001bcbf885000, 0x000001bcbf885800,
0x000001bcbf880000, 0x000001bcc4024800, 0x000001bcbf886800, 0x000001bcbf881800,
0x000001bcbf888000, 0x000001bcbf88b800, 0x000001bcbf889000, 0x000001bcbf889800,
0x000001bcbf88c000, 0x000001bcbf88a800, 0x000001bcc6c85000, 0x000001bcc6c83000
}

Java Threads: ( => current thread )
  0x000001bca39dc800 JavaThread "main" [_thread_blocked, id=14404, stack(0x000000a030c00000,0x000000a030d00000)]
  0x000001bcbe6db800 JavaThread "Reference Handler" daemon [_thread_blocked, id=17216, stack(0x000000a031300000,0x000000a031400000)]
  0x000001bcbe6de800 JavaThread "Finalizer" daemon [_thread_blocked, id=1340, stack(0x000000a031400000,0x000000a031500000)]
  0x000001bcbe741000 JavaThread "Signal Dispatcher" daemon [_thread_blocked, id=2660, stack(0x000000a031500000,0x000000a031600000)]
  0x000001bcbe743000 JavaThread "Attach Listener" daemon [_thread_blocked, id=6668, stack(0x000000a031600000,0x000000a031700000)]
  0x000001bcbe746000 JavaThread "Service Thread" daemon [_thread_blocked, id=508, stack(0x000000a031700000,0x000000a031800000)]
=>0x000001bcbe749000 JavaThread "C2 CompilerThread0" daemon [_thread_in_native, id=6948, stack(0x000000a031800000,0x000000a031900000)]
  0x000001bcbe74a000 JavaThread "C1 CompilerThread0" daemon [_thread_blocked, id=10512, stack(0x000000a031900000,0x000000a031a00000)]
  0x000001bcbe74b800 JavaThread "Sweeper thread" daemon [_thread_blocked, id=1304, stack(0x000000a031a00000,0x000000a031b00000)]
  0x000001bcbe8b1000 JavaThread "Common-Cleaner" daemon [_thread_blocked, id=8508, stack(0x000000a031b00000,0x000000a031c00000)]
  0x000001bcc0b07000 JavaThread "Daemon health stats" [_thread_blocked, id=5820, stack(0x000000a032400000,0x000000a032500000)]
  0x000001bcbf6b6000 JavaThread "Incoming local TCP Connector on port 55498" [_thread_in_native, id=2624, stack(0x000000a031d00000,0x000000a031e00000)]
  0x000001bcc02fe800 JavaThread "Daemon periodic checks" [_thread_blocked, id=15624, stack(0x000000a032500000,0x000000a032600000)]
  0x000001bcbfd2f800 JavaThread "Daemon" [_thread_blocked, id=16576, stack(0x000000a032600000,0x000000a032700000)]
  0x000001bcc1109800 JavaThread "Handler for socket connection from /127.0.0.1:55498 to /127.0.0.1:55500" [_thread_in_native, id=18616, stack(0x000000a032700000,0x000000a032800000)]
  0x000001bcc037e800 JavaThread "Cancel handler" [_thread_blocked, id=5224, stack(0x000000a032800000,0x000000a032900000)]
  0x000001bcc1492800 JavaThread "Daemon worker" [_thread_blocked, id=1584, stack(0x000000a032900000,0x000000a032a00000)]
  0x000001bcc0ef2800 JavaThread "Asynchronous log dispatcher for DefaultDaemonConnection: socket connection from /127.0.0.1:55498 to /127.0.0.1:55500" [_thread_blocked, id=19032, stack(0x000000a032a00000,0x000000a032b00000)]
  0x000001bcc0252800 JavaThread "Stdin handler" [_thread_blocked, id=8204, stack(0x000000a032b00000,0x000000a032c00000)]
  0x000001bcc153a800 JavaThread "Daemon client event forwarder" [_thread_blocked, id=9132, stack(0x000000a032c00000,0x000000a032d00000)]
  0x000001bcc12a3800 JavaThread "Cache worker for journal cache (C:\Users\A\.gradle\caches\journal-1)" [_thread_blocked, id=18636, stack(0x000000a032f00000,0x000000a033000000)]
  0x000001bcc12a4000 JavaThread "File lock request listener" [_thread_in_native, id=16240, stack(0x000000a033000000,0x000000a033100000)]
  0x000001bcc12a5000 JavaThread "Cache worker for file hash cache (C:\Users\A\.gradle\caches\7.2\fileHashes)" [_thread_blocked, id=10976, stack(0x000000a033100000,0x000000a033200000)]
  0x000001bcc12a6800 JavaThread "Cache worker for file hash cache (C:\Users\A\git\collaboration trial\APMIS-Project\sormas-app\.gradle\7.2\fileHashes)" [_thread_blocked, id=13220, stack(0x000000a033400000,0x000000a033500000)]
  0x000001bcc12a6000 JavaThread "File watcher server" daemon [_thread_in_native, id=14236, stack(0x000000a033500000,0x000000a033600000)]
  0x000001bcc12a9000 JavaThread "File watcher consumer" daemon [_thread_blocked, id=1776, stack(0x000000a033600000,0x000000a033700000)]
  0x000001bcc12a8800 JavaThread "Cache worker for checksums cache (C:\Users\A\git\collaboration trial\APMIS-Project\sormas-app\.gradle\checksums)" [_thread_blocked, id=13288, stack(0x000000a033700000,0x000000a033800000)]
  0x000001bcc12a7800 JavaThread "Cache worker for cache directory md-supplier (C:\Users\A\.gradle\caches\7.2\md-supplier)" [_thread_blocked, id=19224, stack(0x000000a033800000,0x000000a033900000)]
  0x000001bcc12aa000 JavaThread "Cache worker for cache directory md-rule (C:\Users\A\.gradle\caches\7.2\md-rule)" [_thread_blocked, id=4864, stack(0x000000a033a00000,0x000000a033b00000)]
  0x000001bcc0f12000 JavaThread "Cache worker for execution history cache (C:\Users\A\.gradle\caches\7.2\executionHistory)" [_thread_blocked, id=3952, stack(0x000000a033900000,0x000000a033a00000)]
  0x000001bcc0f11000 JavaThread "jar transforms" [_thread_blocked, id=8552, stack(0x000000a033c00000,0x000000a033d00000)]
  0x000001bcc0f0c800 JavaThread "jar transforms Thread 2" [_thread_blocked, id=11944, stack(0x000000a033d00000,0x000000a033e00000)]
  0x000001bcc0f0f800 JavaThread "Cache worker for file content cache (C:\Users\A\.gradle\caches\7.2\fileContent)" [_thread_blocked, id=15984, stack(0x000000a033e00000,0x000000a033f00000)]
  0x000001bcc0f13000 JavaThread "Cache worker for dependencies-accessors (C:\Users\A\git\collaboration trial\APMIS-Project\sormas-app\.gradle\7.2\dependencies-accessors)" [_thread_blocked, id=9472, stack(0x000000a033f00000,0x000000a034000000)]
  0x000001bcc0f0d000 JavaThread "jar transforms Thread 3" [_thread_blocked, id=5092, stack(0x000000a033b00000,0x000000a033c00000)]
  0x000001bcc0f16000 JavaThread "Cache worker for Build Output Cleanup Cache (C:\Users\A\git\collaboration trial\APMIS-Project\sormas-app\.gradle\buildOutputCleanup)" [_thread_blocked, id=5364, stack(0x000000a034100000,0x000000a034200000)]
  0x000001bcc0f13800 JavaThread "Unconstrained build operations" [_thread_blocked, id=13412, stack(0x000000a034200000,0x000000a034300000)]
  0x000001bcc0f1a000 JavaThread "Unconstrained build operations Thread 2" [_thread_blocked, id=18140, stack(0x000000a034300000,0x000000a034400000)]
  0x000001bcc0f19800 JavaThread "Unconstrained build operations Thread 3" [_thread_blocked, id=3784, stack(0x000000a034400000,0x000000a034500000)]
  0x000001bcc0f14800 JavaThread "Unconstrained build operations Thread 4" [_thread_blocked, id=2460, stack(0x000000a034500000,0x000000a034600000)]
  0x000001bcc0f15000 JavaThread "Unconstrained build operations Thread 5" [_thread_blocked, id=2616, stack(0x000000a034600000,0x000000a034700000)]
  0x000001bcc0f1b000 JavaThread "Unconstrained build operations Thread 6" [_thread_blocked, id=16316, stack(0x000000a034700000,0x000000a034800000)]
  0x000001bcc0f17000 JavaThread "Unconstrained build operations Thread 7" [_thread_blocked, id=16296, stack(0x000000a034800000,0x000000a034900000)]
  0x000001bcc0f18800 JavaThread "Unconstrained build operations Thread 8" [_thread_blocked, id=2340, stack(0x000000a034900000,0x000000a034a00000)]
  0x000001bcc0f17800 JavaThread "Unconstrained build operations Thread 9" [_thread_blocked, id=18436, stack(0x000000a034a00000,0x000000a034b00000)]
  0x000001bcc266f000 JavaThread "Unconstrained build operations Thread 10" [_thread_blocked, id=11056, stack(0x000000a034b00000,0x000000a034c00000)]
  0x000001bcc266c000 JavaThread "Unconstrained build operations Thread 11" [_thread_blocked, id=12904, stack(0x000000a034c00000,0x000000a034d00000)]
  0x000001bcc266e000 JavaThread "Unconstrained build operations Thread 12" [_thread_blocked, id=15660, stack(0x000000a034d00000,0x000000a034e00000)]
  0x000001bcc2670000 JavaThread "Unconstrained build operations Thread 13" [_thread_blocked, id=8484, stack(0x000000a034e00000,0x000000a034f00000)]
  0x000001bcc266a000 JavaThread "Unconstrained build operations Thread 14" [_thread_blocked, id=14696, stack(0x000000a034f00000,0x000000a035000000)]
  0x000001bcc266c800 JavaThread "Unconstrained build operations Thread 15" [_thread_blocked, id=17312, stack(0x000000a035000000,0x000000a035100000)]
  0x000001bcc266d800 JavaThread "Unconstrained build operations Thread 16" [_thread_blocked, id=6584, stack(0x000000a035100000,0x000000a035200000)]
  0x000001bcc2670800 JavaThread "Unconstrained build operations Thread 17" [_thread_blocked, id=7608, stack(0x000000a035200000,0x000000a035300000)]
  0x000001bcc266b000 JavaThread "Unconstrained build operations Thread 18" [_thread_blocked, id=10948, stack(0x000000a035300000,0x000000a035400000)]
  0x000001bcc2676800 JavaThread "Unconstrained build operations Thread 19" [_thread_blocked, id=16724, stack(0x000000a035400000,0x000000a035500000)]
  0x000001bcc2671800 JavaThread "Unconstrained build operations Thread 20" [_thread_blocked, id=11472, stack(0x000000a035500000,0x000000a035600000)]
  0x000001bcc2677000 JavaThread "Unconstrained build operations Thread 21" [_thread_blocked, id=6572, stack(0x000000a035600000,0x000000a035700000)]
  0x000001bcc2678000 JavaThread "Unconstrained build operations Thread 22" [_thread_blocked, id=19020, stack(0x000000a035700000,0x000000a035800000)]
  0x000001bcc2673000 JavaThread "Unconstrained build operations Thread 23" [_thread_blocked, id=15896, stack(0x000000a035800000,0x000000a035900000)]
  0x000001bcc2674800 JavaThread "Unconstrained build operations Thread 24" [_thread_blocked, id=18040, stack(0x000000a035900000,0x000000a035a00000)]
  0x000001bcc2672800 JavaThread "Unconstrained build operations Thread 25" [_thread_blocked, id=15792, stack(0x000000a035a00000,0x000000a035b00000)]
  0x000001bcc2679000 JavaThread "Unconstrained build operations Thread 26" [_thread_blocked, id=15612, stack(0x000000a035b00000,0x000000a035c00000)]
  0x000001bcc2674000 JavaThread "Unconstrained build operations Thread 27" [_thread_blocked, id=2584, stack(0x000000a035c00000,0x000000a035d00000)]
  0x000001bcc2675800 JavaThread "Unconstrained build operations Thread 28" [_thread_blocked, id=17072, stack(0x000000a035d00000,0x000000a035e00000)]
  0x000001bcc104a800 JavaThread "Unconstrained build operations Thread 29" [_thread_blocked, id=4400, stack(0x000000a035e00000,0x000000a035f00000)]
  0x000001bcc104b800 JavaThread "Unconstrained build operations Thread 30" [_thread_blocked, id=18044, stack(0x000000a035f00000,0x000000a036000000)]
  0x000001bcc1045800 JavaThread "Unconstrained build operations Thread 31" [_thread_blocked, id=14568, stack(0x000000a036000000,0x000000a036100000)]
  0x000001bcc104c000 JavaThread "Unconstrained build operations Thread 32" [_thread_blocked, id=5132, stack(0x000000a036100000,0x000000a036200000)]
  0x000001bcc1046800 JavaThread "Unconstrained build operations Thread 33" [_thread_blocked, id=15972, stack(0x000000a036200000,0x000000a036300000)]
  0x000001bcc1047800 JavaThread "Unconstrained build operations Thread 34" [_thread_blocked, id=8076, stack(0x000000a036300000,0x000000a036400000)]
  0x000001bcc1048000 JavaThread "Unconstrained build operations Thread 35" [_thread_blocked, id=1516, stack(0x000000a036400000,0x000000a036500000)]
  0x000001bcc1049000 JavaThread "Unconstrained build operations Thread 36" [_thread_blocked, id=6604, stack(0x000000a036500000,0x000000a036600000)]
  0x000001bcc104a000 JavaThread "Unconstrained build operations Thread 37" [_thread_blocked, id=14200, stack(0x000000a036600000,0x000000a036700000)]
  0x000001bcc111a800 JavaThread "Unconstrained build operations Thread 38" [_thread_blocked, id=18260, stack(0x000000a036700000,0x000000a036800000)]
  0x000001bcc111e800 JavaThread "Unconstrained build operations Thread 39" [_thread_blocked, id=15596, stack(0x000000a036800000,0x000000a036900000)]
  0x000001bcc111d000 JavaThread "Unconstrained build operations Thread 40" [_thread_blocked, id=17716, stack(0x000000a036900000,0x000000a036a00000)]
  0x000001bcc111f800 JavaThread "Unconstrained build operations Thread 41" [_thread_blocked, id=8412, stack(0x000000a036a00000,0x000000a036b00000)]
  0x000001bcc1120800 JavaThread "Unconstrained build operations Thread 42" [_thread_blocked, id=2432, stack(0x000000a036b00000,0x000000a036c00000)]
  0x000001bcc1121000 JavaThread "Unconstrained build operations Thread 43" [_thread_blocked, id=18184, stack(0x000000a036c00000,0x000000a036d00000)]
  0x000001bcc111b800 JavaThread "Unconstrained build operations Thread 44" [_thread_blocked, id=17616, stack(0x000000a036d00000,0x000000a036e00000)]
  0x000001bcc1122000 JavaThread "Unconstrained build operations Thread 45" [_thread_blocked, id=11848, stack(0x000000a036e00000,0x000000a036f00000)]
  0x000001bcc111c000 JavaThread "Unconstrained build operations Thread 46" [_thread_blocked, id=16396, stack(0x000000a036f00000,0x000000a037000000)]
  0x000001bcc1122800 JavaThread "Unconstrained build operations Thread 47" [_thread_blocked, id=13092, stack(0x000000a037000000,0x000000a037100000)]
  0x000001bcc111e000 JavaThread "Unconstrained build operations Thread 48" [_thread_blocked, id=3436, stack(0x000000a037100000,0x000000a037200000)]
  0x000001bcc1129000 JavaThread "Unconstrained build operations Thread 49" [_thread_blocked, id=15240, stack(0x000000a037200000,0x000000a037300000)]
  0x000001bcc1123800 JavaThread "Unconstrained build operations Thread 50" [_thread_blocked, id=18744, stack(0x000000a037300000,0x000000a037400000)]
  0x000001bcc1124800 JavaThread "Unconstrained build operations Thread 51" [_thread_blocked, id=3888, stack(0x000000a037400000,0x000000a037500000)]
  0x000001bcc1125000 JavaThread "Unconstrained build operations Thread 52" [_thread_blocked, id=16128, stack(0x000000a037500000,0x000000a037600000)]
  0x000001bcc1128800 JavaThread "Unconstrained build operations Thread 53" [_thread_blocked, id=6120, stack(0x000000a037600000,0x000000a037700000)]
  0x000001bcc1126000 JavaThread "Unconstrained build operations Thread 54" [_thread_blocked, id=18420, stack(0x000000a037700000,0x000000a037800000)]
  0x000001bcc1127000 JavaThread "Unconstrained build operations Thread 55" [_thread_blocked, id=17008, stack(0x000000a037800000,0x000000a037900000)]
  0x000001bcc1127800 JavaThread "Unconstrained build operations Thread 56" [_thread_blocked, id=16168, stack(0x000000a037900000,0x000000a037a00000)]
  0x000001bcbf70b800 JavaThread "Unconstrained build operations Thread 57" [_thread_blocked, id=8660, stack(0x000000a037a00000,0x000000a037b00000)]
  0x000001bcbf70f000 JavaThread "Unconstrained build operations Thread 58" [_thread_blocked, id=6360, stack(0x000000a037b00000,0x000000a037c00000)]
  0x000001bcbf70e000 JavaThread "Unconstrained build operations Thread 59" [_thread_blocked, id=11784, stack(0x000000a037c00000,0x000000a037d00000)]
  0x000001bcbf70b000 JavaThread "Unconstrained build operations Thread 60" [_thread_blocked, id=16932, stack(0x000000a037d00000,0x000000a037e00000)]
  0x000001bcbf711800 JavaThread "Unconstrained build operations Thread 61" [_thread_blocked, id=18284, stack(0x000000a037e00000,0x000000a037f00000)]
  0x000001bcbf712000 JavaThread "Unconstrained build operations Thread 62" [_thread_blocked, id=9008, stack(0x000000a037f00000,0x000000a038000000)]
  0x000001bcbf70c800 JavaThread "Unconstrained build operations Thread 63" [_thread_blocked, id=15940, stack(0x000000a038000000,0x000000a038100000)]
  0x000001bcbf70f800 JavaThread "Unconstrained build operations Thread 64" [_thread_blocked, id=3988, stack(0x000000a038100000,0x000000a038200000)]
  0x000001bcbf70d000 JavaThread "Unconstrained build operations Thread 65" [_thread_blocked, id=17676, stack(0x000000a038200000,0x000000a038300000)]
  0x000001bcbf715800 JavaThread "Unconstrained build operations Thread 66" [_thread_blocked, id=10020, stack(0x000000a038300000,0x000000a038400000)]
  0x000001bcbf716000 JavaThread "Unconstrained build operations Thread 67" [_thread_blocked, id=9960, stack(0x000000a038400000,0x000000a038500000)]
  0x000001bcbf714800 JavaThread "Unconstrained build operations Thread 68" [_thread_blocked, id=7524, stack(0x000000a038500000,0x000000a038600000)]
  0x000001bcbf714000 JavaThread "Unconstrained build operations Thread 69" [_thread_blocked, id=16616, stack(0x000000a038600000,0x000000a038700000)]
  0x000001bcbf713000 JavaThread "Unconstrained build operations Thread 70" [_thread_blocked, id=13592, stack(0x000000a038700000,0x000000a038800000)]
  0x000001bcbf710800 JavaThread "Unconstrained build operations Thread 71" [_thread_blocked, id=9864, stack(0x000000a038800000,0x000000a038900000)]
  0x000001bcbf717000 JavaThread "Unconstrained build operations Thread 72" [_thread_blocked, id=11032, stack(0x000000a038900000,0x000000a038a00000)]
  0x000001bcbf719800 JavaThread "Unconstrained build operations Thread 73" [_thread_blocked, id=17428, stack(0x000000a038a00000,0x000000a038b00000)]
  0x000001bcbf718000 JavaThread "Unconstrained build operations Thread 74" [_thread_blocked, id=14032, stack(0x000000a038b00000,0x000000a038c00000)]
  0x000001bcbf718800 JavaThread "Unconstrained build operations Thread 75" [_thread_blocked, id=5848, stack(0x000000a038c00000,0x000000a038d00000)]
  0x000001bcbf883000 JavaThread "Unconstrained build operations Thread 76" [_thread_blocked, id=5932, stack(0x000000a038d00000,0x000000a038e00000)]
  0x000001bcbf87e800 JavaThread "Unconstrained build operations Thread 77" [_thread_blocked, id=17508, stack(0x000000a038e00000,0x000000a038f00000)]
  0x000001bcbf87f000 JavaThread "Unconstrained build operations Thread 78" [_thread_blocked, id=15524, stack(0x000000a038f00000,0x000000a039000000)]
  0x000001bcbf87d800 JavaThread "Unconstrained build operations Thread 79" [_thread_blocked, id=16140, stack(0x000000a039000000,0x000000a039100000)]
  0x000001bcbf884000 JavaThread "Unconstrained build operations Thread 80" [_thread_blocked, id=17564, stack(0x000000a039100000,0x000000a039200000)]
  0x000001bcbf882800 JavaThread "jar transforms Thread 4" [_thread_blocked, id=16200, stack(0x000000a039200000,0x000000a039300000)]
  0x000001bcbf880800 JavaThread "jar transforms Thread 5" [_thread_blocked, id=15256, stack(0x000000a039300000,0x000000a039400000)]
  0x000001bcbf885000 JavaThread "jar transforms Thread 6" [_thread_blocked, id=8312, stack(0x000000a039400000,0x000000a039500000)]
  0x000001bcbf885800 JavaThread "jar transforms Thread 7" [_thread_blocked, id=18620, stack(0x000000a039500000,0x000000a039600000)]
  0x000001bcbf880000 JavaThread "jar transforms Thread 8" [_thread_blocked, id=1036, stack(0x000000a039600000,0x000000a039700000)]
  0x000001bcc4024800 JavaThread "C2 CompilerThread1" daemon [_thread_in_native, id=12960, stack(0x000000a033300000,0x000000a033400000)]
  0x000001bcbf886800 JavaThread "Memory manager" [_thread_blocked, id=3616, stack(0x000000a039700000,0x000000a039800000)]
  0x000001bcbf881800 JavaThread "build event listener" [_thread_blocked, id=18204, stack(0x000000a039a00000,0x000000a039b00000)]
  0x000001bcbf888000 JavaThread "Execution worker for ':'" [_thread_blocked, id=13096, stack(0x000000a039b00000,0x000000a039c00000)]
  0x000001bcbf88b800 JavaThread "Execution worker for ':' Thread 2" [_thread_blocked, id=10096, stack(0x000000a039c00000,0x000000a039d00000)]
  0x000001bcbf889000 JavaThread "Execution worker for ':' Thread 3" [_thread_blocked, id=18484, stack(0x000000a039d00000,0x000000a039e00000)]
  0x000001bcbf889800 JavaThread "Execution worker for ':' Thread 4" [_thread_in_Java, id=16744, stack(0x000000a039e00000,0x000000a039f00000)]
  0x000001bcbf88c000 JavaThread "Execution worker for ':' Thread 5" [_thread_blocked, id=18024, stack(0x000000a039f00000,0x000000a03a000000)]
  0x000001bcbf88a800 JavaThread "Execution worker for ':' Thread 6" [_thread_blocked, id=8540, stack(0x000000a03a000000,0x000000a03a100000)]
  0x000001bcc6c85000 JavaThread "Execution worker for ':' Thread 7" [_thread_blocked, id=5512, stack(0x000000a03a100000,0x000000a03a200000)]
  0x000001bcc6c83000 JavaThread "Cache worker for execution history cache (C:\Users\A\git\collaboration trial\APMIS-Project\sormas-app\.gradle\7.2\executionHistory)" [_thread_blocked, id=8016, stack(0x000000a03a200000,0x000000a03a300000)]

Other Threads:
  0x000001bcbdeab000 VMThread "VM Thread" [stack: 0x000000a031200000,0x000000a031300000] [id=8632]
  0x000001bcbe8f5000 WatcherThread [stack: 0x000000a031c00000,0x000000a031d00000] [id=11300]
  0x000001bca39f6000 GCTaskThread "GC Thread#0" [stack: 0x000000a030d00000,0x000000a030e00000] [id=15352]
  0x000001bcbf4cd000 GCTaskThread "GC Thread#1" [stack: 0x000000a031e00000,0x000000a031f00000] [id=1212]
  0x000001bcbf797800 GCTaskThread "GC Thread#2" [stack: 0x000000a031f00000,0x000000a032000000] [id=17948]
  0x000001bcbf798000 GCTaskThread "GC Thread#3" [stack: 0x000000a032000000,0x000000a032100000] [id=9612]
  0x000001bcbf6b7800 GCTaskThread "GC Thread#4" [stack: 0x000000a032100000,0x000000a032200000] [id=17316]
  0x000001bcbf6b8000 GCTaskThread "GC Thread#5" [stack: 0x000000a032200000,0x000000a032300000] [id=16832]
  0x000001bcc0b04800 GCTaskThread "GC Thread#6" [stack: 0x000000a032d00000,0x000000a032e00000] [id=9832]
  0x000001bcc0861800 GCTaskThread "GC Thread#7" [stack: 0x000000a032e00000,0x000000a032f00000] [id=17404]
  0x000001bca3a26800 ConcurrentGCThread "G1 Main Marker" [stack: 0x000000a030e00000,0x000000a030f00000] [id=12724]
  0x000001bca3a28000 ConcurrentGCThread "G1 Conc#0" [stack: 0x000000a030f00000,0x000000a031000000] [id=6820]
  0x000001bcc0ac2000 ConcurrentGCThread "G1 Conc#1" [stack: 0x000000a033200000,0x000000a033300000] [id=12152]
  0x000001bcbdd26800 ConcurrentGCThread "G1 Refine#0" [stack: 0x000000a031000000,0x000000a031100000] [id=16124]
  0x000001bcbea1b800 ConcurrentGCThread "G1 Refine#1" [stack: 0x000000a032300000,0x000000a032400000] [id=3936]
  0x000001bcbdd27000 ConcurrentGCThread "G1 Young RemSet Sampling" [stack: 0x000000a031100000,0x000000a031200000] [id=18256]

Threads with active compile tasks:
C2 CompilerThread0  37901 8448       4       org.gradle.internal.service.DefaultServiceRegistry$SingletonService::get (5 bytes)
C1 CompilerThread0  37901 8509   !   3       org.gradle.api.internal.artifacts.ivyservice.resolveengine.graph.builder.SelectorState::resolve (119 bytes)
C2 CompilerThread1  37901 8465       4       java.lang.String::split (324 bytes)

VM state:at safepoint (normal execution)

VM Mutex/Monitor currently owned by a thread:  ([mutex/lock_event])
[0x000001bca39d8660] Threads_lock - owner thread: 0x000001bcbdeab000

Heap address: 0x0000000080000000, size: 2048 MB, Compressed Oops mode: 32-bit
Narrow klass base: 0x0000000000000000, Narrow klass shift: 3
Compressed class space size: 1073741824 Address: 0x0000000100000000

Heap:
 garbage-first heap   total 262144K, used 92315K [0x0000000080000000, 0x0000000100000000)
  region size 1024K, 32 young (32768K), 14 survivors (14336K)
 Metaspace       used 82861K, capacity 85292K, committed 85456K, reserved 1122304K
  class space    used 10854K, capacity 11794K, committed 11904K, reserved 1048576K
Heap Regions: E=young(eden), S=young(survivor), O=old, HS=humongous(starts), HC=humongous(continues), CS=collection set, F=free, A=archive, TAMS=top-at-mark-start (previous, next)
|   0|0x0000000080000000, 0x0000000080100000, 0x0000000080100000|100%| O|  |TAMS 0x0000000080100000, 0x0000000080000000| Untracked 
|   1|0x0000000080100000, 0x0000000080200000, 0x0000000080200000|100%| O|  |TAMS 0x0000000080200000, 0x0000000080100000| Untracked 
|   2|0x0000000080200000, 0x0000000080300000, 0x0000000080300000|100%| O|  |TAMS 0x0000000080300000, 0x0000000080200000| Untracked 
|   3|0x0000000080300000, 0x0000000080400000, 0x0000000080400000|100%|HS|  |TAMS 0x0000000080400000, 0x0000000080300000| Complete 
|   4|0x0000000080400000, 0x0000000080500000, 0x0000000080500000|100%|HC|  |TAMS 0x0000000080500000, 0x0000000080400000| Complete 
|   5|0x0000000080500000, 0x0000000080600000, 0x0000000080600000|100%|HC|  |TAMS 0x0000000080600000, 0x0000000080500000| Complete 
|   6|0x0000000080600000, 0x0000000080700000, 0x0000000080700000|100%| O|  |TAMS 0x0000000080700000, 0x0000000080600000| Untracked 
|   7|0x0000000080700000, 0x0000000080800000, 0x0000000080800000|100%| O|  |TAMS 0x0000000080800000, 0x0000000080700000| Untracked 
|   8|0x0000000080800000, 0x0000000080900000, 0x0000000080900000|100%| O|  |TAMS 0x0000000080900000, 0x0000000080800000| Untracked 
|   9|0x0000000080900000, 0x0000000080a00000, 0x0000000080a00000|100%| O|  |TAMS 0x0000000080a00000, 0x0000000080900000| Untracked 
|  10|0x0000000080a00000, 0x0000000080b00000, 0x0000000080b00000|100%| O|  |TAMS 0x0000000080b00000, 0x0000000080a00000| Untracked 
|  11|0x0000000080b00000, 0x0000000080c00000, 0x0000000080c00000|100%| O|  |TAMS 0x0000000080c00000, 0x0000000080b00000| Untracked 
|  12|0x0000000080c00000, 0x0000000080d00000, 0x0000000080d00000|100%| O|  |TAMS 0x0000000080d00000, 0x0000000080c00000| Untracked 
|  13|0x0000000080d00000, 0x0000000080e00000, 0x0000000080e00000|100%| O|  |TAMS 0x0000000080e00000, 0x0000000080d00000| Untracked 
|  14|0x0000000080e00000, 0x0000000080f00000, 0x0000000080f00000|100%| O|  |TAMS 0x0000000080f00000, 0x0000000080e00000| Untracked 
|  15|0x0000000080f00000, 0x0000000081000000, 0x0000000081000000|100%| O|  |TAMS 0x0000000081000000, 0x0000000080f00000| Untracked 
|  16|0x0000000081000000, 0x0000000081100000, 0x0000000081100000|100%| O|  |TAMS 0x0000000081100000, 0x0000000081000000| Untracked 
|  17|0x0000000081100000, 0x0000000081200000, 0x0000000081200000|100%|HS|  |TAMS 0x0000000081200000, 0x0000000081100000| Complete 
|  18|0x0000000081200000, 0x0000000081300000, 0x0000000081300000|100%|HS|  |TAMS 0x0000000081300000, 0x0000000081200000| Complete 
|  19|0x0000000081300000, 0x0000000081400000, 0x0000000081400000|100%|HS|  |TAMS 0x0000000081400000, 0x0000000081300000| Complete 
|  20|0x0000000081400000, 0x0000000081500000, 0x0000000081500000|100%|HS|  |TAMS 0x0000000081500000, 0x0000000081400000| Complete 
|  21|0x0000000081500000, 0x0000000081600000, 0x0000000081600000|100%|HC|  |TAMS 0x0000000081600000, 0x0000000081500000| Complete 
|  22|0x0000000081600000, 0x0000000081700000, 0x0000000081700000|100%| O|  |TAMS 0x0000000081700000, 0x0000000081600000| Untracked 
|  23|0x0000000081700000, 0x0000000081800000, 0x0000000081800000|100%| O|  |TAMS 0x0000000081800000, 0x0000000081700000| Untracked 
|  24|0x0000000081800000, 0x0000000081900000, 0x0000000081900000|100%| O|  |TAMS 0x0000000081900000, 0x0000000081800000| Untracked 
|  25|0x0000000081900000, 0x0000000081a00000, 0x0000000081a00000|100%| O|  |TAMS 0x0000000081a00000, 0x0000000081900000| Untracked 
|  26|0x0000000081a00000, 0x0000000081b00000, 0x0000000081b00000|100%| O|  |TAMS 0x0000000081b00000, 0x0000000081a00000| Untracked 
|  27|0x0000000081b00000, 0x0000000081c00000, 0x0000000081c00000|100%| O|  |TAMS 0x0000000081c00000, 0x0000000081b00000| Untracked 
|  28|0x0000000081c00000, 0x0000000081d00000, 0x0000000081d00000|100%| O|  |TAMS 0x0000000081d00000, 0x0000000081c00000| Untracked 
|  29|0x0000000081d00000, 0x0000000081e00000, 0x0000000081e00000|100%| O|  |TAMS 0x0000000081e00000, 0x0000000081d00000| Untracked 
|  30|0x0000000081e00000, 0x0000000081f00000, 0x0000000081f00000|100%| O|  |TAMS 0x0000000081f00000, 0x0000000081e00000| Untracked 
|  31|0x0000000081f00000, 0x0000000082000000, 0x0000000082000000|100%| O|  |TAMS 0x0000000082000000, 0x0000000081f00000| Untracked 
|  32|0x0000000082000000, 0x0000000082100000, 0x0000000082100000|100%| O|  |TAMS 0x0000000082100000, 0x0000000082000000| Untracked 
|  33|0x0000000082100000, 0x0000000082200000, 0x0000000082200000|100%| O|  |TAMS 0x0000000082200000, 0x0000000082100000| Untracked 
|  34|0x0000000082200000, 0x0000000082300000, 0x0000000082300000|100%| O|  |TAMS 0x0000000082300000, 0x0000000082200000| Untracked 
|  35|0x0000000082300000, 0x0000000082400000, 0x0000000082400000|100%| O|  |TAMS 0x0000000082400000, 0x0000000082300000| Untracked 
|  36|0x0000000082400000, 0x0000000082500000, 0x0000000082500000|100%| O|  |TAMS 0x0000000082500000, 0x0000000082400000| Untracked 
|  37|0x0000000082500000, 0x0000000082600000, 0x0000000082600000|100%| O|  |TAMS 0x0000000082600000, 0x0000000082500000| Untracked 
|  38|0x0000000082600000, 0x0000000082700000, 0x0000000082700000|100%| O|  |TAMS 0x0000000082700000, 0x0000000082600000| Untracked 
|  39|0x0000000082700000, 0x0000000082800000, 0x0000000082800000|100%| O|  |TAMS 0x0000000082800000, 0x0000000082700000| Untracked 
|  40|0x0000000082800000, 0x0000000082900000, 0x0000000082900000|100%| O|  |TAMS 0x0000000082900000, 0x0000000082800000| Untracked 
|  41|0x0000000082900000, 0x0000000082a00000, 0x0000000082a00000|100%| O|  |TAMS 0x0000000082a00000, 0x0000000082900000| Untracked 
|  42|0x0000000082a00000, 0x0000000082b00000, 0x0000000082b00000|100%| O|  |TAMS 0x0000000082b00000, 0x0000000082a00000| Untracked 
|  43|0x0000000082b00000, 0x0000000082c00000, 0x0000000082c00000|100%| O|  |TAMS 0x0000000082c00000, 0x0000000082b00000| Untracked 
|  44|0x0000000082c00000, 0x0000000082d00000, 0x0000000082d00000|100%| O|  |TAMS 0x0000000082d00000, 0x0000000082c00000| Untracked 
|  45|0x0000000082d00000, 0x0000000082e00000, 0x0000000082e00000|100%| O|  |TAMS 0x0000000082da1e00, 0x0000000082d00000| Untracked 
|  46|0x0000000082e00000, 0x0000000082f00000, 0x0000000082f00000|100%| O|  |TAMS 0x0000000082e00000, 0x0000000082e00000| Untracked 
|  47|0x0000000082f00000, 0x0000000083000000, 0x0000000083000000|100%| O|  |TAMS 0x0000000082f00000, 0x0000000082f00000| Untracked 
|  48|0x0000000083000000, 0x0000000083100000, 0x0000000083100000|100%| O|  |TAMS 0x0000000083000000, 0x0000000083000000| Untracked 
|  49|0x0000000083100000, 0x0000000083200000, 0x0000000083200000|100%| O|  |TAMS 0x0000000083100000, 0x0000000083100000| Untracked 
|  50|0x0000000083200000, 0x0000000083300000, 0x0000000083300000|100%| O|  |TAMS 0x0000000083200000, 0x0000000083200000| Untracked 
|  51|0x0000000083300000, 0x0000000083400000, 0x0000000083400000|100%| O|  |TAMS 0x0000000083300000, 0x0000000083300000| Untracked 
|  52|0x0000000083400000, 0x0000000083500000, 0x0000000083500000|100%| O|  |TAMS 0x0000000083400000, 0x0000000083400000| Untracked 
|  53|0x0000000083500000, 0x0000000083600000, 0x0000000083600000|100%| O|  |TAMS 0x0000000083500000, 0x0000000083500000| Untracked 
|  54|0x0000000083600000, 0x0000000083700000, 0x0000000083700000|100%| O|  |TAMS 0x0000000083600000, 0x0000000083600000| Untracked 
|  55|0x0000000083700000, 0x0000000083800000, 0x0000000083800000|100%| O|  |TAMS 0x0000000083700000, 0x0000000083700000| Untracked 
|  56|0x0000000083800000, 0x0000000083900000, 0x0000000083900000|100%| O|  |TAMS 0x0000000083800000, 0x0000000083800000| Untracked 
|  57|0x0000000083900000, 0x0000000083a00000, 0x0000000083a00000|100%| O|  |TAMS 0x0000000083900000, 0x0000000083900000| Untracked 
|  58|0x0000000083a00000, 0x0000000083b00000, 0x0000000083b00000|100%| O|  |TAMS 0x0000000083a00000, 0x0000000083a00000| Untracked 
|  59|0x0000000083b00000, 0x0000000083c00000, 0x0000000083c00000|100%| O|  |TAMS 0x0000000083b00000, 0x0000000083b00000| Untracked 
|  60|0x0000000083c00000, 0x0000000083c00000, 0x0000000083d00000|  0%| F|  |TAMS 0x0000000083c00000, 0x0000000083c00000| Untracked 
|  61|0x0000000083d00000, 0x0000000083d00000, 0x0000000083e00000|  0%| F|  |TAMS 0x0000000083d00000, 0x0000000083d00000| Untracked 
|  62|0x0000000083e00000, 0x0000000083e00000, 0x0000000083f00000|  0%| F|  |TAMS 0x0000000083e00000, 0x0000000083e00000| Untracked 
|  63|0x0000000083f00000, 0x0000000083f00000, 0x0000000084000000|  0%| F|  |TAMS 0x0000000083f00000, 0x0000000083f00000| Untracked 
|  64|0x0000000084000000, 0x0000000084000000, 0x0000000084100000|  0%| F|  |TAMS 0x0000000084000000, 0x0000000084000000| Untracked 
|  65|0x0000000084100000, 0x0000000084100000, 0x0000000084200000|  0%| F|  |TAMS 0x0000000084100000, 0x0000000084100000| Untracked 
|  66|0x0000000084200000, 0x0000000084200000, 0x0000000084300000|  0%| F|  |TAMS 0x0000000084200000, 0x0000000084200000| Untracked 
|  67|0x0000000084300000, 0x0000000084300000, 0x0000000084400000|  0%| F|  |TAMS 0x0000000084300000, 0x0000000084300000| Untracked 
|  68|0x0000000084400000, 0x0000000084400000, 0x0000000084500000|  0%| F|  |TAMS 0x0000000084400000, 0x0000000084400000| Untracked 
|  69|0x0000000084500000, 0x0000000084500000, 0x0000000084600000|  0%| F|  |TAMS 0x0000000084500000, 0x0000000084500000| Untracked 
|  70|0x0000000084600000, 0x0000000084600000, 0x0000000084700000|  0%| F|  |TAMS 0x0000000084600000, 0x0000000084600000| Untracked 
|  71|0x0000000084700000, 0x0000000084700000, 0x0000000084800000|  0%| F|  |TAMS 0x0000000084700000, 0x0000000084700000| Untracked 
|  72|0x0000000084800000, 0x0000000084800000, 0x0000000084900000|  0%| F|  |TAMS 0x0000000084800000, 0x0000000084800000| Untracked 
|  73|0x0000000084900000, 0x0000000084900000, 0x0000000084a00000|  0%| F|  |TAMS 0x0000000084900000, 0x0000000084900000| Untracked 
|  74|0x0000000084a00000, 0x0000000084a00000, 0x0000000084b00000|  0%| F|  |TAMS 0x0000000084a00000, 0x0000000084a00000| Untracked 
|  75|0x0000000084b00000, 0x0000000084b00000, 0x0000000084c00000|  0%| F|  |TAMS 0x0000000084b00000, 0x0000000084b00000| Untracked 
|  76|0x0000000084c00000, 0x0000000084c00000, 0x0000000084d00000|  0%| F|  |TAMS 0x0000000084c00000, 0x0000000084c00000| Untracked 
|  77|0x0000000084d00000, 0x0000000084d00000, 0x0000000084e00000|  0%| F|  |TAMS 0x0000000084d00000, 0x0000000084d00000| Untracked 
|  78|0x0000000084e00000, 0x0000000084e00000, 0x0000000084f00000|  0%| F|  |TAMS 0x0000000084e00000, 0x0000000084e00000| Untracked 
|  79|0x0000000084f00000, 0x0000000084f00000, 0x0000000085000000|  0%| F|  |TAMS 0x0000000084f00000, 0x0000000084f00000| Untracked 
|  80|0x0000000085000000, 0x0000000085000000, 0x0000000085100000|  0%| F|  |TAMS 0x0000000085000000, 0x0000000085000000| Untracked 
|  81|0x0000000085100000, 0x0000000085100000, 0x0000000085200000|  0%| F|  |TAMS 0x0000000085100000, 0x0000000085100000| Untracked 
|  82|0x0000000085200000, 0x0000000085200000, 0x0000000085300000|  0%| F|  |TAMS 0x0000000085200000, 0x0000000085200000| Untracked 
|  83|0x0000000085300000, 0x0000000085300000, 0x0000000085400000|  0%| F|  |TAMS 0x0000000085300000, 0x0000000085300000| Untracked 
|  84|0x0000000085400000, 0x0000000085400000, 0x0000000085500000|  0%| F|  |TAMS 0x0000000085400000, 0x0000000085400000| Untracked 
|  85|0x0000000085500000, 0x0000000085500000, 0x0000000085600000|  0%| F|  |TAMS 0x0000000085500000, 0x0000000085500000| Untracked 
|  86|0x0000000085600000, 0x0000000085600000, 0x0000000085700000|  0%| F|  |TAMS 0x0000000085600000, 0x0000000085600000| Untracked 
|  87|0x0000000085700000, 0x0000000085700000, 0x0000000085800000|  0%| F|  |TAMS 0x0000000085700000, 0x0000000085700000| Untracked 
|  88|0x0000000085800000, 0x0000000085800000, 0x0000000085900000|  0%| F|  |TAMS 0x0000000085800000, 0x0000000085800000| Untracked 
|  89|0x0000000085900000, 0x0000000085900000, 0x0000000085a00000|  0%| F|  |TAMS 0x0000000085900000, 0x0000000085900000| Untracked 
|  90|0x0000000085a00000, 0x0000000085a00000, 0x0000000085b00000|  0%| F|  |TAMS 0x0000000085a00000, 0x0000000085a00000| Untracked 
|  91|0x0000000085b00000, 0x0000000085b00000, 0x0000000085c00000|  0%| F|  |TAMS 0x0000000085b00000, 0x0000000085b00000| Untracked 
|  92|0x0000000085c00000, 0x0000000085c00000, 0x0000000085d00000|  0%| F|  |TAMS 0x0000000085c00000, 0x0000000085c00000| Untracked 
|  93|0x0000000085d00000, 0x0000000085d00000, 0x0000000085e00000|  0%| F|  |TAMS 0x0000000085d00000, 0x0000000085d00000| Untracked 
|  94|0x0000000085e00000, 0x0000000085e00000, 0x0000000085f00000|  0%| F|  |TAMS 0x0000000085e00000, 0x0000000085e00000| Untracked 
|  95|0x0000000085f00000, 0x0000000085f00000, 0x0000000086000000|  0%| F|  |TAMS 0x0000000085f00000, 0x0000000085f00000| Untracked 
|  96|0x0000000086000000, 0x0000000086000000, 0x0000000086100000|  0%| F|  |TAMS 0x0000000086000000, 0x0000000086000000| Untracked 
|  97|0x0000000086100000, 0x0000000086100000, 0x0000000086200000|  0%| F|  |TAMS 0x0000000086100000, 0x0000000086100000| Untracked 
|  98|0x0000000086200000, 0x0000000086200000, 0x0000000086300000|  0%| F|  |TAMS 0x0000000086200000, 0x0000000086200000| Untracked 
|  99|0x0000000086300000, 0x0000000086300000, 0x0000000086400000|  0%| F|  |TAMS 0x0000000086300000, 0x0000000086300000| Untracked 
| 100|0x0000000086400000, 0x0000000086400000, 0x0000000086500000|  0%| F|  |TAMS 0x0000000086400000, 0x0000000086400000| Untracked 
| 101|0x0000000086500000, 0x0000000086500000, 0x0000000086600000|  0%| F|  |TAMS 0x0000000086500000, 0x0000000086500000| Untracked 
| 102|0x0000000086600000, 0x0000000086600000, 0x0000000086700000|  0%| F|  |TAMS 0x0000000086600000, 0x0000000086600000| Untracked 
| 103|0x0000000086700000, 0x0000000086700000, 0x0000000086800000|  0%| F|  |TAMS 0x0000000086700000, 0x0000000086700000| Untracked 
| 104|0x0000000086800000, 0x0000000086800000, 0x0000000086900000|  0%| F|  |TAMS 0x0000000086800000, 0x0000000086800000| Untracked 
| 105|0x0000000086900000, 0x0000000086900000, 0x0000000086a00000|  0%| F|  |TAMS 0x0000000086900000, 0x0000000086900000| Untracked 
| 106|0x0000000086a00000, 0x0000000086a00000, 0x0000000086b00000|  0%| F|  |TAMS 0x0000000086a00000, 0x0000000086a00000| Untracked 
| 107|0x0000000086b00000, 0x0000000086b00000, 0x0000000086c00000|  0%| F|  |TAMS 0x0000000086b00000, 0x0000000086b00000| Untracked 
| 108|0x0000000086c00000, 0x0000000086c00000, 0x0000000086d00000|  0%| F|  |TAMS 0x0000000086c00000, 0x0000000086c00000| Untracked 
| 109|0x0000000086d00000, 0x0000000086d00000, 0x0000000086e00000|  0%| F|  |TAMS 0x0000000086d00000, 0x0000000086d00000| Untracked 
| 110|0x0000000086e00000, 0x0000000086e00000, 0x0000000086f00000|  0%| F|  |TAMS 0x0000000086e00000, 0x0000000086e00000| Untracked 
| 111|0x0000000086f00000, 0x0000000086f00000, 0x0000000087000000|  0%| F|  |TAMS 0x0000000086f00000, 0x0000000086f00000| Untracked 
| 112|0x0000000087000000, 0x0000000087000000, 0x0000000087100000|  0%| F|  |TAMS 0x0000000087000000, 0x0000000087000000| Untracked 
| 113|0x0000000087100000, 0x0000000087100000, 0x0000000087200000|  0%| F|  |TAMS 0x0000000087100000, 0x0000000087100000| Untracked 
| 114|0x0000000087200000, 0x0000000087200000, 0x0000000087300000|  0%| F|  |TAMS 0x0000000087200000, 0x0000000087200000| Untracked 
| 115|0x0000000087300000, 0x0000000087300000, 0x0000000087400000|  0%| F|  |TAMS 0x0000000087300000, 0x0000000087300000| Untracked 
| 116|0x0000000087400000, 0x0000000087400000, 0x0000000087500000|  0%| F|  |TAMS 0x0000000087400000, 0x0000000087400000| Untracked 
| 117|0x0000000087500000, 0x0000000087500000, 0x0000000087600000|  0%| F|  |TAMS 0x0000000087500000, 0x0000000087500000| Untracked 
| 118|0x0000000087600000, 0x0000000087600000, 0x0000000087700000|  0%| F|  |TAMS 0x0000000087600000, 0x0000000087600000| Untracked 
| 119|0x0000000087700000, 0x0000000087700000, 0x0000000087800000|  0%| F|  |TAMS 0x0000000087700000, 0x0000000087700000| Untracked 
| 120|0x0000000087800000, 0x0000000087800000, 0x0000000087900000|  0%| F|  |TAMS 0x0000000087800000, 0x0000000087800000| Untracked 
| 121|0x0000000087900000, 0x0000000087900000, 0x0000000087a00000|  0%| F|  |TAMS 0x0000000087900000, 0x0000000087900000| Untracked 
| 122|0x0000000087a00000, 0x0000000087a00000, 0x0000000087b00000|  0%| F|  |TAMS 0x0000000087a00000, 0x0000000087a00000| Untracked 
| 123|0x0000000087b00000, 0x0000000087b00000, 0x0000000087c00000|  0%| F|  |TAMS 0x0000000087b00000, 0x0000000087b00000| Untracked 
| 124|0x0000000087c00000, 0x0000000087c00000, 0x0000000087d00000|  0%| F|  |TAMS 0x0000000087c00000, 0x0000000087c00000| Untracked 
| 125|0x0000000087d00000, 0x0000000087d00000, 0x0000000087e00000|  0%| F|  |TAMS 0x0000000087d00000, 0x0000000087d00000| Untracked 
| 126|0x0000000087e00000, 0x0000000087e00000, 0x0000000087f00000|  0%| F|  |TAMS 0x0000000087e00000, 0x0000000087e00000| Untracked 
| 127|0x0000000087f00000, 0x0000000087f00000, 0x0000000088000000|  0%| F|  |TAMS 0x0000000087f00000, 0x0000000087f00000| Untracked 
| 128|0x0000000088000000, 0x0000000088000000, 0x0000000088100000|  0%| F|  |TAMS 0x0000000088000000, 0x0000000088000000| Untracked 
| 129|0x0000000088100000, 0x0000000088100000, 0x0000000088200000|  0%| F|  |TAMS 0x0000000088100000, 0x0000000088100000| Untracked 
| 130|0x0000000088200000, 0x0000000088200000, 0x0000000088300000|  0%| F|  |TAMS 0x0000000088200000, 0x0000000088200000| Untracked 
| 131|0x0000000088300000, 0x0000000088300000, 0x0000000088400000|  0%| F|  |TAMS 0x0000000088300000, 0x0000000088300000| Untracked 
| 132|0x0000000088400000, 0x0000000088400000, 0x0000000088500000|  0%| F|  |TAMS 0x0000000088400000, 0x0000000088400000| Untracked 
| 133|0x0000000088500000, 0x0000000088500000, 0x0000000088600000|  0%| F|  |TAMS 0x0000000088500000, 0x0000000088500000| Untracked 
| 134|0x0000000088600000, 0x0000000088600000, 0x0000000088700000|  0%| F|  |TAMS 0x0000000088600000, 0x0000000088600000| Untracked 
| 135|0x0000000088700000, 0x0000000088700000, 0x0000000088800000|  0%| F|  |TAMS 0x0000000088700000, 0x0000000088700000| Untracked 
| 136|0x0000000088800000, 0x0000000088826e68, 0x0000000088900000| 15%| S|CS|TAMS 0x0000000088800000, 0x0000000088800000| Complete 
| 137|0x0000000088900000, 0x0000000088a00000, 0x0000000088a00000|100%| S|CS|TAMS 0x0000000088900000, 0x0000000088900000| Complete 
| 138|0x0000000088a00000, 0x0000000088b00000, 0x0000000088b00000|100%| S|CS|TAMS 0x0000000088a00000, 0x0000000088a00000| Complete 
| 139|0x0000000088b00000, 0x0000000088c00000, 0x0000000088c00000|100%| S|CS|TAMS 0x0000000088b00000, 0x0000000088b00000| Complete 
| 140|0x0000000088c00000, 0x0000000088d00000, 0x0000000088d00000|100%| S|CS|TAMS 0x0000000088c00000, 0x0000000088c00000| Complete 
| 141|0x0000000088d00000, 0x0000000088e00000, 0x0000000088e00000|100%| S|CS|TAMS 0x0000000088d00000, 0x0000000088d00000| Complete 
| 142|0x0000000088e00000, 0x0000000088f00000, 0x0000000088f00000|100%| S|CS|TAMS 0x0000000088e00000, 0x0000000088e00000| Complete 
| 143|0x0000000088f00000, 0x0000000089000000, 0x0000000089000000|100%| S|CS|TAMS 0x0000000088f00000, 0x0000000088f00000| Complete 
| 144|0x0000000089000000, 0x0000000089100000, 0x0000000089100000|100%| S|CS|TAMS 0x0000000089000000, 0x0000000089000000| Complete 
| 145|0x0000000089100000, 0x0000000089200000, 0x0000000089200000|100%| S|CS|TAMS 0x0000000089100000, 0x0000000089100000| Complete 
| 146|0x0000000089200000, 0x0000000089200000, 0x0000000089300000|  0%| F|  |TAMS 0x0000000089200000, 0x0000000089200000| Untracked 
| 147|0x0000000089300000, 0x0000000089300000, 0x0000000089400000|  0%| F|  |TAMS 0x0000000089300000, 0x0000000089300000| Untracked 
| 148|0x0000000089400000, 0x0000000089400000, 0x0000000089500000|  0%| F|  |TAMS 0x0000000089400000, 0x0000000089400000| Untracked 
| 149|0x0000000089500000, 0x0000000089500000, 0x0000000089600000|  0%| F|  |TAMS 0x0000000089500000, 0x0000000089500000| Untracked 
| 150|0x0000000089600000, 0x0000000089700000, 0x0000000089700000|100%| S|CS|TAMS 0x0000000089600000, 0x0000000089600000| Complete 
| 151|0x0000000089700000, 0x0000000089800000, 0x0000000089800000|100%| S|CS|TAMS 0x0000000089700000, 0x0000000089700000| Complete 
| 152|0x0000000089800000, 0x0000000089900000, 0x0000000089900000|100%| S|CS|TAMS 0x0000000089800000, 0x0000000089800000| Complete 
| 153|0x0000000089900000, 0x0000000089a00000, 0x0000000089a00000|100%| S|CS|TAMS 0x0000000089900000, 0x0000000089900000| Complete 
| 154|0x0000000089a00000, 0x0000000089a00000, 0x0000000089b00000|  0%| F|  |TAMS 0x0000000089a00000, 0x0000000089a00000| Untracked 
| 155|0x0000000089b00000, 0x0000000089b00000, 0x0000000089c00000|  0%| F|  |TAMS 0x0000000089b00000, 0x0000000089b00000| Untracked 
| 156|0x0000000089c00000, 0x0000000089c00000, 0x0000000089d00000|  0%| F|  |TAMS 0x0000000089c00000, 0x0000000089c00000| Untracked 
| 157|0x0000000089d00000, 0x0000000089d00000, 0x0000000089e00000|  0%| F|  |TAMS 0x0000000089d00000, 0x0000000089d00000| Untracked 
| 158|0x0000000089e00000, 0x0000000089e00000, 0x0000000089f00000|  0%| F|  |TAMS 0x0000000089e00000, 0x0000000089e00000| Untracked 
| 159|0x0000000089f00000, 0x0000000089f00000, 0x000000008a000000|  0%| F|  |TAMS 0x0000000089f00000, 0x0000000089f00000| Untracked 
| 160|0x000000008a000000, 0x000000008a000000, 0x000000008a100000|  0%| F|  |TAMS 0x000000008a000000, 0x000000008a000000| Untracked 
| 161|0x000000008a100000, 0x000000008a100000, 0x000000008a200000|  0%| F|  |TAMS 0x000000008a100000, 0x000000008a100000| Untracked 
| 162|0x000000008a200000, 0x000000008a200000, 0x000000008a300000|  0%| F|  |TAMS 0x000000008a200000, 0x000000008a200000| Untracked 
| 163|0x000000008a300000, 0x000000008a300000, 0x000000008a400000|  0%| F|  |TAMS 0x000000008a300000, 0x000000008a300000| Untracked 
| 164|0x000000008a400000, 0x000000008a400000, 0x000000008a500000|  0%| F|  |TAMS 0x000000008a400000, 0x000000008a400000| Untracked 
| 165|0x000000008a500000, 0x000000008a500000, 0x000000008a600000|  0%| F|  |TAMS 0x000000008a500000, 0x000000008a500000| Untracked 
| 166|0x000000008a600000, 0x000000008a600000, 0x000000008a700000|  0%| F|  |TAMS 0x000000008a600000, 0x000000008a600000| Untracked 
| 167|0x000000008a700000, 0x000000008a700000, 0x000000008a800000|  0%| F|  |TAMS 0x000000008a700000, 0x000000008a700000| Untracked 
| 168|0x000000008a800000, 0x000000008a800000, 0x000000008a900000|  0%| F|  |TAMS 0x000000008a800000, 0x000000008a800000| Untracked 
| 169|0x000000008a900000, 0x000000008a900000, 0x000000008aa00000|  0%| F|  |TAMS 0x000000008a900000, 0x000000008a900000| Untracked 
| 170|0x000000008aa00000, 0x000000008aa00000, 0x000000008ab00000|  0%| F|  |TAMS 0x000000008aa00000, 0x000000008aa00000| Untracked 
| 171|0x000000008ab00000, 0x000000008ab00000, 0x000000008ac00000|  0%| F|  |TAMS 0x000000008ab00000, 0x000000008ab00000| Untracked 
| 172|0x000000008ac00000, 0x000000008ac00000, 0x000000008ad00000|  0%| F|  |TAMS 0x000000008ac00000, 0x000000008ac00000| Untracked 
| 173|0x000000008ad00000, 0x000000008ad00000, 0x000000008ae00000|  0%| F|  |TAMS 0x000000008ad00000, 0x000000008ad00000| Untracked 
| 174|0x000000008ae00000, 0x000000008ae00000, 0x000000008af00000|  0%| F|  |TAMS 0x000000008ae00000, 0x000000008ae00000| Untracked 
| 175|0x000000008af00000, 0x000000008af00000, 0x000000008b000000|  0%| F|  |TAMS 0x000000008af00000, 0x000000008af00000| Untracked 
| 176|0x000000008b000000, 0x000000008b000000, 0x000000008b100000|  0%| F|  |TAMS 0x000000008b000000, 0x000000008b000000| Untracked 
| 177|0x000000008b100000, 0x000000008b100000, 0x000000008b200000|  0%| F|  |TAMS 0x000000008b100000, 0x000000008b100000| Untracked 
| 178|0x000000008b200000, 0x000000008b200000, 0x000000008b300000|  0%| F|  |TAMS 0x000000008b200000, 0x000000008b200000| Untracked 
| 179|0x000000008b300000, 0x000000008b300000, 0x000000008b400000|  0%| F|  |TAMS 0x000000008b300000, 0x000000008b300000| Untracked 
| 180|0x000000008b400000, 0x000000008b400000, 0x000000008b500000|  0%| F|  |TAMS 0x000000008b400000, 0x000000008b400000| Untracked 
| 181|0x000000008b500000, 0x000000008b500000, 0x000000008b600000|  0%| F|  |TAMS 0x000000008b500000, 0x000000008b500000| Untracked 
| 182|0x000000008b600000, 0x000000008b600000, 0x000000008b700000|  0%| F|  |TAMS 0x000000008b600000, 0x000000008b600000| Untracked 
| 183|0x000000008b700000, 0x000000008b700000, 0x000000008b800000|  0%| F|  |TAMS 0x000000008b700000, 0x000000008b700000| Untracked 
| 184|0x000000008b800000, 0x000000008b800000, 0x000000008b900000|  0%| F|  |TAMS 0x000000008b800000, 0x000000008b800000| Untracked 
| 185|0x000000008b900000, 0x000000008b900000, 0x000000008ba00000|  0%| F|  |TAMS 0x000000008b900000, 0x000000008b900000| Untracked 
| 186|0x000000008ba00000, 0x000000008ba00000, 0x000000008bb00000|  0%| F|  |TAMS 0x000000008ba00000, 0x000000008ba00000| Untracked 
| 187|0x000000008bb00000, 0x000000008bb00000, 0x000000008bc00000|  0%| F|  |TAMS 0x000000008bb00000, 0x000000008bb00000| Untracked 
| 188|0x000000008bc00000, 0x000000008bc00000, 0x000000008bd00000|  0%| F|  |TAMS 0x000000008bc00000, 0x000000008bc00000| Untracked 
| 189|0x000000008bd00000, 0x000000008bd00000, 0x000000008be00000|  0%| F|  |TAMS 0x000000008bd00000, 0x000000008bd00000| Untracked 
| 190|0x000000008be00000, 0x000000008be00000, 0x000000008bf00000|  0%| F|  |TAMS 0x000000008be00000, 0x000000008be00000| Untracked 
| 191|0x000000008bf00000, 0x000000008bf00000, 0x000000008c000000|  0%| F|  |TAMS 0x000000008bf00000, 0x000000008bf00000| Untracked 
| 192|0x000000008c000000, 0x000000008c000000, 0x000000008c100000|  0%| F|  |TAMS 0x000000008c000000, 0x000000008c000000| Untracked 
| 193|0x000000008c100000, 0x000000008c100000, 0x000000008c200000|  0%| F|  |TAMS 0x000000008c100000, 0x000000008c100000| Untracked 
| 194|0x000000008c200000, 0x000000008c200000, 0x000000008c300000|  0%| F|  |TAMS 0x000000008c200000, 0x000000008c200000| Untracked 
| 195|0x000000008c300000, 0x000000008c300000, 0x000000008c400000|  0%| F|  |TAMS 0x000000008c300000, 0x000000008c300000| Untracked 
| 196|0x000000008c400000, 0x000000008c400000, 0x000000008c500000|  0%| F|  |TAMS 0x000000008c400000, 0x000000008c400000| Untracked 
| 197|0x000000008c500000, 0x000000008c500000, 0x000000008c600000|  0%| F|  |TAMS 0x000000008c500000, 0x000000008c500000| Untracked 
| 198|0x000000008c600000, 0x000000008c600000, 0x000000008c700000|  0%| F|  |TAMS 0x000000008c600000, 0x000000008c600000| Untracked 
| 199|0x000000008c700000, 0x000000008c700000, 0x000000008c800000|  0%| F|  |TAMS 0x000000008c700000, 0x000000008c700000| Untracked 
| 200|0x000000008c800000, 0x000000008c800000, 0x000000008c900000|  0%| F|  |TAMS 0x000000008c800000, 0x000000008c800000| Untracked 
| 201|0x000000008c900000, 0x000000008c900000, 0x000000008ca00000|  0%| F|  |TAMS 0x000000008c900000, 0x000000008c900000| Untracked 
| 202|0x000000008ca00000, 0x000000008ca00000, 0x000000008cb00000|  0%| F|  |TAMS 0x000000008ca00000, 0x000000008ca00000| Untracked 
| 203|0x000000008cb00000, 0x000000008cb00000, 0x000000008cc00000|  0%| F|  |TAMS 0x000000008cb00000, 0x000000008cb00000| Untracked 
| 204|0x000000008cc00000, 0x000000008cc00000, 0x000000008cd00000|  0%| F|  |TAMS 0x000000008cc00000, 0x000000008cc00000| Untracked 
| 205|0x000000008cd00000, 0x000000008cd00000, 0x000000008ce00000|  0%| F|  |TAMS 0x000000008cd00000, 0x000000008cd00000| Untracked 
| 206|0x000000008ce00000, 0x000000008ce00000, 0x000000008cf00000|  0%| F|  |TAMS 0x000000008ce00000, 0x000000008ce00000| Untracked 
| 207|0x000000008cf00000, 0x000000008cf00000, 0x000000008d000000|  0%| F|  |TAMS 0x000000008cf00000, 0x000000008cf00000| Untracked 
| 208|0x000000008d000000, 0x000000008d000000, 0x000000008d100000|  0%| F|  |TAMS 0x000000008d000000, 0x000000008d000000| Untracked 
| 209|0x000000008d100000, 0x000000008d100000, 0x000000008d200000|  0%| F|  |TAMS 0x000000008d100000, 0x000000008d100000| Untracked 
| 210|0x000000008d200000, 0x000000008d200000, 0x000000008d300000|  0%| F|  |TAMS 0x000000008d200000, 0x000000008d200000| Untracked 
| 211|0x000000008d300000, 0x000000008d300000, 0x000000008d400000|  0%| F|  |TAMS 0x000000008d300000, 0x000000008d300000| Untracked 
| 212|0x000000008d400000, 0x000000008d400000, 0x000000008d500000|  0%| F|  |TAMS 0x000000008d400000, 0x000000008d400000| Untracked 
| 213|0x000000008d500000, 0x000000008d500000, 0x000000008d600000|  0%| F|  |TAMS 0x000000008d500000, 0x000000008d500000| Untracked 
| 214|0x000000008d600000, 0x000000008d600000, 0x000000008d700000|  0%| F|  |TAMS 0x000000008d600000, 0x000000008d600000| Untracked 
| 215|0x000000008d700000, 0x000000008d700000, 0x000000008d800000|  0%| F|  |TAMS 0x000000008d700000, 0x000000008d700000| Untracked 
| 216|0x000000008d800000, 0x000000008d800000, 0x000000008d900000|  0%| F|  |TAMS 0x000000008d800000, 0x000000008d800000| Untracked 
| 217|0x000000008d900000, 0x000000008d900000, 0x000000008da00000|  0%| F|  |TAMS 0x000000008d900000, 0x000000008d900000| Untracked 
| 218|0x000000008da00000, 0x000000008da00000, 0x000000008db00000|  0%| F|  |TAMS 0x000000008da00000, 0x000000008da00000| Untracked 
| 219|0x000000008db00000, 0x000000008db00000, 0x000000008dc00000|  0%| F|  |TAMS 0x000000008db00000, 0x000000008db00000| Untracked 
| 220|0x000000008dc00000, 0x000000008dc00000, 0x000000008dd00000|  0%| F|  |TAMS 0x000000008dc00000, 0x000000008dc00000| Untracked 
| 221|0x000000008dd00000, 0x000000008dd00000, 0x000000008de00000|  0%| F|  |TAMS 0x000000008dd00000, 0x000000008dd00000| Untracked 
| 222|0x000000008de00000, 0x000000008de00000, 0x000000008df00000|  0%| F|  |TAMS 0x000000008de00000, 0x000000008de00000| Untracked 
| 223|0x000000008df00000, 0x000000008df00000, 0x000000008e000000|  0%| F|  |TAMS 0x000000008df00000, 0x000000008df00000| Untracked 
| 224|0x000000008e000000, 0x000000008e000000, 0x000000008e100000|  0%| F|  |TAMS 0x000000008e000000, 0x000000008e000000| Untracked 
| 225|0x000000008e100000, 0x000000008e100000, 0x000000008e200000|  0%| F|  |TAMS 0x000000008e100000, 0x000000008e100000| Untracked 
| 226|0x000000008e200000, 0x000000008e200000, 0x000000008e300000|  0%| F|  |TAMS 0x000000008e200000, 0x000000008e200000| Untracked 
| 227|0x000000008e300000, 0x000000008e300000, 0x000000008e400000|  0%| F|  |TAMS 0x000000008e300000, 0x000000008e300000| Untracked 
| 228|0x000000008e400000, 0x000000008e400000, 0x000000008e500000|  0%| F|  |TAMS 0x000000008e400000, 0x000000008e400000| Untracked 
| 229|0x000000008e500000, 0x000000008e500000, 0x000000008e600000|  0%| F|  |TAMS 0x000000008e500000, 0x000000008e500000| Untracked 
| 230|0x000000008e600000, 0x000000008e600000, 0x000000008e700000|  0%| F|  |TAMS 0x000000008e600000, 0x000000008e600000| Untracked 
| 231|0x000000008e700000, 0x000000008e700000, 0x000000008e800000|  0%| F|  |TAMS 0x000000008e700000, 0x000000008e700000| Untracked 
| 232|0x000000008e800000, 0x000000008e800000, 0x000000008e900000|  0%| F|  |TAMS 0x000000008e800000, 0x000000008e800000| Untracked 
| 233|0x000000008e900000, 0x000000008e900000, 0x000000008ea00000|  0%| F|  |TAMS 0x000000008e900000, 0x000000008e900000| Untracked 
| 234|0x000000008ea00000, 0x000000008ea00000, 0x000000008eb00000|  0%| F|  |TAMS 0x000000008ea00000, 0x000000008ea00000| Untracked 
| 235|0x000000008eb00000, 0x000000008eb00000, 0x000000008ec00000|  0%| F|  |TAMS 0x000000008eb00000, 0x000000008eb00000| Untracked 
| 236|0x000000008ec00000, 0x000000008ec00000, 0x000000008ed00000|  0%| F|  |TAMS 0x000000008ec00000, 0x000000008ec00000| Untracked 
| 237|0x000000008ed00000, 0x000000008ed00000, 0x000000008ee00000|  0%| F|  |TAMS 0x000000008ed00000, 0x000000008ed00000| Untracked 
| 238|0x000000008ee00000, 0x000000008eee91d8, 0x000000008ef00000| 91%| E|  |TAMS 0x000000008ee00000, 0x000000008ee00000| Complete 
| 239|0x000000008ef00000, 0x000000008f000000, 0x000000008f000000|100%| E|CS|TAMS 0x000000008ef00000, 0x000000008ef00000| Complete 
| 240|0x000000008f000000, 0x000000008f100000, 0x000000008f100000|100%| E|CS|TAMS 0x000000008f000000, 0x000000008f000000| Complete 
| 241|0x000000008f100000, 0x000000008f200000, 0x000000008f200000|100%| E|CS|TAMS 0x000000008f100000, 0x000000008f100000| Complete 
| 242|0x000000008f200000, 0x000000008f300000, 0x000000008f300000|100%| E|CS|TAMS 0x000000008f200000, 0x000000008f200000| Complete 
| 243|0x000000008f300000, 0x000000008f400000, 0x000000008f400000|100%| E|CS|TAMS 0x000000008f300000, 0x000000008f300000| Complete 
| 244|0x000000008f400000, 0x000000008f500000, 0x000000008f500000|100%| E|CS|TAMS 0x000000008f400000, 0x000000008f400000| Complete 
| 245|0x000000008f500000, 0x000000008f600000, 0x000000008f600000|100%| E|CS|TAMS 0x000000008f500000, 0x000000008f500000| Complete 
| 246|0x000000008f600000, 0x000000008f700000, 0x000000008f700000|100%| E|CS|TAMS 0x000000008f600000, 0x000000008f600000| Complete 
| 247|0x000000008f700000, 0x000000008f800000, 0x000000008f800000|100%| E|CS|TAMS 0x000000008f700000, 0x000000008f700000| Complete 
| 248|0x000000008f800000, 0x000000008f900000, 0x000000008f900000|100%| E|CS|TAMS 0x000000008f800000, 0x000000008f800000| Complete 
| 249|0x000000008f900000, 0x000000008fa00000, 0x000000008fa00000|100%| E|CS|TAMS 0x000000008f900000, 0x000000008f900000| Complete 
| 250|0x000000008fa00000, 0x000000008fb00000, 0x000000008fb00000|100%| E|CS|TAMS 0x000000008fa00000, 0x000000008fa00000| Complete 
| 251|0x000000008fb00000, 0x000000008fc00000, 0x000000008fc00000|100%| E|CS|TAMS 0x000000008fb00000, 0x000000008fb00000| Complete 
| 252|0x000000008fc00000, 0x000000008fd00000, 0x000000008fd00000|100%| E|CS|TAMS 0x000000008fc00000, 0x000000008fc00000| Complete 
| 253|0x000000008fd00000, 0x000000008fe00000, 0x000000008fe00000|100%| E|CS|TAMS 0x000000008fd00000, 0x000000008fd00000| Complete 
| 254|0x000000008fe00000, 0x000000008ff00000, 0x000000008ff00000|100%| E|CS|TAMS 0x000000008fe00000, 0x000000008fe00000| Complete 
| 255|0x000000008ff00000, 0x0000000090000000, 0x0000000090000000|100%| E|CS|TAMS 0x000000008ff00000, 0x000000008ff00000| Complete 

Card table byte_map: [0x000001bcb6c30000,0x000001bcb7030000] _byte_map_base: 0x000001bcb6830000

Marking Bits (Prev, Next): (CMBitMap*) 0x000001bca3a1dd40, (CMBitMap*) 0x000001bca3a1dd08
 Prev Bits: [0x000001bcb9430000, 0x000001bcbb430000)
 Next Bits: [0x000001bcb7430000, 0x000001bcb9430000)

Polling page: 0x000001bca31c0000

Metaspace:

Usage:
  Non-class:     71.78 MB capacity,    70.32 MB ( 98%) used,     1.22 MB (  2%) free+waste,   237.31 KB ( <1%) overhead. 
      Class:     11.52 MB capacity,    10.60 MB ( 92%) used,   826.55 KB (  7%) free+waste,   112.88 KB ( <1%) overhead. 
       Both:     83.29 MB capacity,    80.92 MB ( 97%) used,     2.03 MB (  2%) free+waste,   350.19 KB ( <1%) overhead. 

Virtual space:
  Non-class space:       72.00 MB reserved,      71.83 MB (>99%) committed 
      Class space:        1.00 GB reserved,      11.63 MB (  1%) committed 
             Both:        1.07 GB reserved,      83.45 MB (  8%) committed 

Chunk freelists:
   Non-Class:  0 bytes
       Class:  14.00 KB
        Both:  14.00 KB

MaxMetaspaceSize: 17179869184.00 GB
CompressedClassSpaceSize: 1.00 GB
Initial GC threshold: 20.80 MB
Current GC threshold: 98.67 MB
CDS: off

CodeHeap 'non-profiled nmethods': size=120000Kb used=5800Kb max_used=5800Kb free=114199Kb
 bounds [0x000001bcaefd0000, 0x000001bcaf580000, 0x000001bcb6500000]
CodeHeap 'profiled nmethods': size=120000Kb used=18606Kb max_used=18606Kb free=101393Kb
 bounds [0x000001bca7aa0000, 0x000001bca8cd0000, 0x000001bcaefd0000]
CodeHeap 'non-nmethods': size=5760Kb used=2364Kb max_used=2431Kb free=3396Kb
 bounds [0x000001bca7500000, 0x000001bca7770000, 0x000001bca7aa0000]
 total_blobs=9310 nmethods=8430 adapters=792
 compilation: enabled
              stopped_count=0, restarted_count=0
 full_count=0

Compilation events (20 events):
Event: 37.742 Thread 0x000001bcbe74a000 8456       3       org.gradle.cache.internal.CacheAccessWorker$1::call (10 bytes)
Event: 37.742 Thread 0x000001bcbe74a000 nmethod 8456 0x000001bca8ca8890 code [0x000001bca8ca8a40, 0x000001bca8ca8c08]
Event: 37.742 Thread 0x000001bcbe74a000 8457       3       org.gradle.cache.internal.AsyncCacheAccessDecoratedCache$$Lambda$350/0x00000001004f8c40::create (12 bytes)
Event: 37.742 Thread 0x000001bcbe74a000 nmethod 8457 0x000001bca8ca8d10 code [0x000001bca8ca8ee0, 0x000001bca8ca9108]
Event: 37.742 Thread 0x000001bcbe74a000 8458       3       org.gradle.cache.internal.AsyncCacheAccessDecoratedCache::lambda$get$0 (11 bytes)
Event: 37.743 Thread 0x000001bcbe74a000 nmethod 8458 0x000001bca8ca9210 code [0x000001bca8ca93c0, 0x000001bca8ca9588]
Event: 37.743 Thread 0x000001bcbe74a000 8450       1       org.gradle.internal.MutableBoolean::set (6 bytes)
Event: 37.743 Thread 0x000001bcbe74a000 nmethod 8450 0x000001bcaf578e90 code [0x000001bcaf579040, 0x000001bcaf5790f8]
Event: 37.743 Thread 0x000001bcbe74a000 8459       3       com.google.common.cache.AbstractCache$SimpleStatsCounter::recordLoadSuccess (20 bytes)
Event: 37.744 Thread 0x000001bcbe74a000 nmethod 8459 0x000001bca8ca9690 code [0x000001bca8ca9860, 0x000001bca8ca9ad8]
Event: 37.744 Thread 0x000001bcbe74a000 8460       3       com.google.common.cache.LongAdder::increment (6 bytes)
Event: 37.744 Thread 0x000001bcbe74a000 nmethod 8460 0x000001bca8ca9c90 code [0x000001bca8ca9e40, 0x000001bca8ca9f68]
Event: 37.744 Thread 0x000001bcbe74a000 8461       3       com.google.common.cache.AbstractCache$SimpleStatsCounter::recordMisses (12 bytes)
Event: 37.744 Thread 0x000001bcbe74a000 nmethod 8461 0x000001bca8caa010 code [0x000001bca8caa1e0, 0x000001bca8caa368]
Event: 37.791 Thread 0x000001bcbe74a000 8462       3       org.gradle.api.internal.file.CompositeFileCollection::visitContents (11 bytes)
Event: 37.793 Thread 0x000001bcbe74a000 nmethod 8462 0x000001bca8caa490 code [0x000001bca8caa6a0, 0x000001bca8caad08]
Event: 37.793 Thread 0x000001bcbe74a000 8463       3       org.gradle.api.internal.file.CompositeFileCollection$$Lambda$865/0x0000000100aea840::get$Lambda (9 bytes)
Event: 37.793 Thread 0x000001bcbe74a000 nmethod 8463 0x000001bca8caaf10 code [0x000001bca8cab0e0, 0x000001bca8cab338]
Event: 37.808 Thread 0x000001bcbe74a000 8464       3       org.gradle.api.internal.DefaultDomainObjectCollection::isEmpty (10 bytes)
Event: 37.808 Thread 0x000001bcbe74a000 nmethod 8464 0x000001bca8cab410 code [0x000001bca8cab5e0, 0x000001bca8cab858]

GC Heap History (20 events):
Event: 9.805 GC heap before
{Heap before GC invocations=3 (full 0):
 garbage-first heap   total 262144K, used 40015K [0x0000000080000000, 0x0000000100000000)
  region size 1024K, 31 young (31744K), 7 survivors (7168K)
 Metaspace       used 20710K, capacity 21155K, committed 21296K, reserved 1069056K
  class space    used 2504K, capacity 2633K, committed 2688K, reserved 1048576K
}
Event: 9.824 GC heap after
{Heap after GC invocations=4 (full 0):
 garbage-first heap   total 262144K, used 17540K [0x0000000080000000, 0x0000000100000000)
  region size 1024K, 2 young (2048K), 2 survivors (2048K)
 Metaspace       used 20710K, capacity 21155K, committed 21296K, reserved 1069056K
  class space    used 2504K, capacity 2633K, committed 2688K, reserved 1048576K
}
Event: 12.150 GC heap before
{Heap before GC invocations=5 (full 0):
 garbage-first heap   total 262144K, used 93316K [0x0000000080000000, 0x0000000100000000)
  region size 1024K, 77 young (78848K), 2 survivors (2048K)
 Metaspace       used 28145K, capacity 28791K, committed 28976K, reserved 1075200K
  class space    used 3659K, capacity 3910K, committed 3968K, reserved 1048576K
}
Event: 12.159 GC heap after
{Heap after GC invocations=6 (full 0):
 garbage-first heap   total 262144K, used 20054K [0x0000000080000000, 0x0000000100000000)
  region size 1024K, 4 young (4096K), 4 survivors (4096K)
 Metaspace       used 28145K, capacity 28791K, committed 28976K, reserved 1075200K
  class space    used 3659K, capacity 3910K, committed 3968K, reserved 1048576K
}
Event: 13.771 GC heap before
{Heap before GC invocations=6 (full 0):
 garbage-first heap   total 262144K, used 57942K [0x0000000080000000, 0x0000000100000000)
  region size 1024K, 42 young (43008K), 4 survivors (4096K)
 Metaspace       used 34980K, capacity 35776K, committed 35920K, reserved 1081344K
  class space    used 4465K, capacity 4795K, committed 4864K, reserved 1048576K
}
Event: 13.794 GC heap after
{Heap after GC invocations=7 (full 0):
 garbage-first heap   total 262144K, used 22941K [0x0000000080000000, 0x0000000100000000)
  region size 1024K, 7 young (7168K), 7 survivors (7168K)
 Metaspace       used 34980K, capacity 35776K, committed 35920K, reserved 1081344K
  class space    used 4465K, capacity 4795K, committed 4864K, reserved 1048576K
}
Event: 19.130 GC heap before
{Heap before GC invocations=8 (full 0):
 garbage-first heap   total 262144K, used 165277K [0x0000000080000000, 0x0000000100000000)
  region size 1024K, 143 young (146432K), 7 survivors (7168K)
 Metaspace       used 46523K, capacity 47714K, committed 47952K, reserved 1091584K
  class space    used 5881K, capacity 6332K, committed 6400K, reserved 1048576K
}
Event: 19.159 GC heap after
{Heap after GC invocations=9 (full 0):
 garbage-first heap   total 262144K, used 30231K [0x0000000080000000, 0x0000000100000000)
  region size 1024K, 14 young (14336K), 14 survivors (14336K)
 Metaspace       used 46523K, capacity 47714K, committed 47952K, reserved 1091584K
  class space    used 5881K, capacity 6332K, committed 6400K, reserved 1048576K
}
Event: 23.471 GC heap before
{Heap before GC invocations=9 (full 0):
 garbage-first heap   total 262144K, used 176663K [0x0000000080000000, 0x0000000100000000)
  region size 1024K, 153 young (156672K), 14 survivors (14336K)
 Metaspace       used 57094K, capacity 58668K, committed 58832K, reserved 1099776K
  class space    used 7148K, capacity 7699K, committed 7808K, reserved 1048576K
}
Event: 23.504 GC heap after
{Heap after GC invocations=10 (full 0):
 garbage-first heap   total 262144K, used 46643K [0x0000000080000000, 0x0000000100000000)
  region size 1024K, 20 young (20480K), 20 survivors (20480K)
 Metaspace       used 57094K, capacity 58668K, committed 58832K, reserved 1099776K
  class space    used 7148K, capacity 7699K, committed 7808K, reserved 1048576K
}
Event: 23.846 GC heap before
{Heap before GC invocations=10 (full 0):
 garbage-first heap   total 262144K, used 54835K [0x0000000080000000, 0x0000000100000000)
  region size 1024K, 29 young (29696K), 20 survivors (20480K)
 Metaspace       used 58604K, capacity 60184K, committed 60240K, reserved 1101824K
  class space    used 7354K, capacity 7907K, committed 7936K, reserved 1048576K
}
Event: 23.894 GC heap after
{Heap after GC invocations=11 (full 0):
 garbage-first heap   total 262144K, used 49605K [0x0000000080000000, 0x0000000100000000)
  region size 1024K, 3 young (3072K), 3 survivors (3072K)
 Metaspace       used 58604K, capacity 60184K, committed 60240K, reserved 1101824K
  class space    used 7354K, capacity 7907K, committed 7936K, reserved 1048576K
}
Event: 27.151 GC heap before
{Heap before GC invocations=12 (full 0):
 garbage-first heap   total 262144K, used 135621K [0x0000000080000000, 0x0000000100000000)
  region size 1024K, 87 young (89088K), 3 survivors (3072K)
 Metaspace       used 65051K, capacity 66768K, committed 67024K, reserved 1107968K
  class space    used 8182K, capacity 8828K, committed 8832K, reserved 1048576K
}
Event: 27.166 GC heap after
{Heap after GC invocations=13 (full 0):
 garbage-first heap   total 262144K, used 54466K [0x0000000080000000, 0x0000000100000000)
  region size 1024K, 8 young (8192K), 8 survivors (8192K)
 Metaspace       used 65051K, capacity 66768K, committed 67024K, reserved 1107968K
  class space    used 8182K, capacity 8828K, committed 8832K, reserved 1048576K
}
Event: 29.671 GC heap before
{Heap before GC invocations=13 (full 0):
 garbage-first heap   total 262144K, used 147650K [0x0000000080000000, 0x0000000100000000)
  region size 1024K, 99 young (101376K), 8 survivors (8192K)
 Metaspace       used 67365K, capacity 69300K, committed 69456K, reserved 1110016K
  class space    used 8519K, capacity 9206K, committed 9216K, reserved 1048576K
}
Event: 29.696 GC heap after
{Heap after GC invocations=14 (full 0):
 garbage-first heap   total 262144K, used 61364K [0x0000000080000000, 0x0000000100000000)
  region size 1024K, 7 young (7168K), 7 survivors (7168K)
 Metaspace       used 67365K, capacity 69300K, committed 69456K, reserved 1110016K
  class space    used 8519K, capacity 9206K, committed 9216K, reserved 1048576K
}
Event: 32.840 GC heap before
{Heap before GC invocations=14 (full 0):
 garbage-first heap   total 262144K, used 159668K [0x0000000080000000, 0x0000000100000000)
  region size 1024K, 103 young (105472K), 7 survivors (7168K)
 Metaspace       used 73539K, capacity 75598K, committed 75728K, reserved 1114112K
  class space    used 9511K, capacity 10298K, committed 10368K, reserved 1048576K
}
Event: 32.869 GC heap after
{Heap after GC invocations=15 (full 0):
 garbage-first heap   total 262144K, used 68083K [0x0000000080000000, 0x0000000100000000)
  region size 1024K, 7 young (7168K), 7 survivors (7168K)
 Metaspace       used 73539K, capacity 75598K, committed 75728K, reserved 1114112K
  class space    used 9511K, capacity 10298K, committed 10368K, reserved 1048576K
}
Event: 37.211 GC heap before
{Heap before GC invocations=15 (full 0):
 garbage-first heap   total 262144K, used 169459K [0x0000000080000000, 0x0000000100000000)
  region size 1024K, 106 young (108544K), 7 survivors (7168K)
 Metaspace       used 81179K, capacity 83496K, committed 83792K, reserved 1122304K
  class space    used 10545K, capacity 11469K, committed 11520K, reserved 1048576K
}
Event: 37.233 GC heap after
{Heap after GC invocations=16 (full 0):
 garbage-first heap   total 262144K, used 74907K [0x0000000080000000, 0x0000000100000000)
  region size 1024K, 14 young (14336K), 14 survivors (14336K)
 Metaspace       used 81179K, capacity 83496K, committed 83792K, reserved 1122304K
  class space    used 10545K, capacity 11469K, committed 11520K, reserved 1048576K
}

Deoptimization events (20 events):
Event: 37.620 Thread 0x000001bcbf889800 Uncommon trap: trap_request=0xffffffde fr.pc=0x000001bcaf1ca758 relative=0x0000000000000298
Event: 37.620 Thread 0x000001bcbf889800 Uncommon trap: reason=class_check action=maybe_recompile pc=0x000001bcaf1ca758 method=java.util.stream.StreamOpFlag.fromCharacteristics(Ljava/util/Spliterator;)I @ 14 c2
Event: 37.620 Thread 0x000001bcbf889800 DEOPT PACKING pc=0x000001bcaf1ca758 sp=0x000000a039efdfe0
Event: 37.620 Thread 0x000001bcbf889800 DEOPT UNPACKING pc=0x000001bca754a1af sp=0x000000a039efdf30 mode 2
Event: 37.620 Thread 0x000001bcbf889800 Uncommon trap: trap_request=0xffffffde fr.pc=0x000001bcaf17c77c relative=0x000000000000005c
Event: 37.620 Thread 0x000001bcbf889800 Uncommon trap: reason=class_check action=maybe_recompile pc=0x000001bcaf17c77c method=java.util.stream.StreamOpFlag.fromCharacteristics(Ljava/util/Spliterator;)I @ 14 c2
Event: 37.620 Thread 0x000001bcbf889800 DEOPT PACKING pc=0x000001bcaf17c77c sp=0x000000a039efdf90
Event: 37.620 Thread 0x000001bcbf889800 DEOPT UNPACKING pc=0x000001bca754a1af sp=0x000000a039efdf28 mode 2
Event: 37.687 Thread 0x000001bcbf889800 Uncommon trap: trap_request=0xffffffc6 fr.pc=0x000001bcaf191008 relative=0x0000000000000428
Event: 37.687 Thread 0x000001bcbf889800 Uncommon trap: reason=bimorphic_or_optimized_type_check action=maybe_recompile pc=0x000001bcaf191008 method=java.util.Collections$SetFromMap.remove(Ljava/lang/Object;)Z @ 5 c2
Event: 37.687 Thread 0x000001bcbf889800 DEOPT PACKING pc=0x000001bcaf191008 sp=0x000000a039efed00
Event: 37.687 Thread 0x000001bcbf889800 DEOPT UNPACKING pc=0x000001bca754a1af sp=0x000000a039efecf8 mode 2
Event: 37.714 Thread 0x000001bcbf889800 Uncommon trap: trap_request=0xffffffc6 fr.pc=0x000001bcaf191008 relative=0x0000000000000428
Event: 37.714 Thread 0x000001bcbf889800 Uncommon trap: reason=bimorphic_or_optimized_type_check action=maybe_recompile pc=0x000001bcaf191008 method=java.util.Collections$SetFromMap.remove(Ljava/lang/Object;)Z @ 5 c2
Event: 37.714 Thread 0x000001bcbf889800 DEOPT PACKING pc=0x000001bcaf191008 sp=0x000000a039efed00
Event: 37.714 Thread 0x000001bcbf889800 DEOPT UNPACKING pc=0x000001bca754a1af sp=0x000000a039efecf8 mode 2
Event: 37.781 Thread 0x000001bcbf889800 Uncommon trap: trap_request=0xffffff4d fr.pc=0x000001bcaf5010c8 relative=0x0000000000000328
Event: 37.781 Thread 0x000001bcbf889800 Uncommon trap: reason=unstable_if action=reinterpret pc=0x000001bcaf5010c8 method=java.util.stream.StreamOpFlag.getMask(I)I @ 1 c2
Event: 37.781 Thread 0x000001bcbf889800 DEOPT PACKING pc=0x000001bcaf5010c8 sp=0x000000a039efb8e0
Event: 37.781 Thread 0x000001bcbf889800 DEOPT UNPACKING pc=0x000001bca754a1af sp=0x000000a039efb718 mode 2

Classes redefined (0 events):
No events

Internal exceptions (20 events):
Event: 36.692 Thread 0x000001bcc1492800 Exception <a 'java/lang/ClassNotFoundException'{0x000000008a63dcb8}: com/google/gms/googleservices/GoogleServicesTaskBeanInfo> (0x000000008a63dcb8) thrown at [./src/hotspot/share/classfile/systemDictionary.cpp, line 231]
Event: 36.694 Thread 0x000001bcc1492800 Exception <a 'java/lang/ClassNotFoundException'{0x000000008a65a290}: com/google/gms/googleservices/GoogleServicesTaskCustomizer> (0x000000008a65a290) thrown at [./src/hotspot/share/classfile/systemDictionary.cpp, line 231]
Event: 36.696 Thread 0x000001bcc1492800 Exception <a 'java/lang/ClassNotFoundException'{0x000000008a68b430}: com/google/gms/googleservices/GoogleServicesTask_DecoratedCustomizer> (0x000000008a68b430) thrown at [./src/hotspot/share/classfile/systemDictionary.cpp, line 231]
Event: 37.366 Thread 0x000001bcc1492800 Exception <a 'java/lang/NoSuchMethodError'{0x000000008fd09648}: 'java.lang.Object java.lang.invoke.Invokers$Holder.linkToTargetMethod(java.lang.Object, java.lang.Object, java.lang.Object, int, java.lang.Object, java.lang.Object)'> (0x000000008fd09648) thrown at [./src/hotspot/share/interpreter/linkResolver.cpp, line 773]
Event: 37.567 Thread 0x000001bcc153a800 Exception <a 'java/lang/NoSuchMethodError'{0x000000008f83b388}: <clinit>> (0x000000008f83b388) thrown at [./src/hotspot/share/prims/jni.cpp, line 1366]
Event: 37.571 Thread 0x000001bcc153a800 Exception <a 'java/lang/NoSuchMethodError'{0x000000008f87e1b0}: <clinit>> (0x000000008f87e1b0) thrown at [./src/hotspot/share/prims/jni.cpp, line 1366]
Event: 37.581 Thread 0x000001bcbf889800 Exception <a 'java/lang/NoSuchMethodError'{0x000000008f85df38}: 'void java.lang.invoke.DirectMethodHandle$Holder.invokeInterface(java.lang.Object, java.lang.Object)'> (0x000000008f85df38) thrown at [./src/hotspot/share/interpreter/linkResolver.cpp, line 773]
Event: 37.590 Thread 0x000001bcc153a800 Exception <a 'java/lang/NoSuchMethodError'{0x000000008f896138}: <clinit>> (0x000000008f896138) thrown at [./src/hotspot/share/prims/jni.cpp, line 1366]
Event: 37.593 Thread 0x000001bcc153a800 Exception <a 'java/lang/NoSuchMethodError'{0x000000008f8c6b90}: <clinit>> (0x000000008f8c6b90) thrown at [./src/hotspot/share/prims/jni.cpp, line 1366]
Event: 37.593 Thread 0x000001bcc153a800 Exception <a 'java/lang/NoSuchMethodError'{0x000000008f8c7e68}: <clinit>> (0x000000008f8c7e68) thrown at [./src/hotspot/share/prims/jni.cpp, line 1366]
Event: 37.634 Thread 0x000001bcbf881800 Exception <a 'java/lang/NoSuchMethodError'{0x000000008f6b8a60}: <clinit>> (0x000000008f6b8a60) thrown at [./src/hotspot/share/prims/jni.cpp, line 1366]
Event: 37.641 Thread 0x000001bcbf881800 Exception <a 'java/lang/NoSuchMethodError'{0x000000008f6cd0e0}: <clinit>> (0x000000008f6cd0e0) thrown at [./src/hotspot/share/prims/jni.cpp, line 1366]
Event: 37.647 Thread 0x000001bcbf881800 Exception <a 'java/lang/NoSuchMethodError'{0x000000008f567590}: <clinit>> (0x000000008f567590) thrown at [./src/hotspot/share/prims/jni.cpp, line 1366]
Event: 37.648 Thread 0x000001bcbf889800 Exception <a 'java/lang/IncompatibleClassChangeError'{0x000000008f538320}: Found class java.lang.Object, but interface was expected> (0x000000008f538320) thrown at [./src/hotspot/share/interpreter/linkResolver.cpp, line 839]
Event: 37.649 Thread 0x000001bcbf881800 Exception <a 'java/lang/NoSuchMethodError'{0x000000008f5717f0}: 'void java.lang.invoke.DirectMethodHandle$Holder.invokeSpecial(java.lang.Object, java.lang.Object, java.lang.Object, int)'> (0x000000008f5717f0) thrown at [./src/hotspot/share/interpreter/linkResolver.cpp, line 773]
Event: 37.690 Thread 0x000001bcbf889800 Exception <a 'java/lang/NoSuchMethodError'{0x000000008f4a9778}: 'java.lang.Object java.lang.invoke.DirectMethodHandle$Holder.invokeInterface(java.lang.Object, java.lang.Object, int)'> (0x000000008f4a9778) thrown at [./src/hotspot/share/interpreter/linkResolver.cpp, line 773]
Event: 37.691 Thread 0x000001bcc153a800 Exception <a 'java/lang/NoSuchMethodError'{0x000000008f4ef1c0}: <clinit>> (0x000000008f4ef1c0) thrown at [./src/hotspot/share/prims/jni.cpp, line 1366]
Event: 37.694 Thread 0x000001bcbf889800 Exception <a 'java/lang/NoSuchMethodError'{0x000000008f302a50}: 'void java.lang.invoke.DirectMethodHandle$Holder.invokeStatic(java.lang.Object, java.lang.Object, java.lang.Object, int)'> (0x000000008f302a50) thrown at [./src/hotspot/share/interpreter/linkResolver.cpp, line 773]
Event: 37.780 Thread 0x000001bcbf889800 Exception <a 'java/lang/IncompatibleClassChangeError'{0x000000008f291c00}: Found class java.lang.Object, but interface was expected> (0x000000008f291c00) thrown at [./src/hotspot/share/interpreter/linkResolver.cpp, line 839]
Event: 37.787 Thread 0x000001bcbf889800 Exception <a 'java/lang/IncompatibleClassChangeError'{0x000000008f2e07f8}: Found class java.lang.Object, but interface was expected> (0x000000008f2e07f8) thrown at [./src/hotspot/share/interpreter/linkResolver.cpp, line 839]

Events (20 events):
Event: 37.814 loading class org/gradle/api/artifacts/DependencySubstitutions$Substitution
Event: 37.814 loading class org/gradle/api/artifacts/DependencySubstitutions$Substitution done
Event: 37.814 loading class org/gradle/api/internal/artifacts/ivyservice/dependencysubstitution/DefaultDependencySubstitution
Event: 37.814 loading class org/gradle/api/internal/artifacts/ivyservice/dependencysubstitution/DefaultDependencySubstitution done
Event: 37.817 loading class org/gradle/api/internal/artifacts/ivyservice/dependencysubstitution/ArtifactSelectionDetailsInternal
Event: 37.817 loading class org/gradle/api/internal/artifacts/ivyservice/dependencysubstitution/ArtifactSelectionDetailsInternal done
Event: 37.818 loading class org/gradle/api/artifacts/ArtifactSelectionDetails
Event: 37.818 loading class org/gradle/api/artifacts/ArtifactSelectionDetails done
Event: 37.819 loading class org/gradle/api/internal/artifacts/ivyservice/dependencysubstitution/DefaultDependencySubstitutions$ModuleMatchDependencySubstitutionAction
Event: 37.819 loading class org/gradle/api/internal/artifacts/ivyservice/dependencysubstitution/DefaultDependencySubstitutions$ModuleMatchDependencySubstitutionAction done
Event: 37.820 loading class org/gradle/api/internal/artifacts/ivyservice/dependencysubstitution/DefaultDependencySubstitutions$AbstractDependencySubstitutionAction
Event: 37.820 loading class org/gradle/api/internal/artifacts/ivyservice/dependencysubstitution/DefaultDependencySubstitutions$AbstractDependencySubstitutionAction done
Event: 37.823 loading class org/gradle/api/Action
Event: 37.823 loading class org/gradle/api/Action done
Event: 37.823 loading class org/gradle/api/Action
Event: 37.823 loading class org/gradle/api/Action done
Event: 37.823 loading class org/gradle/api/internal/artifacts/ivyservice/dependencysubstitution/DefaultDependencySubstitutions$1
Event: 37.823 loading class org/gradle/api/internal/artifacts/ivyservice/dependencysubstitution/DefaultDependencySubstitutions$1 done
Event: 37.824 loading class org/gradle/api/internal/artifacts/ivyservice/dependencysubstitution/DefaultDependencySubstitutions$NoArtifactSelector
Event: 37.824 loading class org/gradle/api/internal/artifacts/ivyservice/dependencysubstitution/DefaultDependencySubstitutions$NoArtifactSelector done


Dynamic libraries:
0x00007ff660050000 - 0x00007ff66005a000 	C:\Program Files\Android\Android Studio\jre\bin\java.exe
0x00007ffec9c90000 - 0x00007ffec9e88000 	C:\Windows\SYSTEM32\ntdll.dll
0x00007ffec8da0000 - 0x00007ffec8e5f000 	C:\Windows\System32\KERNEL32.DLL
0x00007ffec76c0000 - 0x00007ffec79b6000 	C:\Windows\System32\KERNELBASE.dll
0x00007ffec7bc0000 - 0x00007ffec7cc0000 	C:\Windows\System32\ucrtbase.dll
0x00007ffec2aa0000 - 0x00007ffec2ab9000 	C:\Program Files\Android\Android Studio\jre\bin\jli.dll
0x00007ffec96e0000 - 0x00007ffec987d000 	C:\Windows\System32\USER32.dll
0x00007ffec7690000 - 0x00007ffec76b2000 	C:\Windows\System32\win32u.dll
0x00007ffec96b0000 - 0x00007ffec96dc000 	C:\Windows\System32\GDI32.dll
0x00007ffec7a10000 - 0x00007ffec7b25000 	C:\Windows\System32\gdi32full.dll
0x00007ffec7420000 - 0x00007ffec74bd000 	C:\Windows\System32\msvcp_win.dll
0x00007ffec0ec0000 - 0x00007ffec0ed7000 	C:\Program Files\Android\Android Studio\jre\bin\VCRUNTIME140.dll
0x00007ffeb1560000 - 0x00007ffeb17fa000 	C:\Windows\WinSxS\amd64_microsoft.windows.common-controls_6595b64144ccf1df_6.0.19041.1110_none_60b5254171f9507e\COMCTL32.dll
0x00007ffec7cf0000 - 0x00007ffec7d8e000 	C:\Windows\System32\msvcrt.dll
0x00007ffec8630000 - 0x00007ffec8660000 	C:\Windows\System32\IMM32.DLL
0x00007ffeb5160000 - 0x00007ffeb51fd000 	C:\Program Files\Android\Android Studio\jre\bin\msvcp140.dll
0x00007ffe77220000 - 0x00007ffe77d22000 	C:\Program Files\Android\Android Studio\jre\bin\server\jvm.dll
0x00007ffec84e0000 - 0x00007ffec858f000 	C:\Windows\System32\ADVAPI32.dll
0x00007ffec90b0000 - 0x00007ffec914c000 	C:\Windows\System32\sechost.dll
0x00007ffec9b20000 - 0x00007ffec9c46000 	C:\Windows\System32\RPCRT4.dll
0x00007ffec9090000 - 0x00007ffec9098000 	C:\Windows\System32\PSAPI.DLL
0x00007ffeac8a0000 - 0x00007ffeac8a9000 	C:\Windows\SYSTEM32\WSOCK32.dll
0x00007ffec99d0000 - 0x00007ffec9a3b000 	C:\Windows\System32\WS2_32.dll
0x00007ffeaf530000 - 0x00007ffeaf557000 	C:\Windows\SYSTEM32\WINMM.dll
0x00007ffebd850000 - 0x00007ffebd85a000 	C:\Windows\SYSTEM32\VERSION.dll
0x00007ffec5400000 - 0x00007ffec5412000 	C:\Windows\SYSTEM32\kernel.appcore.dll
0x00007ffec2a80000 - 0x00007ffec2a91000 	C:\Program Files\Android\Android Studio\jre\bin\verify.dll
0x00007ffec4ef0000 - 0x00007ffec50d4000 	C:\Windows\SYSTEM32\DBGHELP.DLL
0x00007ffea8a20000 - 0x00007ffea8a54000 	C:\Windows\SYSTEM32\dbgcore.DLL
0x00007ffec7b30000 - 0x00007ffec7bb2000 	C:\Windows\System32\bcryptPrimitives.dll
0x00007ffec29f0000 - 0x00007ffec2a19000 	C:\Program Files\Android\Android Studio\jre\bin\java.dll
0x00007ffec43d0000 - 0x00007ffec43db000 	C:\Program Files\Android\Android Studio\jre\bin\jimage.dll
0x00007ffec0c00000 - 0x00007ffec0c18000 	C:\Program Files\Android\Android Studio\jre\bin\zip.dll
0x00007ffec7d90000 - 0x00007ffec84d4000 	C:\Windows\System32\SHELL32.dll
0x00007ffec5420000 - 0x00007ffec5bb3000 	C:\Windows\SYSTEM32\windows.storage.dll
0x00007ffec9350000 - 0x00007ffec96a4000 	C:\Windows\System32\combase.dll
0x00007ffec6dc0000 - 0x00007ffec6dee000 	C:\Windows\SYSTEM32\Wldp.dll
0x00007ffec8e60000 - 0x00007ffec8f0d000 	C:\Windows\System32\SHCORE.dll
0x00007ffec8720000 - 0x00007ffec8775000 	C:\Windows\System32\shlwapi.dll
0x00007ffec72b0000 - 0x00007ffec72cf000 	C:\Windows\SYSTEM32\profapi.dll
0x00007ffec0810000 - 0x00007ffec082a000 	C:\Program Files\Android\Android Studio\jre\bin\net.dll
0x00007ffec1ca0000 - 0x00007ffec1daa000 	C:\Windows\SYSTEM32\WINHTTP.dll
0x00007ffec6b20000 - 0x00007ffec6b8a000 	C:\Windows\system32\mswsock.dll
0x00007ffebf2c0000 - 0x00007ffebf2d4000 	C:\Program Files\Android\Android Studio\jre\bin\nio.dll
0x00007ffeb4fd0000 - 0x00007ffeb4ff7000 	C:\Users\A\.gradle\native\e1d6ef7f7dcc3fd88c89a11ec53ec762bb8ba0a96d01ffa2cd45eb1d1d8dd5c5\windows-amd64\native-platform.dll
0x00007ffe99190000 - 0x00007ffe992d4000 	C:\Users\A\.gradle\native\5664cfc778a61ccfe75a443a1ab52a65af34e5dc3c78e0209fed803814484fcb\windows-amd64\native-platform-file-events.dll
0x00007ffec2b00000 - 0x00007ffec2b0a000 	C:\Program Files\Android\Android Studio\jre\bin\management.dll
0x00007ffec2a70000 - 0x00007ffec2a7d000 	C:\Program Files\Android\Android Studio\jre\bin\management_ext.dll
0x00007ffec6d10000 - 0x00007ffec6d28000 	C:\Windows\SYSTEM32\CRYPTSP.dll
0x00007ffec63d0000 - 0x00007ffec6404000 	C:\Windows\system32\rsaenh.dll
0x00007ffec7cc0000 - 0x00007ffec7ce7000 	C:\Windows\System32\bcrypt.dll
0x00007ffec7270000 - 0x00007ffec729e000 	C:\Windows\SYSTEM32\USERENV.dll
0x00007ffec6d30000 - 0x00007ffec6d3c000 	C:\Windows\SYSTEM32\CRYPTBASE.dll
0x00007ffec67c0000 - 0x00007ffec67fc000 	C:\Windows\SYSTEM32\IPHLPAPI.DLL
0x00007ffec90a0000 - 0x00007ffec90a8000 	C:\Windows\System32\NSI.dll
0x00007ffebd920000 - 0x00007ffebd937000 	C:\Windows\SYSTEM32\dhcpcsvc6.DLL
0x00007ffebda60000 - 0x00007ffebda7d000 	C:\Windows\SYSTEM32\dhcpcsvc.DLL
0x00007ffec6810000 - 0x00007ffec68da000 	C:\Windows\SYSTEM32\DNSAPI.dll

dbghelp: loaded successfully - version: 4.0.5 - missing functions: none
symbol engine: initialized successfully - sym options: 0x614 - pdb path: .;C:\Program Files\Android\Android Studio\jre\bin;C:\Windows\SYSTEM32;C:\Windows\WinSxS\amd64_microsoft.windows.common-controls_6595b64144ccf1df_6.0.19041.1110_none_60b5254171f9507e;C:\Program Files\Android\Android Studio\jre\bin\server;C:\Users\A\.gradle\native\e1d6ef7f7dcc3fd88c89a11ec53ec762bb8ba0a96d01ffa2cd45eb1d1d8dd5c5\windows-amd64;C:\Users\A\.gradle\native\5664cfc778a61ccfe75a443a1ab52a65af34e5dc3c78e0209fed803814484fcb\windows-amd64

VM Arguments:
jvm_args: -XX:MaxPermSize=512m -XX:+HeapDumpOnOutOfMemoryError --add-opens=java.base/java.util=ALL-UNNAMED --add-opens=java.base/java.lang=ALL-UNNAMED --add-opens=java.base/java.lang.invoke=ALL-UNNAMED --add-opens=java.base/java.util=ALL-UNNAMED --add-opens=java.prefs/java.util.prefs=ALL-UNNAMED --add-opens=java.prefs/java.util.prefs=ALL-UNNAMED --add-opens=java.base/java.nio.charset=ALL-UNNAMED --add-opens=java.base/java.net=ALL-UNNAMED --add-opens=java.base/java.util.concurrent.atomic=ALL-UNNAMED -Xmx2048m -Dfile.encoding=UTF-8 -Duser.country=GB -Duser.language=en -Duser.variant 
java_command: org.gradle.launcher.daemon.bootstrap.GradleDaemon 7.2
java_class_path (initial): C:\Users\A\.gradle\wrapper\dists\gradle-7.2-all\260hg96vuh6ex27h9vo47iv4d\gradle-7.2\lib\gradle-launcher-7.2.jar
Launcher Type: SUN_STANDARD

[Global flags]
     intx CICompilerCount                          = 4                                         {product} {ergonomic}
     uint ConcGCThreads                            = 2                                         {product} {ergonomic}
     uint G1ConcRefinementThreads                  = 8                                         {product} {ergonomic}
   size_t G1HeapRegionSize                         = 1048576                                   {product} {ergonomic}
    uintx GCDrainStackTargetSize                   = 64                                        {product} {ergonomic}
     bool HeapDumpOnOutOfMemoryError               = true                                   {manageable} {command line}
   size_t InitialHeapSize                          = 268435456                                 {product} {ergonomic}
   size_t MarkStackSize                            = 4194304                                   {product} {ergonomic}
   size_t MaxHeapSize                              = 2147483648                                {product} {command line}
   size_t MaxNewSize                               = 1287651328                                {product} {ergonomic}
   size_t MinHeapDeltaBytes                        = 1048576                                   {product} {ergonomic}
    uintx NonNMethodCodeHeapSize                   = 5836300                                {pd product} {ergonomic}
    uintx NonProfiledCodeHeapSize                  = 122910970                              {pd product} {ergonomic}
    uintx ProfiledCodeHeapSize                     = 122910970                              {pd product} {ergonomic}
    uintx ReservedCodeCacheSize                    = 251658240                              {pd product} {ergonomic}
     bool SegmentedCodeCache                       = true                                      {product} {ergonomic}
     bool UseCompressedClassPointers               = true                                 {lp64_product} {ergonomic}
     bool UseCompressedOops                        = true                                 {lp64_product} {ergonomic}
     bool UseG1GC                                  = true                                      {product} {ergonomic}
     bool UseLargePagesIndividualAllocation        = false                                  {pd product} {ergonomic}

Logging:
Log output configuration:
 #0: stdout all=warning uptime,level,tags
 #1: stderr all=off uptime,level,tags

Environment Variables:
JAVA_HOME=C:\Program Files\Java\jdk-11.0.15.1
PATH=C:\Program Files\Git;C:\Program Files\Common Files\Oracle\Java\javapath;C:\Windows\system32;C:\Windows;C:\Windows\System32\Wbem;C:\Windows\System32\WindowsPowerShell\v1.0\;C:\Windows\System32\OpenSSH\;C:\Program Files\Java\jdk-11.0.15.1\;C:\Program Files\Git\cmd;C:\Program Files\PostgreSQL\16\bin;C:\Program Files\dotnet\;C:\hapi-fhir-jpaserver-starter-master;C:\Program Files (x86)\Intel\Intel(R) Management Engine Components\DAL;C:\Program Files\Intel\Intel(R) Management Engine Components\DAL;C:\Program Files\PuTTY\;C:\Program Files\nodejs\;C:\opt\payara5\bin;C:\Program Files\MySQL\MySQL Shell 8.0\bin\;C:\Users\A\AppData\Local\Microsoft\WindowsApps;C:\Users\A\AppData\Local\Programs\Microsoft VS Code\bin;C:\Program Files\Java\jdk-11.0.15.1\bin;C:\apache-maven-3.8.6\bin;C:\Users\A\.dotnet\tools;C:\Program Files\JetBrains\IntelliJ IDEA Community Edition 2022.2.3\bin;;C:\Program Files\nodejs\;C:\Users\A\AppData\Local\GitHubDesktop\bin;C:\Users\A\AppData\Roaming\npm;C:\opt\payara5\bin;
USERNAME=A
OS=Windows_NT
PROCESSOR_IDENTIFIER=Intel64 Family 6 Model 142 Stepping 10, GenuineIntel



---------------  S Y S T E M  ---------------

OS: Windows 10 , 64 bit Build 19041 (10.0.19041.3031)
OS uptime: 0 days 12:44 hours

CPU:total 8 (initial active 8) (4 cores per cpu, 2 threads per core) family 6 model 142 stepping 10 microcode 0xf0, cmov, cx8, fxsr, mmx, sse, sse2, sse3, ssse3, sse4.1, sse4.2, popcnt, avx, avx2, aes, clmul, erms, rtm, 3dnowpref, lzcnt, ht, tsc, tscinvbit, bmi1, bmi2, adx, fma

Memory: 4k page, system-wide physical 16262M (2090M free)
TotalPageFile size 22311M (AvailPageFile size 0M)
current process WorkingSet (physical memory assigned to process): 489M, peak: 495M
current process commit charge ("private bytes"): 553M, peak: 560M

vm_info: OpenJDK 64-Bit Server VM (11.0.13+0-b1751.21-8125866) for windows-amd64 JRE (11.0.13+0-b1751.21-8125866), built on Feb  2 2022 03:00:22 by "builder" with MS VC++ 14.0 (VS2015)

END.
